2024-03-04 05:24:38,342 [Worker-7: Loading available Gradle versions] INFO  o.e.b.c.i.u.g.PublishedGradleVersions - Gradle version information cache is up-to-date. Trying to read.
2024-03-04 05:25:09,909 [Worker-12: Building] INFO  o.e.m.c.i.e.AbstractTransferListenerAdapter - Downloaded https://gitlab.com/api/v4/projects/21460324/packages/maven/org/apache/maven/plugins/maven-dependency-plugin/3.1.2/maven-dependency-plugin-3.1.2.pom
2024-03-04 05:25:10,068 [Worker-12: Building] INFO  o.e.m.c.i.e.AbstractTransferListenerAdapter - Downloading https://repo.maven.apache.org/maven2/org/apache/maven/plugins/maven-dependency-plugin/3.1.2/maven-dependency-plugin-3.1.2.pom
2024-03-04 05:25:10,133 [Worker-12: Building] INFO  o.e.m.c.i.e.AbstractTransferListenerAdapter - Downloaded https://repo.maven.apache.org/maven2/org/apache/maven/plugins/maven-dependency-plugin/3.1.2/maven-dependency-plugin-3.1.2.pom
2024-03-04 05:25:10,566 [Worker-12: Building] INFO  o.e.m.c.i.e.AbstractTransferListenerAdapter - Downloaded https://gitlab.com/api/v4/projects/21460324/packages/maven/org/apache/maven/plugins/maven-dependency-plugin/3.1.2/maven-dependency-plugin-3.1.2.jar
2024-03-04 05:25:10,590 [Worker-12: Building] INFO  o.e.m.c.i.e.AbstractTransferListenerAdapter - Downloading https://repo.maven.apache.org/maven2/org/apache/maven/plugins/maven-dependency-plugin/3.1.2/maven-dependency-plugin-3.1.2.jar
2024-03-04 05:25:10,655 [Worker-12: Building] INFO  o.e.m.c.i.e.AbstractTransferListenerAdapter - Downloaded https://repo.maven.apache.org/maven2/org/apache/maven/plugins/maven-dependency-plugin/3.1.2/maven-dependency-plugin-3.1.2.jar
2024-03-04 05:25:13,011 [Worker-12: Building] INFO  o.e.m.c.i.l.LifecycleMappingFactory - Using org.eclipse.m2e.jdt.JarLifecycleMapping lifecycle mapping for MavenProject: uk.ac.aston.oop:uk.ac.aston.oop.jcf:0.0.1-SNAPSHOT @ C:\Users\muham\OneDrive - Aston University\Desktop\Comp Sci Degree Docs\Teaching term 2\CS1OOP\JavaWeek18\uk.ac.aston.oop.jcf\pom.xml.
2024-03-04 05:25:13,250 [Worker-12: Building] INFO  o.e.m.c.i.e.AbstractTransferListenerAdapter - Downloading https://repo.maven.apache.org/maven2/org/openjdk/jmh/jmh-core/1.28/jmh-core-1.28.pom
2024-03-04 05:25:13,280 [Worker-12: Building] INFO  o.e.m.c.i.e.AbstractTransferListenerAdapter - Downloaded https://repo.maven.apache.org/maven2/org/openjdk/jmh/jmh-core/1.28/jmh-core-1.28.pom
2024-03-04 05:25:13,307 [Worker-12: Building] INFO  o.e.m.c.i.e.AbstractTransferListenerAdapter - Downloading https://repo.maven.apache.org/maven2/org/openjdk/jmh/jmh-parent/1.28/jmh-parent-1.28.pom
2024-03-04 05:25:13,357 [Worker-12: Building] INFO  o.e.m.c.i.e.AbstractTransferListenerAdapter - Downloaded https://repo.maven.apache.org/maven2/org/openjdk/jmh/jmh-parent/1.28/jmh-parent-1.28.pom
2024-03-04 05:25:13,389 [Worker-12: Building] INFO  o.e.m.c.i.e.AbstractTransferListenerAdapter - Downloading https://repo.maven.apache.org/maven2/net/sf/jopt-simple/jopt-simple/4.6/jopt-simple-4.6.pom
2024-03-04 05:25:13,416 [Worker-12: Building] INFO  o.e.m.c.i.e.AbstractTransferListenerAdapter - Downloaded https://repo.maven.apache.org/maven2/net/sf/jopt-simple/jopt-simple/4.6/jopt-simple-4.6.pom
2024-03-04 05:25:13,456 [Worker-12: Building] INFO  o.e.m.c.i.e.AbstractTransferListenerAdapter - Downloading https://repo.maven.apache.org/maven2/org/apache/commons/commons-math3/3.2/commons-math3-3.2.pom
2024-03-04 05:25:13,482 [Worker-12: Building] INFO  o.e.m.c.i.e.AbstractTransferListenerAdapter - Downloaded https://repo.maven.apache.org/maven2/org/apache/commons/commons-math3/3.2/commons-math3-3.2.pom
2024-03-04 05:25:13,526 [Worker-12: Building] INFO  o.e.m.c.i.e.AbstractTransferListenerAdapter - Downloading https://repo.maven.apache.org/maven2/org/apache/commons/commons-parent/28/commons-parent-28.pom
2024-03-04 05:25:13,564 [Worker-12: Building] INFO  o.e.m.c.i.e.AbstractTransferListenerAdapter - Downloaded https://repo.maven.apache.org/maven2/org/apache/commons/commons-parent/28/commons-parent-28.pom
2024-03-04 05:25:13,599 [Worker-12: Building] INFO  o.e.m.c.i.e.AbstractTransferListenerAdapter - Downloading https://repo.maven.apache.org/maven2/org/openjdk/jmh/jmh-generator-annprocess/1.28/jmh-generator-annprocess-1.28.pom
2024-03-04 05:25:13,620 [Worker-12: Building] INFO  o.e.m.c.i.e.AbstractTransferListenerAdapter - Downloaded https://repo.maven.apache.org/maven2/org/openjdk/jmh/jmh-generator-annprocess/1.28/jmh-generator-annprocess-1.28.pom
2024-03-04 05:25:13,726 [AetherRepositoryConnector-repo.maven.apache.org-0-3] INFO  o.e.m.c.i.e.AbstractTransferListenerAdapter - Downloading https://repo.maven.apache.org/maven2/org/openjdk/jmh/jmh-generator-annprocess/1.28/jmh-generator-annprocess-1.28.jar
2024-03-04 05:25:13,730 [AetherRepositoryConnector-repo.maven.apache.org-0-1] INFO  o.e.m.c.i.e.AbstractTransferListenerAdapter - Downloading https://repo.maven.apache.org/maven2/net/sf/jopt-simple/jopt-simple/4.6/jopt-simple-4.6.jar
2024-03-04 05:25:13,733 [AetherRepositoryConnector-repo.maven.apache.org-0-2] INFO  o.e.m.c.i.e.AbstractTransferListenerAdapter - Downloading https://repo.maven.apache.org/maven2/org/apache/commons/commons-math3/3.2/commons-math3-3.2.jar
2024-03-04 05:25:13,776 [AetherRepositoryConnector-repo.maven.apache.org-0-3] INFO  o.e.m.c.i.e.AbstractTransferListenerAdapter - Downloaded https://repo.maven.apache.org/maven2/org/openjdk/jmh/jmh-generator-annprocess/1.28/jmh-generator-annprocess-1.28.jar
2024-03-04 05:25:13,781 [AetherRepositoryConnector-repo.maven.apache.org-0-1] INFO  o.e.m.c.i.e.AbstractTransferListenerAdapter - Downloaded https://repo.maven.apache.org/maven2/net/sf/jopt-simple/jopt-simple/4.6/jopt-simple-4.6.jar
2024-03-04 05:25:13,854 [AetherRepositoryConnector-repo.maven.apache.org-0-2] INFO  o.e.m.c.i.e.AbstractTransferListenerAdapter - Downloaded https://repo.maven.apache.org/maven2/org/apache/commons/commons-math3/3.2/commons-math3-3.2.jar
2024-03-04 05:25:13,861 [AetherRepositoryConnector-repo.maven.apache.org-0-0] INFO  o.e.m.c.i.e.AbstractTransferListenerAdapter - Downloading https://repo.maven.apache.org/maven2/org/openjdk/jmh/jmh-core/1.28/jmh-core-1.28.jar
2024-03-04 05:25:13,900 [AetherRepositoryConnector-repo.maven.apache.org-0-0] INFO  o.e.m.c.i.e.AbstractTransferListenerAdapter - Downloaded https://repo.maven.apache.org/maven2/org/openjdk/jmh/jmh-core/1.28/jmh-core-1.28.jar
2024-03-04 05:25:15,620 [Worker-12: Building] INFO  o.a.m.s.f.DefaultMavenResourcesFiltering - Copying 1 resource from resources to target\classes
2024-03-04 05:25:15,644 [Worker-12: Building] INFO  o.a.m.s.f.DefaultMavenResourcesFiltering - skip non existing resourceDirectory C:\Users\muham\OneDrive - Aston University\Desktop\Comp Sci Degree Docs\Teaching term 2\CS1OOP\JavaWeek18\uk.ac.aston.oop.jcf\src\test\resources
2024-03-04 05:25:16,387 [Worker-32: Download sources and javadoc] INFO  o.e.m.c.i.e.AbstractTransferListenerAdapter - Downloading https://repo.maven.apache.org/maven2/org/openjdk/jmh/jmh-core/1.28/jmh-core-1.28-sources.jar
2024-03-04 05:25:16,453 [Worker-32: Download sources and javadoc] INFO  o.e.m.c.i.e.AbstractTransferListenerAdapter - Downloaded https://repo.maven.apache.org/maven2/org/openjdk/jmh/jmh-core/1.28/jmh-core-1.28-sources.jar
2024-03-04 05:25:16,461 [Worker-32: Download sources and javadoc] INFO  o.e.m.j.internal.DownloadSourcesJob - Downloaded sources for org.openjdk.jmh:jmh-core:1.28
2024-03-04 05:25:16,546 [Worker-32: Download sources and javadoc] INFO  o.e.m.c.i.e.AbstractTransferListenerAdapter - Downloading https://repo.maven.apache.org/maven2/net/sf/jopt-simple/jopt-simple/4.6/jopt-simple-4.6-sources.jar
2024-03-04 05:25:16,583 [Worker-32: Download sources and javadoc] INFO  o.e.m.c.i.e.AbstractTransferListenerAdapter - Downloaded https://repo.maven.apache.org/maven2/net/sf/jopt-simple/jopt-simple/4.6/jopt-simple-4.6-sources.jar
2024-03-04 05:25:16,605 [Worker-32: Download sources and javadoc] INFO  o.e.m.j.internal.DownloadSourcesJob - Downloaded sources for net.sf.jopt-simple:jopt-simple:4.6
2024-03-04 05:25:16,682 [Worker-32: Download sources and javadoc] INFO  o.e.m.c.i.e.AbstractTransferListenerAdapter - Downloading https://repo.maven.apache.org/maven2/org/apache/commons/commons-math3/3.2/commons-math3-3.2-sources.jar
2024-03-04 05:25:16,809 [Worker-32: Download sources and javadoc] INFO  o.e.m.c.i.e.AbstractTransferListenerAdapter - Downloaded https://repo.maven.apache.org/maven2/org/apache/commons/commons-math3/3.2/commons-math3-3.2-sources.jar
2024-03-04 05:25:16,818 [Worker-32: Download sources and javadoc] INFO  o.e.m.j.internal.DownloadSourcesJob - Downloaded sources for org.apache.commons:commons-math3:3.2
2024-03-04 05:25:16,889 [Worker-32: Download sources and javadoc] INFO  o.e.m.c.i.e.AbstractTransferListenerAdapter - Downloading https://repo.maven.apache.org/maven2/org/openjdk/jmh/jmh-generator-annprocess/1.28/jmh-generator-annprocess-1.28-sources.jar
2024-03-04 05:25:16,928 [Worker-32: Download sources and javadoc] INFO  o.e.m.c.i.e.AbstractTransferListenerAdapter - Downloaded https://repo.maven.apache.org/maven2/org/openjdk/jmh/jmh-generator-annprocess/1.28/jmh-generator-annprocess-1.28-sources.jar
2024-03-04 05:25:16,939 [Worker-32: Download sources and javadoc] INFO  o.e.m.j.internal.DownloadSourcesJob - Downloaded sources for org.openjdk.jmh:jmh-generator-annprocess:1.28
2024-03-04 05:33:52,162 [Worker-36: Building] INFO  o.a.m.s.f.DefaultMavenResourcesFiltering - Copying 1 resource from resources to target\classes
2024-03-04 05:33:52,172 [Worker-36: Building] INFO  o.a.m.s.f.DefaultMavenResourcesFiltering - skip non existing resourceDirectory C:\Users\muham\OneDrive - Aston University\Desktop\Comp Sci Degree Docs\Teaching term 2\CS1OOP\JavaWeek18\uk.ac.aston.oop.jcf\src\test\resources
2024-03-04 05:46:07,490 [Worker-36: Building] INFO  o.a.m.s.f.DefaultMavenResourcesFiltering - Copying 1 resource from resources to target\classes
2024-03-04 05:46:07,494 [Worker-36: Building] INFO  o.a.m.s.f.DefaultMavenResourcesFiltering - skip non existing resourceDirectory C:\Users\muham\OneDrive - Aston University\Desktop\Comp Sci Degree Docs\Teaching term 2\CS1OOP\JavaWeek18\uk.ac.aston.oop.jcf\src\test\resources
2024-03-04 05:47:05,642 [Worker-21: Building] INFO  o.a.m.s.f.DefaultMavenResourcesFiltering - Copying 1 resource from resources to target\classes
2024-03-04 05:47:05,648 [Worker-21: Building] INFO  o.a.m.s.f.DefaultMavenResourcesFiltering - skip non existing resourceDirectory C:\Users\muham\OneDrive - Aston University\Desktop\Comp Sci Degree Docs\Teaching term 2\CS1OOP\JavaWeek18\uk.ac.aston.oop.jcf\src\test\resources
2024-03-04 05:56:46,204 [Worker-21: Building] INFO  o.a.m.s.f.DefaultMavenResourcesFiltering - Copying 1 resource from resources to target\classes
2024-03-04 05:56:46,209 [Worker-21: Building] INFO  o.a.m.s.f.DefaultMavenResourcesFiltering - skip non existing resourceDirectory C:\Users\muham\OneDrive - Aston University\Desktop\Comp Sci Degree Docs\Teaching term 2\CS1OOP\JavaWeek18\uk.ac.aston.oop.jcf\src\test\resources
2024-03-04 06:02:50,101 [Worker-39: Building] INFO  o.a.m.s.f.DefaultMavenResourcesFiltering - Copying 1 resource from resources to target\classes
2024-03-04 06:02:50,106 [Worker-39: Building] INFO  o.a.m.s.f.DefaultMavenResourcesFiltering - skip non existing resourceDirectory C:\Users\muham\OneDrive - Aston University\Desktop\Comp Sci Degree Docs\Teaching term 2\CS1OOP\JavaWeek18\uk.ac.aston.oop.jcf\src\test\resources
2024-03-04 06:03:18,517 [Worker-36: Building] INFO  o.a.m.s.f.DefaultMavenResourcesFiltering - Copying 1 resource from resources to target\classes
2024-03-04 06:03:18,522 [Worker-36: Building] INFO  o.a.m.s.f.DefaultMavenResourcesFiltering - skip non existing resourceDirectory C:\Users\muham\OneDrive - Aston University\Desktop\Comp Sci Degree Docs\Teaching term 2\CS1OOP\JavaWeek18\uk.ac.aston.oop.jcf\src\test\resources
2024-03-04 06:09:46,790 [Worker-21: Building] INFO  o.a.m.s.f.DefaultMavenResourcesFiltering - Copying 1 resource from resources to target\classes
2024-03-04 06:09:46,798 [Worker-21: Building] INFO  o.a.m.s.f.DefaultMavenResourcesFiltering - skip non existing resourceDirectory C:\Users\muham\OneDrive - Aston University\Desktop\Comp Sci Degree Docs\Teaching term 2\CS1OOP\JavaWeek18\uk.ac.aston.oop.jcf\src\test\resources
2024-03-04 06:13:01,291 [Worker-36: Building] INFO  o.a.m.s.f.DefaultMavenResourcesFiltering - Copying 1 resource from resources to target\classes
2024-03-04 06:13:01,296 [Worker-36: Building] INFO  o.a.m.s.f.DefaultMavenResourcesFiltering - skip non existing resourceDirectory C:\Users\muham\OneDrive - Aston University\Desktop\Comp Sci Degree Docs\Teaching term 2\CS1OOP\JavaWeek18\uk.ac.aston.oop.jcf\src\test\resources
2024-03-04 06:16:04,176 [Worker-42: Building] INFO  o.a.m.s.f.DefaultMavenResourcesFiltering - Copying 1 resource from resources to target\classes
2024-03-04 06:16:04,182 [Worker-42: Building] INFO  o.a.m.s.f.DefaultMavenResourcesFiltering - skip non existing resourceDirectory C:\Users\muham\OneDrive - Aston University\Desktop\Comp Sci Degree Docs\Teaching term 2\CS1OOP\JavaWeek18\uk.ac.aston.oop.jcf\src\test\resources
2024-03-04 06:16:56,401 [Worker-36: Building] INFO  o.a.m.s.f.DefaultMavenResourcesFiltering - Copying 1 resource from resources to target\classes
2024-03-04 06:16:56,407 [Worker-36: Building] INFO  o.a.m.s.f.DefaultMavenResourcesFiltering - skip non existing resourceDirectory C:\Users\muham\OneDrive - Aston University\Desktop\Comp Sci Degree Docs\Teaching term 2\CS1OOP\JavaWeek18\uk.ac.aston.oop.jcf\src\test\resources
2024-03-04 06:17:07,119 [Worker-42: Building] INFO  o.a.m.s.f.DefaultMavenResourcesFiltering - Copying 1 resource from resources to target\classes
2024-03-04 06:17:07,123 [Worker-42: Building] INFO  o.a.m.s.f.DefaultMavenResourcesFiltering - skip non existing resourceDirectory C:\Users\muham\OneDrive - Aston University\Desktop\Comp Sci Degree Docs\Teaching term 2\CS1OOP\JavaWeek18\uk.ac.aston.oop.jcf\src\test\resources
2024-03-04 06:17:54,133 [Worker-42: Building] INFO  o.a.m.s.f.DefaultMavenResourcesFiltering - Copying 1 resource from resources to target\classes
2024-03-04 06:17:54,138 [Worker-42: Building] INFO  o.a.m.s.f.DefaultMavenResourcesFiltering - skip non existing resourceDirectory C:\Users\muham\OneDrive - Aston University\Desktop\Comp Sci Degree Docs\Teaching term 2\CS1OOP\JavaWeek18\uk.ac.aston.oop.jcf\src\test\resources
2024-03-04 06:20:48,710 [Worker-21: Building] INFO  o.a.m.s.f.DefaultMavenResourcesFiltering - Copying 1 resource from resources to target\classes
2024-03-04 06:20:48,715 [Worker-21: Building] INFO  o.a.m.s.f.DefaultMavenResourcesFiltering - skip non existing resourceDirectory C:\Users\muham\OneDrive - Aston University\Desktop\Comp Sci Degree Docs\Teaching term 2\CS1OOP\JavaWeek18\uk.ac.aston.oop.jcf\src\test\resources
2024-03-04 06:21:13,975 [Worker-41: Building] INFO  o.a.m.s.f.DefaultMavenResourcesFiltering - Copying 1 resource from resources to target\classes
2024-03-04 06:21:13,981 [Worker-41: Building] INFO  o.a.m.s.f.DefaultMavenResourcesFiltering - skip non existing resourceDirectory C:\Users\muham\OneDrive - Aston University\Desktop\Comp Sci Degree Docs\Teaching term 2\CS1OOP\JavaWeek18\uk.ac.aston.oop.jcf\src\test\resources
2024-03-04 06:26:36,027 [Worker-21: Building] INFO  o.a.m.s.f.DefaultMavenResourcesFiltering - Copying 1 resource from resources to target\classes
2024-03-04 06:26:36,036 [Worker-21: Building] INFO  o.a.m.s.f.DefaultMavenResourcesFiltering - skip non existing resourceDirectory C:\Users\muham\OneDrive - Aston University\Desktop\Comp Sci Degree Docs\Teaching term 2\CS1OOP\JavaWeek18\uk.ac.aston.oop.jcf\src\test\resources
2024-03-04 06:28:37,147 [Worker-36: Building] INFO  o.a.m.s.f.DefaultMavenResourcesFiltering - Copying 1 resource from resources to target\classes
2024-03-04 06:28:37,152 [Worker-36: Building] INFO  o.a.m.s.f.DefaultMavenResourcesFiltering - skip non existing resourceDirectory C:\Users\muham\OneDrive - Aston University\Desktop\Comp Sci Degree Docs\Teaching term 2\CS1OOP\JavaWeek18\uk.ac.aston.oop.jcf\src\test\resources
2024-03-04 06:34:01,166 [Worker-27: Building] INFO  o.a.m.s.f.DefaultMavenResourcesFiltering - Copying 1 resource from resources to target\classes
2024-03-04 06:34:01,171 [Worker-27: Building] INFO  o.a.m.s.f.DefaultMavenResourcesFiltering - skip non existing resourceDirectory C:\Users\muham\OneDrive - Aston University\Desktop\Comp Sci Degree Docs\Teaching term 2\CS1OOP\JavaWeek18\uk.ac.aston.oop.jcf\src\test\resources
2024-03-04 06:38:50,887 [Worker-45: Building] INFO  o.a.m.s.f.DefaultMavenResourcesFiltering - Copying 1 resource from resources to target\classes
2024-03-04 06:38:50,893 [Worker-45: Building] INFO  o.a.m.s.f.DefaultMavenResourcesFiltering - skip non existing resourceDirectory C:\Users\muham\OneDrive - Aston University\Desktop\Comp Sci Degree Docs\Teaching term 2\CS1OOP\JavaWeek18\uk.ac.aston.oop.jcf\src\test\resources
2024-03-04 06:40:46,990 [Worker-43: Building] INFO  o.a.m.s.f.DefaultMavenResourcesFiltering - Copying 1 resource from resources to target\classes
2024-03-04 06:40:46,995 [Worker-43: Building] INFO  o.a.m.s.f.DefaultMavenResourcesFiltering - skip non existing resourceDirectory C:\Users\muham\OneDrive - Aston University\Desktop\Comp Sci Degree Docs\Teaching term 2\CS1OOP\JavaWeek18\uk.ac.aston.oop.jcf\src\test\resources
2024-03-04 06:41:07,384 [Worker-43: Launching Run List benchmarks] INFO  o.eclipse.m2e.core.internal.Bundles - getClasspathEntries(Bundle=org.eclipse.m2e.maven.runtime_3.9.400.20230826-0755 [297])
2024-03-04 06:41:07,388 [Worker-43: Launching Run List benchmarks] INFO  o.eclipse.m2e.core.internal.Bundles - 	Entry: C:\Users\muham\.p2\pool\plugins\org.eclipse.m2e.maven.runtime_3.9.400.20230826-0755
2024-03-04 06:41:07,389 [Worker-43: Launching Run List benchmarks] INFO  o.eclipse.m2e.core.internal.Bundles - 	Entry: C:\Users\muham\.p2\pool\plugins\org.eclipse.m2e.maven.runtime_3.9.400.20230826-0755\jars\aether-connector-okhttp-0.17.8.jar
2024-03-04 06:41:07,390 [Worker-43: Launching Run List benchmarks] INFO  o.eclipse.m2e.core.internal.Bundles - 	Entry: C:\Users\muham\.p2\pool\plugins\org.eclipse.m2e.maven.runtime_3.9.400.20230826-0755\jars\aopalliance-1.0.jar
2024-03-04 06:41:07,391 [Worker-43: Launching Run List benchmarks] INFO  o.eclipse.m2e.core.internal.Bundles - 	Entry: C:\Users\muham\.p2\pool\plugins\org.eclipse.m2e.maven.runtime_3.9.400.20230826-0755\jars\commons-lang3-3.12.0.jar
2024-03-04 06:41:07,391 [Worker-43: Launching Run List benchmarks] INFO  o.eclipse.m2e.core.internal.Bundles - 	Entry: C:\Users\muham\.p2\pool\plugins\org.eclipse.m2e.maven.runtime_3.9.400.20230826-0755\jars\guice-5.1.0.jar
2024-03-04 06:41:07,392 [Worker-43: Launching Run List benchmarks] INFO  o.eclipse.m2e.core.internal.Bundles - 	Entry: C:\Users\muham\.p2\pool\plugins\org.eclipse.m2e.maven.runtime_3.9.400.20230826-0755\jars\jansi-2.4.0.jar
2024-03-04 06:41:07,392 [Worker-43: Launching Run List benchmarks] INFO  o.eclipse.m2e.core.internal.Bundles - 	Entry: C:\Users\muham\.p2\pool\plugins\org.eclipse.m2e.maven.runtime_3.9.400.20230826-0755\jars\maven-artifact-3.9.4.jar
2024-03-04 06:41:07,392 [Worker-43: Launching Run List benchmarks] INFO  o.eclipse.m2e.core.internal.Bundles - 	Entry: C:\Users\muham\.p2\pool\plugins\org.eclipse.m2e.maven.runtime_3.9.400.20230826-0755\jars\maven-builder-support-3.9.4.jar
2024-03-04 06:41:07,393 [Worker-43: Launching Run List benchmarks] INFO  o.eclipse.m2e.core.internal.Bundles - 	Entry: C:\Users\muham\.p2\pool\plugins\org.eclipse.m2e.maven.runtime_3.9.400.20230826-0755\jars\maven-compat-3.9.4.jar
2024-03-04 06:41:07,393 [Worker-43: Launching Run List benchmarks] INFO  o.eclipse.m2e.core.internal.Bundles - 	Entry: C:\Users\muham\.p2\pool\plugins\org.eclipse.m2e.maven.runtime_3.9.400.20230826-0755\jars\maven-core-3.9.4.jar
2024-03-04 06:41:07,393 [Worker-43: Launching Run List benchmarks] INFO  o.eclipse.m2e.core.internal.Bundles - 	Entry: C:\Users\muham\.p2\pool\plugins\org.eclipse.m2e.maven.runtime_3.9.400.20230826-0755\jars\maven-embedder-3.9.4.jar
2024-03-04 06:41:07,395 [Worker-43: Launching Run List benchmarks] INFO  o.eclipse.m2e.core.internal.Bundles - 	Entry: C:\Users\muham\.p2\pool\plugins\org.eclipse.m2e.maven.runtime_3.9.400.20230826-0755\jars\maven-model-3.9.4.jar
2024-03-04 06:41:07,395 [Worker-43: Launching Run List benchmarks] INFO  o.eclipse.m2e.core.internal.Bundles - 	Entry: C:\Users\muham\.p2\pool\plugins\org.eclipse.m2e.maven.runtime_3.9.400.20230826-0755\jars\maven-model-builder-3.9.4.jar
2024-03-04 06:41:07,395 [Worker-43: Launching Run List benchmarks] INFO  o.eclipse.m2e.core.internal.Bundles - 	Entry: C:\Users\muham\.p2\pool\plugins\org.eclipse.m2e.maven.runtime_3.9.400.20230826-0755\jars\maven-plugin-api-3.9.4.jar
2024-03-04 06:41:07,396 [Worker-43: Launching Run List benchmarks] INFO  o.eclipse.m2e.core.internal.Bundles - 	Entry: C:\Users\muham\.p2\pool\plugins\org.eclipse.m2e.maven.runtime_3.9.400.20230826-0755\jars\maven-repository-metadata-3.9.4.jar
2024-03-04 06:41:07,396 [Worker-43: Launching Run List benchmarks] INFO  o.eclipse.m2e.core.internal.Bundles - 	Entry: C:\Users\muham\.p2\pool\plugins\org.eclipse.m2e.maven.runtime_3.9.400.20230826-0755\jars\maven-resolver-api-1.9.14.jar
2024-03-04 06:41:07,397 [Worker-43: Launching Run List benchmarks] INFO  o.eclipse.m2e.core.internal.Bundles - 	Entry: C:\Users\muham\.p2\pool\plugins\org.eclipse.m2e.maven.runtime_3.9.400.20230826-0755\jars\maven-resolver-connector-basic-1.9.14.jar
2024-03-04 06:41:07,397 [Worker-43: Launching Run List benchmarks] INFO  o.eclipse.m2e.core.internal.Bundles - 	Entry: C:\Users\muham\.p2\pool\plugins\org.eclipse.m2e.maven.runtime_3.9.400.20230826-0755\jars\maven-resolver-impl-1.9.14.jar
2024-03-04 06:41:07,397 [Worker-43: Launching Run List benchmarks] INFO  o.eclipse.m2e.core.internal.Bundles - 	Entry: C:\Users\muham\.p2\pool\plugins\org.eclipse.m2e.maven.runtime_3.9.400.20230826-0755\jars\maven-resolver-named-locks-1.9.14.jar
2024-03-04 06:41:07,398 [Worker-43: Launching Run List benchmarks] INFO  o.eclipse.m2e.core.internal.Bundles - 	Entry: C:\Users\muham\.p2\pool\plugins\org.eclipse.m2e.maven.runtime_3.9.400.20230826-0755\jars\maven-resolver-provider-3.9.4.jar
2024-03-04 06:41:07,398 [Worker-43: Launching Run List benchmarks] INFO  o.eclipse.m2e.core.internal.Bundles - 	Entry: C:\Users\muham\.p2\pool\plugins\org.eclipse.m2e.maven.runtime_3.9.400.20230826-0755\jars\maven-resolver-spi-1.9.14.jar
2024-03-04 06:41:07,398 [Worker-43: Launching Run List benchmarks] INFO  o.eclipse.m2e.core.internal.Bundles - 	Entry: C:\Users\muham\.p2\pool\plugins\org.eclipse.m2e.maven.runtime_3.9.400.20230826-0755\jars\maven-resolver-transport-wagon-1.9.14.jar
2024-03-04 06:41:07,399 [Worker-43: Launching Run List benchmarks] INFO  o.eclipse.m2e.core.internal.Bundles - 	Entry: C:\Users\muham\.p2\pool\plugins\org.eclipse.m2e.maven.runtime_3.9.400.20230826-0755\jars\maven-resolver-util-1.9.14.jar
2024-03-04 06:41:07,399 [Worker-43: Launching Run List benchmarks] INFO  o.eclipse.m2e.core.internal.Bundles - 	Entry: C:\Users\muham\.p2\pool\plugins\org.eclipse.m2e.maven.runtime_3.9.400.20230826-0755\jars\maven-settings-3.9.4.jar
2024-03-04 06:41:07,399 [Worker-43: Launching Run List benchmarks] INFO  o.eclipse.m2e.core.internal.Bundles - 	Entry: C:\Users\muham\.p2\pool\plugins\org.eclipse.m2e.maven.runtime_3.9.400.20230826-0755\jars\maven-settings-builder-3.9.4.jar
2024-03-04 06:41:07,400 [Worker-43: Launching Run List benchmarks] INFO  o.eclipse.m2e.core.internal.Bundles - 	Entry: C:\Users\muham\.p2\pool\plugins\org.eclipse.m2e.maven.runtime_3.9.400.20230826-0755\jars\maven-shared-utils-3.3.4.jar
2024-03-04 06:41:07,400 [Worker-43: Launching Run List benchmarks] INFO  o.eclipse.m2e.core.internal.Bundles - 	Entry: C:\Users\muham\.p2\pool\plugins\org.eclipse.m2e.maven.runtime_3.9.400.20230826-0755\jars\okhttp-3.14.1.jar
2024-03-04 06:41:07,401 [Worker-43: Launching Run List benchmarks] INFO  o.eclipse.m2e.core.internal.Bundles - 	Entry: C:\Users\muham\.p2\pool\plugins\org.eclipse.m2e.maven.runtime_3.9.400.20230826-0755\jars\okio-1.17.3.jar
2024-03-04 06:41:07,401 [Worker-43: Launching Run List benchmarks] INFO  o.eclipse.m2e.core.internal.Bundles - 	Entry: C:\Users\muham\.p2\pool\plugins\org.eclipse.m2e.maven.runtime_3.9.400.20230826-0755\jars\org.eclipse.sisu.inject-0.3.5.jar
2024-03-04 06:41:07,401 [Worker-43: Launching Run List benchmarks] INFO  o.eclipse.m2e.core.internal.Bundles - 	Entry: C:\Users\muham\.p2\pool\plugins\org.eclipse.m2e.maven.runtime_3.9.400.20230826-0755\jars\org.eclipse.sisu.plexus-0.3.5.jar
2024-03-04 06:41:07,401 [Worker-43: Launching Run List benchmarks] INFO  o.eclipse.m2e.core.internal.Bundles - 	Entry: C:\Users\muham\.p2\pool\plugins\org.eclipse.m2e.maven.runtime_3.9.400.20230826-0755\jars\plexus-build-api-0.0.7.jar
2024-03-04 06:41:07,402 [Worker-43: Launching Run List benchmarks] INFO  o.eclipse.m2e.core.internal.Bundles - 	Entry: C:\Users\muham\.p2\pool\plugins\org.eclipse.m2e.maven.runtime_3.9.400.20230826-0755\jars\plexus-cipher-2.0.jar
2024-03-04 06:41:07,403 [Worker-43: Launching Run List benchmarks] INFO  o.eclipse.m2e.core.internal.Bundles - 	Entry: C:\Users\muham\.p2\pool\plugins\org.eclipse.m2e.maven.runtime_3.9.400.20230826-0755\jars\plexus-classworlds-2.7.0.jar
2024-03-04 06:41:07,403 [Worker-43: Launching Run List benchmarks] INFO  o.eclipse.m2e.core.internal.Bundles - 	Entry: C:\Users\muham\.p2\pool\plugins\org.eclipse.m2e.maven.runtime_3.9.400.20230826-0755\jars\plexus-component-annotations-2.1.0.jar
2024-03-04 06:41:07,403 [Worker-43: Launching Run List benchmarks] INFO  o.eclipse.m2e.core.internal.Bundles - 	Entry: C:\Users\muham\.p2\pool\plugins\org.eclipse.m2e.maven.runtime_3.9.400.20230826-0755\jars\plexus-interpolation-1.26.jar
2024-03-04 06:41:07,403 [Worker-43: Launching Run List benchmarks] INFO  o.eclipse.m2e.core.internal.Bundles - 	Entry: C:\Users\muham\.p2\pool\plugins\org.eclipse.m2e.maven.runtime_3.9.400.20230826-0755\jars\plexus-sec-dispatcher-2.0.jar
2024-03-04 06:41:07,404 [Worker-43: Launching Run List benchmarks] INFO  o.eclipse.m2e.core.internal.Bundles - 	Entry: C:\Users\muham\.p2\pool\plugins\org.eclipse.m2e.maven.runtime_3.9.400.20230826-0755\jars\plexus-utils-3.5.1.jar
2024-03-04 06:41:07,404 [Worker-43: Launching Run List benchmarks] INFO  o.eclipse.m2e.core.internal.Bundles - 	Entry: C:\Users\muham\.p2\pool\plugins\org.eclipse.m2e.maven.runtime_3.9.400.20230826-0755\jars\wagon-file-3.5.3.jar
2024-03-04 06:41:07,404 [Worker-43: Launching Run List benchmarks] INFO  o.eclipse.m2e.core.internal.Bundles - 	Entry: C:\Users\muham\.p2\pool\plugins\org.eclipse.m2e.maven.runtime_3.9.400.20230826-0755\jars\wagon-provider-api-3.5.3.jar
2024-03-04 06:41:07,408 [Worker-43: Launching Run List benchmarks] INFO  o.eclipse.m2e.core.internal.Bundles - getClasspathEntries(Bundle=com.google.guava_32.1.2.jre [10])
2024-03-04 06:41:07,409 [Worker-43: Launching Run List benchmarks] INFO  o.eclipse.m2e.core.internal.Bundles - 	Entry: C:\Users\muham\.p2\pool\plugins\com.google.guava_32.1.2.jre.jar
2024-03-04 06:41:07,409 [Worker-43: Launching Run List benchmarks] INFO  o.eclipse.m2e.core.internal.Bundles - getClasspathEntries(Bundle=slf4j.api_2.0.11 [592])
2024-03-04 06:41:07,410 [Worker-43: Launching Run List benchmarks] INFO  o.eclipse.m2e.core.internal.Bundles - 	Entry: C:\Users\muham\.p2\pool\plugins\slf4j.api_2.0.11.jar
2024-03-04 06:41:07,410 [Worker-43: Launching Run List benchmarks] INFO  o.eclipse.m2e.core.internal.Bundles - getClasspathEntries(Bundle=javax.inject_1.0.0.v20220405-0441 [26])
2024-03-04 06:41:07,411 [Worker-43: Launching Run List benchmarks] INFO  o.eclipse.m2e.core.internal.Bundles - 	Entry: C:\Users\muham\.p2\pool\plugins\javax.inject_1.0.0.v20220405-0441.jar
2024-03-04 06:41:07,411 [Worker-43: Launching Run List benchmarks] INFO  o.eclipse.m2e.core.internal.Bundles - getClasspathEntries(Bundle=javax.annotation_1.3.5.v20200909-1856 [24])
2024-03-04 06:41:07,412 [Worker-43: Launching Run List benchmarks] INFO  o.eclipse.m2e.core.internal.Bundles - 	Entry: C:\Users\muham\.p2\pool\plugins\javax.annotation_1.3.5.v20200909-1856.jar
2024-03-04 06:41:07,412 [Worker-43: Launching Run List benchmarks] INFO  o.eclipse.m2e.core.internal.Bundles - getClasspathEntries(Bundle=org.apache.commons.cli_1.5.0 [49])
2024-03-04 06:41:07,413 [Worker-43: Launching Run List benchmarks] INFO  o.eclipse.m2e.core.internal.Bundles - 	Entry: C:\Users\muham\.p2\pool\plugins\org.apache.commons.cli_1.5.0.jar
2024-03-04 06:41:07,413 [Worker-43: Launching Run List benchmarks] INFO  o.eclipse.m2e.core.internal.Bundles - getClasspathEntries(Bundle=com.google.guava.failureaccess_1.0.1 [12])
2024-03-04 06:41:07,414 [Worker-43: Launching Run List benchmarks] INFO  o.eclipse.m2e.core.internal.Bundles - 	Entry: C:\Users\muham\.p2\pool\plugins\com.google.guava.failureaccess_1.0.1.jar
2024-03-04 06:41:07,423 [Worker-43: Launching Run List benchmarks] INFO  o.e.m.i.launch.MavenLaunchDelegate - Run build in "C:\Users\muham\OneDrive - Aston University\Desktop\Comp Sci Degree Docs\Teaching term 2\CS1OOP\JavaWeek18\uk.ac.aston.oop.jcf":
2024-03-04 06:41:07,424 [Worker-43: Launching Run List benchmarks] INFO  o.e.m.i.launch.MavenLaunchDelegate -  mvn  -B -Dstyle.color=always clean compile exec:java
2024-03-04 06:41:07,629 [Worker-45: Building] INFO  o.a.m.s.f.DefaultMavenResourcesFiltering - Copying 0 resource from resources to target\classes
2024-03-04 06:41:07,632 [Worker-45: Building] INFO  o.a.m.s.f.DefaultMavenResourcesFiltering - skip non existing resourceDirectory C:\Users\muham\OneDrive - Aston University\Desktop\Comp Sci Degree Docs\Teaching term 2\CS1OOP\JavaWeek18\uk.ac.aston.oop.jcf\src\test\resources
2024-03-04 06:48:24,666 [Worker-45: Building] INFO  o.a.m.s.f.DefaultMavenResourcesFiltering - Copying 1 resource from resources to target\classes
2024-03-04 06:48:24,671 [Worker-45: Building] INFO  o.a.m.s.f.DefaultMavenResourcesFiltering - skip non existing resourceDirectory C:\Users\muham\OneDrive - Aston University\Desktop\Comp Sci Degree Docs\Teaching term 2\CS1OOP\JavaWeek18\uk.ac.aston.oop.jcf\src\test\resources
2024-03-04 07:01:19,475 [Worker-21: Building] INFO  o.a.m.s.f.DefaultMavenResourcesFiltering - Copying 1 resource from resources to target\classes
2024-03-04 07:01:19,481 [Worker-21: Building] INFO  o.a.m.s.f.DefaultMavenResourcesFiltering - skip non existing resourceDirectory C:\Users\muham\OneDrive - Aston University\Desktop\Comp Sci Degree Docs\Teaching term 2\CS1OOP\JavaWeek18\uk.ac.aston.oop.jcf\src\test\resources
2024-03-04 07:02:48,961 [Worker-21: Building] INFO  o.a.m.s.f.DefaultMavenResourcesFiltering - Copying 1 resource from resources to target\classes
2024-03-04 07:02:48,967 [Worker-21: Building] INFO  o.a.m.s.f.DefaultMavenResourcesFiltering - skip non existing resourceDirectory C:\Users\muham\OneDrive - Aston University\Desktop\Comp Sci Degree Docs\Teaching term 2\CS1OOP\JavaWeek18\uk.ac.aston.oop.jcf\src\test\resources
2024-03-04 07:08:04,751 [Worker-21: Building] INFO  o.a.m.s.f.DefaultMavenResourcesFiltering - Copying 1 resource from resources to target\classes
2024-03-04 07:08:04,755 [Worker-21: Building] INFO  o.a.m.s.f.DefaultMavenResourcesFiltering - skip non existing resourceDirectory C:\Users\muham\OneDrive - Aston University\Desktop\Comp Sci Degree Docs\Teaching term 2\CS1OOP\JavaWeek18\uk.ac.aston.oop.jcf\src\test\resources
2024-03-04 07:09:05,549 [Worker-45: Building] INFO  o.a.m.s.f.DefaultMavenResourcesFiltering - Copying 1 resource from resources to target\classes
2024-03-04 07:09:05,555 [Worker-45: Building] INFO  o.a.m.s.f.DefaultMavenResourcesFiltering - skip non existing resourceDirectory C:\Users\muham\OneDrive - Aston University\Desktop\Comp Sci Degree Docs\Teaching term 2\CS1OOP\JavaWeek18\uk.ac.aston.oop.jcf\src\test\resources
2024-03-04 07:17:48,593 [Worker-44: Building] INFO  o.a.m.s.f.DefaultMavenResourcesFiltering - Copying 1 resource from resources to target\classes
2024-03-04 07:17:48,595 [Worker-44: Building] INFO  o.a.m.s.f.DefaultMavenResourcesFiltering - skip non existing resourceDirectory C:\Users\muham\OneDrive - Aston University\Desktop\Comp Sci Degree Docs\Teaching term 2\CS1OOP\JavaWeek18\uk.ac.aston.oop.jcf\src\test\resources
2024-03-04 07:19:28,234 [Worker-46: Building] INFO  o.a.m.s.f.DefaultMavenResourcesFiltering - Copying 1 resource from resources to target\classes
2024-03-04 07:19:28,237 [Worker-46: Building] INFO  o.a.m.s.f.DefaultMavenResourcesFiltering - skip non existing resourceDirectory C:\Users\muham\OneDrive - Aston University\Desktop\Comp Sci Degree Docs\Teaching term 2\CS1OOP\JavaWeek18\uk.ac.aston.oop.jcf\src\test\resources
2024-03-04 07:20:32,829 [Worker-46: Launching WordGuessMain] INFO  o.a.m.s.f.DefaultMavenResourcesFiltering - Copying 1 resource from resources to target\classes
2024-03-04 07:20:32,832 [Worker-46: Launching WordGuessMain] INFO  o.a.m.s.f.DefaultMavenResourcesFiltering - skip non existing resourceDirectory C:\Users\muham\OneDrive - Aston University\Desktop\Comp Sci Degree Docs\Teaching term 2\CS1OOP\JavaWeek18\uk.ac.aston.oop.jcf\src\test\resources
2024-03-04 07:24:22,986 [Worker-46: Building] INFO  o.a.m.s.f.DefaultMavenResourcesFiltering - Copying 1 resource from resources to target\classes
2024-03-04 07:24:22,989 [Worker-46: Building] INFO  o.a.m.s.f.DefaultMavenResourcesFiltering - skip non existing resourceDirectory C:\Users\muham\OneDrive - Aston University\Desktop\Comp Sci Degree Docs\Teaching term 2\CS1OOP\JavaWeek18\uk.ac.aston.oop.jcf\src\test\resources
2024-03-04 07:26:33,043 [Worker-47: Building] INFO  o.a.m.s.f.DefaultMavenResourcesFiltering - Copying 1 resource from resources to target\classes
2024-03-04 07:26:33,045 [Worker-47: Building] INFO  o.a.m.s.f.DefaultMavenResourcesFiltering - skip non existing resourceDirectory C:\Users\muham\OneDrive - Aston University\Desktop\Comp Sci Degree Docs\Teaching term 2\CS1OOP\JavaWeek18\uk.ac.aston.oop.jcf\src\test\resources
2024-03-04 07:27:06,912 [Worker-46: Building] INFO  o.a.m.s.f.DefaultMavenResourcesFiltering - Copying 1 resource from resources to target\classes
2024-03-04 07:27:06,913 [Worker-46: Building] INFO  o.a.m.s.f.DefaultMavenResourcesFiltering - skip non existing resourceDirectory C:\Users\muham\OneDrive - Aston University\Desktop\Comp Sci Degree Docs\Teaching term 2\CS1OOP\JavaWeek18\uk.ac.aston.oop.jcf\src\test\resources
2024-03-04 07:34:02,343 [Worker-47: Building] INFO  o.a.m.s.f.DefaultMavenResourcesFiltering - Copying 1 resource from resources to target\classes
2024-03-04 07:34:02,346 [Worker-47: Building] INFO  o.a.m.s.f.DefaultMavenResourcesFiltering - skip non existing resourceDirectory C:\Users\muham\OneDrive - Aston University\Desktop\Comp Sci Degree Docs\Teaching term 2\CS1OOP\JavaWeek18\uk.ac.aston.oop.jcf\src\test\resources
2024-03-04 07:38:16,913 [Worker-48: Building] INFO  o.a.m.s.f.DefaultMavenResourcesFiltering - Copying 1 resource from resources to target\classes
2024-03-04 07:38:16,915 [Worker-48: Building] INFO  o.a.m.s.f.DefaultMavenResourcesFiltering - skip non existing resourceDirectory C:\Users\muham\OneDrive - Aston University\Desktop\Comp Sci Degree Docs\Teaching term 2\CS1OOP\JavaWeek18\uk.ac.aston.oop.jcf\src\test\resources
2024-03-04 07:40:40,363 [Worker-48: Launching Submit Lab 7 to AutoFeedback (Windows)] INFO  o.eclipse.m2e.core.internal.Bundles - getClasspathEntries(Bundle=org.eclipse.m2e.maven.runtime_3.9.400.20230826-0755 [297])
2024-03-04 07:40:40,364 [Worker-48: Launching Submit Lab 7 to AutoFeedback (Windows)] INFO  o.eclipse.m2e.core.internal.Bundles - 	Entry: C:\Users\muham\.p2\pool\plugins\org.eclipse.m2e.maven.runtime_3.9.400.20230826-0755
2024-03-04 07:40:40,365 [Worker-48: Launching Submit Lab 7 to AutoFeedback (Windows)] INFO  o.eclipse.m2e.core.internal.Bundles - 	Entry: C:\Users\muham\.p2\pool\plugins\org.eclipse.m2e.maven.runtime_3.9.400.20230826-0755\jars\aether-connector-okhttp-0.17.8.jar
2024-03-04 07:40:40,365 [Worker-48: Launching Submit Lab 7 to AutoFeedback (Windows)] INFO  o.eclipse.m2e.core.internal.Bundles - 	Entry: C:\Users\muham\.p2\pool\plugins\org.eclipse.m2e.maven.runtime_3.9.400.20230826-0755\jars\aopalliance-1.0.jar
2024-03-04 07:40:40,365 [Worker-48: Launching Submit Lab 7 to AutoFeedback (Windows)] INFO  o.eclipse.m2e.core.internal.Bundles - 	Entry: C:\Users\muham\.p2\pool\plugins\org.eclipse.m2e.maven.runtime_3.9.400.20230826-0755\jars\commons-lang3-3.12.0.jar
2024-03-04 07:40:40,365 [Worker-48: Launching Submit Lab 7 to AutoFeedback (Windows)] INFO  o.eclipse.m2e.core.internal.Bundles - 	Entry: C:\Users\muham\.p2\pool\plugins\org.eclipse.m2e.maven.runtime_3.9.400.20230826-0755\jars\guice-5.1.0.jar
2024-03-04 07:40:40,365 [Worker-48: Launching Submit Lab 7 to AutoFeedback (Windows)] INFO  o.eclipse.m2e.core.internal.Bundles - 	Entry: C:\Users\muham\.p2\pool\plugins\org.eclipse.m2e.maven.runtime_3.9.400.20230826-0755\jars\jansi-2.4.0.jar
2024-03-04 07:40:40,366 [Worker-48: Launching Submit Lab 7 to AutoFeedback (Windows)] INFO  o.eclipse.m2e.core.internal.Bundles - 	Entry: C:\Users\muham\.p2\pool\plugins\org.eclipse.m2e.maven.runtime_3.9.400.20230826-0755\jars\maven-artifact-3.9.4.jar
2024-03-04 07:40:40,366 [Worker-48: Launching Submit Lab 7 to AutoFeedback (Windows)] INFO  o.eclipse.m2e.core.internal.Bundles - 	Entry: C:\Users\muham\.p2\pool\plugins\org.eclipse.m2e.maven.runtime_3.9.400.20230826-0755\jars\maven-builder-support-3.9.4.jar
2024-03-04 07:40:40,366 [Worker-48: Launching Submit Lab 7 to AutoFeedback (Windows)] INFO  o.eclipse.m2e.core.internal.Bundles - 	Entry: C:\Users\muham\.p2\pool\plugins\org.eclipse.m2e.maven.runtime_3.9.400.20230826-0755\jars\maven-compat-3.9.4.jar
2024-03-04 07:40:40,366 [Worker-48: Launching Submit Lab 7 to AutoFeedback (Windows)] INFO  o.eclipse.m2e.core.internal.Bundles - 	Entry: C:\Users\muham\.p2\pool\plugins\org.eclipse.m2e.maven.runtime_3.9.400.20230826-0755\jars\maven-core-3.9.4.jar
2024-03-04 07:40:40,366 [Worker-48: Launching Submit Lab 7 to AutoFeedback (Windows)] INFO  o.eclipse.m2e.core.internal.Bundles - 	Entry: C:\Users\muham\.p2\pool\plugins\org.eclipse.m2e.maven.runtime_3.9.400.20230826-0755\jars\maven-embedder-3.9.4.jar
2024-03-04 07:40:40,367 [Worker-48: Launching Submit Lab 7 to AutoFeedback (Windows)] INFO  o.eclipse.m2e.core.internal.Bundles - 	Entry: C:\Users\muham\.p2\pool\plugins\org.eclipse.m2e.maven.runtime_3.9.400.20230826-0755\jars\maven-model-3.9.4.jar
2024-03-04 07:40:40,367 [Worker-48: Launching Submit Lab 7 to AutoFeedback (Windows)] INFO  o.eclipse.m2e.core.internal.Bundles - 	Entry: C:\Users\muham\.p2\pool\plugins\org.eclipse.m2e.maven.runtime_3.9.400.20230826-0755\jars\maven-model-builder-3.9.4.jar
2024-03-04 07:40:40,367 [Worker-48: Launching Submit Lab 7 to AutoFeedback (Windows)] INFO  o.eclipse.m2e.core.internal.Bundles - 	Entry: C:\Users\muham\.p2\pool\plugins\org.eclipse.m2e.maven.runtime_3.9.400.20230826-0755\jars\maven-plugin-api-3.9.4.jar
2024-03-04 07:40:40,367 [Worker-48: Launching Submit Lab 7 to AutoFeedback (Windows)] INFO  o.eclipse.m2e.core.internal.Bundles - 	Entry: C:\Users\muham\.p2\pool\plugins\org.eclipse.m2e.maven.runtime_3.9.400.20230826-0755\jars\maven-repository-metadata-3.9.4.jar
2024-03-04 07:40:40,367 [Worker-48: Launching Submit Lab 7 to AutoFeedback (Windows)] INFO  o.eclipse.m2e.core.internal.Bundles - 	Entry: C:\Users\muham\.p2\pool\plugins\org.eclipse.m2e.maven.runtime_3.9.400.20230826-0755\jars\maven-resolver-api-1.9.14.jar
2024-03-04 07:40:40,367 [Worker-48: Launching Submit Lab 7 to AutoFeedback (Windows)] INFO  o.eclipse.m2e.core.internal.Bundles - 	Entry: C:\Users\muham\.p2\pool\plugins\org.eclipse.m2e.maven.runtime_3.9.400.20230826-0755\jars\maven-resolver-connector-basic-1.9.14.jar
2024-03-04 07:40:40,368 [Worker-48: Launching Submit Lab 7 to AutoFeedback (Windows)] INFO  o.eclipse.m2e.core.internal.Bundles - 	Entry: C:\Users\muham\.p2\pool\plugins\org.eclipse.m2e.maven.runtime_3.9.400.20230826-0755\jars\maven-resolver-impl-1.9.14.jar
2024-03-04 07:40:40,368 [Worker-48: Launching Submit Lab 7 to AutoFeedback (Windows)] INFO  o.eclipse.m2e.core.internal.Bundles - 	Entry: C:\Users\muham\.p2\pool\plugins\org.eclipse.m2e.maven.runtime_3.9.400.20230826-0755\jars\maven-resolver-named-locks-1.9.14.jar
2024-03-04 07:40:40,368 [Worker-48: Launching Submit Lab 7 to AutoFeedback (Windows)] INFO  o.eclipse.m2e.core.internal.Bundles - 	Entry: C:\Users\muham\.p2\pool\plugins\org.eclipse.m2e.maven.runtime_3.9.400.20230826-0755\jars\maven-resolver-provider-3.9.4.jar
2024-03-04 07:40:40,368 [Worker-48: Launching Submit Lab 7 to AutoFeedback (Windows)] INFO  o.eclipse.m2e.core.internal.Bundles - 	Entry: C:\Users\muham\.p2\pool\plugins\org.eclipse.m2e.maven.runtime_3.9.400.20230826-0755\jars\maven-resolver-spi-1.9.14.jar
2024-03-04 07:40:40,368 [Worker-48: Launching Submit Lab 7 to AutoFeedback (Windows)] INFO  o.eclipse.m2e.core.internal.Bundles - 	Entry: C:\Users\muham\.p2\pool\plugins\org.eclipse.m2e.maven.runtime_3.9.400.20230826-0755\jars\maven-resolver-transport-wagon-1.9.14.jar
2024-03-04 07:40:40,369 [Worker-48: Launching Submit Lab 7 to AutoFeedback (Windows)] INFO  o.eclipse.m2e.core.internal.Bundles - 	Entry: C:\Users\muham\.p2\pool\plugins\org.eclipse.m2e.maven.runtime_3.9.400.20230826-0755\jars\maven-resolver-util-1.9.14.jar
2024-03-04 07:40:40,369 [Worker-48: Launching Submit Lab 7 to AutoFeedback (Windows)] INFO  o.eclipse.m2e.core.internal.Bundles - 	Entry: C:\Users\muham\.p2\pool\plugins\org.eclipse.m2e.maven.runtime_3.9.400.20230826-0755\jars\maven-settings-3.9.4.jar
2024-03-04 07:40:40,369 [Worker-48: Launching Submit Lab 7 to AutoFeedback (Windows)] INFO  o.eclipse.m2e.core.internal.Bundles - 	Entry: C:\Users\muham\.p2\pool\plugins\org.eclipse.m2e.maven.runtime_3.9.400.20230826-0755\jars\maven-settings-builder-3.9.4.jar
2024-03-04 07:40:40,369 [Worker-48: Launching Submit Lab 7 to AutoFeedback (Windows)] INFO  o.eclipse.m2e.core.internal.Bundles - 	Entry: C:\Users\muham\.p2\pool\plugins\org.eclipse.m2e.maven.runtime_3.9.400.20230826-0755\jars\maven-shared-utils-3.3.4.jar
2024-03-04 07:40:40,370 [Worker-48: Launching Submit Lab 7 to AutoFeedback (Windows)] INFO  o.eclipse.m2e.core.internal.Bundles - 	Entry: C:\Users\muham\.p2\pool\plugins\org.eclipse.m2e.maven.runtime_3.9.400.20230826-0755\jars\okhttp-3.14.1.jar
2024-03-04 07:40:40,370 [Worker-48: Launching Submit Lab 7 to AutoFeedback (Windows)] INFO  o.eclipse.m2e.core.internal.Bundles - 	Entry: C:\Users\muham\.p2\pool\plugins\org.eclipse.m2e.maven.runtime_3.9.400.20230826-0755\jars\okio-1.17.3.jar
2024-03-04 07:40:40,370 [Worker-48: Launching Submit Lab 7 to AutoFeedback (Windows)] INFO  o.eclipse.m2e.core.internal.Bundles - 	Entry: C:\Users\muham\.p2\pool\plugins\org.eclipse.m2e.maven.runtime_3.9.400.20230826-0755\jars\org.eclipse.sisu.inject-0.3.5.jar
2024-03-04 07:40:40,370 [Worker-48: Launching Submit Lab 7 to AutoFeedback (Windows)] INFO  o.eclipse.m2e.core.internal.Bundles - 	Entry: C:\Users\muham\.p2\pool\plugins\org.eclipse.m2e.maven.runtime_3.9.400.20230826-0755\jars\org.eclipse.sisu.plexus-0.3.5.jar
2024-03-04 07:40:40,370 [Worker-48: Launching Submit Lab 7 to AutoFeedback (Windows)] INFO  o.eclipse.m2e.core.internal.Bundles - 	Entry: C:\Users\muham\.p2\pool\plugins\org.eclipse.m2e.maven.runtime_3.9.400.20230826-0755\jars\plexus-build-api-0.0.7.jar
2024-03-04 07:40:40,371 [Worker-48: Launching Submit Lab 7 to AutoFeedback (Windows)] INFO  o.eclipse.m2e.core.internal.Bundles - 	Entry: C:\Users\muham\.p2\pool\plugins\org.eclipse.m2e.maven.runtime_3.9.400.20230826-0755\jars\plexus-cipher-2.0.jar
2024-03-04 07:40:40,371 [Worker-48: Launching Submit Lab 7 to AutoFeedback (Windows)] INFO  o.eclipse.m2e.core.internal.Bundles - 	Entry: C:\Users\muham\.p2\pool\plugins\org.eclipse.m2e.maven.runtime_3.9.400.20230826-0755\jars\plexus-classworlds-2.7.0.jar
2024-03-04 07:40:40,371 [Worker-48: Launching Submit Lab 7 to AutoFeedback (Windows)] INFO  o.eclipse.m2e.core.internal.Bundles - 	Entry: C:\Users\muham\.p2\pool\plugins\org.eclipse.m2e.maven.runtime_3.9.400.20230826-0755\jars\plexus-component-annotations-2.1.0.jar
2024-03-04 07:40:40,371 [Worker-48: Launching Submit Lab 7 to AutoFeedback (Windows)] INFO  o.eclipse.m2e.core.internal.Bundles - 	Entry: C:\Users\muham\.p2\pool\plugins\org.eclipse.m2e.maven.runtime_3.9.400.20230826-0755\jars\plexus-interpolation-1.26.jar
2024-03-04 07:40:40,372 [Worker-48: Launching Submit Lab 7 to AutoFeedback (Windows)] INFO  o.eclipse.m2e.core.internal.Bundles - 	Entry: C:\Users\muham\.p2\pool\plugins\org.eclipse.m2e.maven.runtime_3.9.400.20230826-0755\jars\plexus-sec-dispatcher-2.0.jar
2024-03-04 07:40:40,372 [Worker-48: Launching Submit Lab 7 to AutoFeedback (Windows)] INFO  o.eclipse.m2e.core.internal.Bundles - 	Entry: C:\Users\muham\.p2\pool\plugins\org.eclipse.m2e.maven.runtime_3.9.400.20230826-0755\jars\plexus-utils-3.5.1.jar
2024-03-04 07:40:40,372 [Worker-48: Launching Submit Lab 7 to AutoFeedback (Windows)] INFO  o.eclipse.m2e.core.internal.Bundles - 	Entry: C:\Users\muham\.p2\pool\plugins\org.eclipse.m2e.maven.runtime_3.9.400.20230826-0755\jars\wagon-file-3.5.3.jar
2024-03-04 07:40:40,372 [Worker-48: Launching Submit Lab 7 to AutoFeedback (Windows)] INFO  o.eclipse.m2e.core.internal.Bundles - 	Entry: C:\Users\muham\.p2\pool\plugins\org.eclipse.m2e.maven.runtime_3.9.400.20230826-0755\jars\wagon-provider-api-3.5.3.jar
2024-03-04 07:40:40,372 [Worker-48: Launching Submit Lab 7 to AutoFeedback (Windows)] INFO  o.eclipse.m2e.core.internal.Bundles - getClasspathEntries(Bundle=com.google.guava_32.1.2.jre [10])
2024-03-04 07:40:40,373 [Worker-48: Launching Submit Lab 7 to AutoFeedback (Windows)] INFO  o.eclipse.m2e.core.internal.Bundles - 	Entry: C:\Users\muham\.p2\pool\plugins\com.google.guava_32.1.2.jre.jar
2024-03-04 07:40:40,373 [Worker-48: Launching Submit Lab 7 to AutoFeedback (Windows)] INFO  o.eclipse.m2e.core.internal.Bundles - getClasspathEntries(Bundle=slf4j.api_2.0.11 [592])
2024-03-04 07:40:40,373 [Worker-48: Launching Submit Lab 7 to AutoFeedback (Windows)] INFO  o.eclipse.m2e.core.internal.Bundles - 	Entry: C:\Users\muham\.p2\pool\plugins\slf4j.api_2.0.11.jar
2024-03-04 07:40:40,373 [Worker-48: Launching Submit Lab 7 to AutoFeedback (Windows)] INFO  o.eclipse.m2e.core.internal.Bundles - getClasspathEntries(Bundle=javax.inject_1.0.0.v20220405-0441 [26])
2024-03-04 07:40:40,373 [Worker-48: Launching Submit Lab 7 to AutoFeedback (Windows)] INFO  o.eclipse.m2e.core.internal.Bundles - 	Entry: C:\Users\muham\.p2\pool\plugins\javax.inject_1.0.0.v20220405-0441.jar
2024-03-04 07:40:40,373 [Worker-48: Launching Submit Lab 7 to AutoFeedback (Windows)] INFO  o.eclipse.m2e.core.internal.Bundles - getClasspathEntries(Bundle=javax.annotation_1.3.5.v20200909-1856 [24])
2024-03-04 07:40:40,374 [Worker-48: Launching Submit Lab 7 to AutoFeedback (Windows)] INFO  o.eclipse.m2e.core.internal.Bundles - 	Entry: C:\Users\muham\.p2\pool\plugins\javax.annotation_1.3.5.v20200909-1856.jar
2024-03-04 07:40:40,374 [Worker-48: Launching Submit Lab 7 to AutoFeedback (Windows)] INFO  o.eclipse.m2e.core.internal.Bundles - getClasspathEntries(Bundle=org.apache.commons.cli_1.5.0 [49])
2024-03-04 07:40:40,374 [Worker-48: Launching Submit Lab 7 to AutoFeedback (Windows)] INFO  o.eclipse.m2e.core.internal.Bundles - 	Entry: C:\Users\muham\.p2\pool\plugins\org.apache.commons.cli_1.5.0.jar
2024-03-04 07:40:40,374 [Worker-48: Launching Submit Lab 7 to AutoFeedback (Windows)] INFO  o.eclipse.m2e.core.internal.Bundles - getClasspathEntries(Bundle=com.google.guava.failureaccess_1.0.1 [12])
2024-03-04 07:40:40,375 [Worker-48: Launching Submit Lab 7 to AutoFeedback (Windows)] INFO  o.eclipse.m2e.core.internal.Bundles - 	Entry: C:\Users\muham\.p2\pool\plugins\com.google.guava.failureaccess_1.0.1.jar
2024-03-04 07:40:40,377 [Worker-48: Launching Submit Lab 7 to AutoFeedback (Windows)] INFO  o.e.m.i.launch.MavenLaunchDelegate - Run build in "C:\Users\muham\OneDrive - Aston University\Desktop\Comp Sci Degree Docs\Teaching term 2\CS1OOP\JavaWeek18\uk.ac.aston.oop.jcf":
2024-03-04 07:40:40,377 [Worker-48: Launching Submit Lab 7 to AutoFeedback (Windows)] INFO  o.e.m.i.launch.MavenLaunchDelegate -  mvn  -B -Dstyle.color=always autofeedback:uploadSubmission
2024-03-04 07:42:43,706 [Worker-49: Building] INFO  o.a.m.s.f.DefaultMavenResourcesFiltering - Copying 1 resource from resources to target\classes
2024-03-04 07:42:43,709 [Worker-49: Building] INFO  o.a.m.s.f.DefaultMavenResourcesFiltering - skip non existing resourceDirectory C:\Users\muham\OneDrive - Aston University\Desktop\Comp Sci Degree Docs\Teaching term 2\CS1OOP\JavaWeek18\uk.ac.aston.oop.jcf\src\test\resources
2024-03-04 07:44:34,505 [Worker-44: Building] INFO  o.a.m.s.f.DefaultMavenResourcesFiltering - Copying 1 resource from resources to target\classes
2024-03-04 07:44:34,507 [Worker-44: Building] INFO  o.a.m.s.f.DefaultMavenResourcesFiltering - skip non existing resourceDirectory C:\Users\muham\OneDrive - Aston University\Desktop\Comp Sci Degree Docs\Teaching term 2\CS1OOP\JavaWeek18\uk.ac.aston.oop.jcf\src\test\resources
2024-03-04 07:44:44,214 [Worker-21: Launching Submit Lab 7 to AutoFeedback (Windows)] INFO  o.eclipse.m2e.core.internal.Bundles - getClasspathEntries(Bundle=org.eclipse.m2e.maven.runtime_3.9.400.20230826-0755 [297])
2024-03-04 07:44:44,215 [Worker-21: Launching Submit Lab 7 to AutoFeedback (Windows)] INFO  o.eclipse.m2e.core.internal.Bundles - 	Entry: C:\Users\muham\.p2\pool\plugins\org.eclipse.m2e.maven.runtime_3.9.400.20230826-0755
2024-03-04 07:44:44,215 [Worker-21: Launching Submit Lab 7 to AutoFeedback (Windows)] INFO  o.eclipse.m2e.core.internal.Bundles - 	Entry: C:\Users\muham\.p2\pool\plugins\org.eclipse.m2e.maven.runtime_3.9.400.20230826-0755\jars\aether-connector-okhttp-0.17.8.jar
2024-03-04 07:44:44,215 [Worker-21: Launching Submit Lab 7 to AutoFeedback (Windows)] INFO  o.eclipse.m2e.core.internal.Bundles - 	Entry: C:\Users\muham\.p2\pool\plugins\org.eclipse.m2e.maven.runtime_3.9.400.20230826-0755\jars\aopalliance-1.0.jar
2024-03-04 07:44:44,215 [Worker-21: Launching Submit Lab 7 to AutoFeedback (Windows)] INFO  o.eclipse.m2e.core.internal.Bundles - 	Entry: C:\Users\muham\.p2\pool\plugins\org.eclipse.m2e.maven.runtime_3.9.400.20230826-0755\jars\commons-lang3-3.12.0.jar
2024-03-04 07:44:44,216 [Worker-21: Launching Submit Lab 7 to AutoFeedback (Windows)] INFO  o.eclipse.m2e.core.internal.Bundles - 	Entry: C:\Users\muham\.p2\pool\plugins\org.eclipse.m2e.maven.runtime_3.9.400.20230826-0755\jars\guice-5.1.0.jar
2024-03-04 07:44:44,216 [Worker-21: Launching Submit Lab 7 to AutoFeedback (Windows)] INFO  o.eclipse.m2e.core.internal.Bundles - 	Entry: C:\Users\muham\.p2\pool\plugins\org.eclipse.m2e.maven.runtime_3.9.400.20230826-0755\jars\jansi-2.4.0.jar
2024-03-04 07:44:44,216 [Worker-21: Launching Submit Lab 7 to AutoFeedback (Windows)] INFO  o.eclipse.m2e.core.internal.Bundles - 	Entry: C:\Users\muham\.p2\pool\plugins\org.eclipse.m2e.maven.runtime_3.9.400.20230826-0755\jars\maven-artifact-3.9.4.jar
2024-03-04 07:44:44,216 [Worker-21: Launching Submit Lab 7 to AutoFeedback (Windows)] INFO  o.eclipse.m2e.core.internal.Bundles - 	Entry: C:\Users\muham\.p2\pool\plugins\org.eclipse.m2e.maven.runtime_3.9.400.20230826-0755\jars\maven-builder-support-3.9.4.jar
2024-03-04 07:44:44,216 [Worker-21: Launching Submit Lab 7 to AutoFeedback (Windows)] INFO  o.eclipse.m2e.core.internal.Bundles - 	Entry: C:\Users\muham\.p2\pool\plugins\org.eclipse.m2e.maven.runtime_3.9.400.20230826-0755\jars\maven-compat-3.9.4.jar
2024-03-04 07:44:44,217 [Worker-21: Launching Submit Lab 7 to AutoFeedback (Windows)] INFO  o.eclipse.m2e.core.internal.Bundles - 	Entry: C:\Users\muham\.p2\pool\plugins\org.eclipse.m2e.maven.runtime_3.9.400.20230826-0755\jars\maven-core-3.9.4.jar
2024-03-04 07:44:44,217 [Worker-21: Launching Submit Lab 7 to AutoFeedback (Windows)] INFO  o.eclipse.m2e.core.internal.Bundles - 	Entry: C:\Users\muham\.p2\pool\plugins\org.eclipse.m2e.maven.runtime_3.9.400.20230826-0755\jars\maven-embedder-3.9.4.jar
2024-03-04 07:44:44,217 [Worker-21: Launching Submit Lab 7 to AutoFeedback (Windows)] INFO  o.eclipse.m2e.core.internal.Bundles - 	Entry: C:\Users\muham\.p2\pool\plugins\org.eclipse.m2e.maven.runtime_3.9.400.20230826-0755\jars\maven-model-3.9.4.jar
2024-03-04 07:44:44,218 [Worker-21: Launching Submit Lab 7 to AutoFeedback (Windows)] INFO  o.eclipse.m2e.core.internal.Bundles - 	Entry: C:\Users\muham\.p2\pool\plugins\org.eclipse.m2e.maven.runtime_3.9.400.20230826-0755\jars\maven-model-builder-3.9.4.jar
2024-03-04 07:44:44,218 [Worker-21: Launching Submit Lab 7 to AutoFeedback (Windows)] INFO  o.eclipse.m2e.core.internal.Bundles - 	Entry: C:\Users\muham\.p2\pool\plugins\org.eclipse.m2e.maven.runtime_3.9.400.20230826-0755\jars\maven-plugin-api-3.9.4.jar
2024-03-04 07:44:44,218 [Worker-21: Launching Submit Lab 7 to AutoFeedback (Windows)] INFO  o.eclipse.m2e.core.internal.Bundles - 	Entry: C:\Users\muham\.p2\pool\plugins\org.eclipse.m2e.maven.runtime_3.9.400.20230826-0755\jars\maven-repository-metadata-3.9.4.jar
2024-03-04 07:44:44,218 [Worker-21: Launching Submit Lab 7 to AutoFeedback (Windows)] INFO  o.eclipse.m2e.core.internal.Bundles - 	Entry: C:\Users\muham\.p2\pool\plugins\org.eclipse.m2e.maven.runtime_3.9.400.20230826-0755\jars\maven-resolver-api-1.9.14.jar
2024-03-04 07:44:44,218 [Worker-21: Launching Submit Lab 7 to AutoFeedback (Windows)] INFO  o.eclipse.m2e.core.internal.Bundles - 	Entry: C:\Users\muham\.p2\pool\plugins\org.eclipse.m2e.maven.runtime_3.9.400.20230826-0755\jars\maven-resolver-connector-basic-1.9.14.jar
2024-03-04 07:44:44,219 [Worker-21: Launching Submit Lab 7 to AutoFeedback (Windows)] INFO  o.eclipse.m2e.core.internal.Bundles - 	Entry: C:\Users\muham\.p2\pool\plugins\org.eclipse.m2e.maven.runtime_3.9.400.20230826-0755\jars\maven-resolver-impl-1.9.14.jar
2024-03-04 07:44:44,219 [Worker-21: Launching Submit Lab 7 to AutoFeedback (Windows)] INFO  o.eclipse.m2e.core.internal.Bundles - 	Entry: C:\Users\muham\.p2\pool\plugins\org.eclipse.m2e.maven.runtime_3.9.400.20230826-0755\jars\maven-resolver-named-locks-1.9.14.jar
2024-03-04 07:44:44,219 [Worker-21: Launching Submit Lab 7 to AutoFeedback (Windows)] INFO  o.eclipse.m2e.core.internal.Bundles - 	Entry: C:\Users\muham\.p2\pool\plugins\org.eclipse.m2e.maven.runtime_3.9.400.20230826-0755\jars\maven-resolver-provider-3.9.4.jar
2024-03-04 07:44:44,219 [Worker-21: Launching Submit Lab 7 to AutoFeedback (Windows)] INFO  o.eclipse.m2e.core.internal.Bundles - 	Entry: C:\Users\muham\.p2\pool\plugins\org.eclipse.m2e.maven.runtime_3.9.400.20230826-0755\jars\maven-resolver-spi-1.9.14.jar
2024-03-04 07:44:44,219 [Worker-21: Launching Submit Lab 7 to AutoFeedback (Windows)] INFO  o.eclipse.m2e.core.internal.Bundles - 	Entry: C:\Users\muham\.p2\pool\plugins\org.eclipse.m2e.maven.runtime_3.9.400.20230826-0755\jars\maven-resolver-transport-wagon-1.9.14.jar
2024-03-04 07:44:44,219 [Worker-21: Launching Submit Lab 7 to AutoFeedback (Windows)] INFO  o.eclipse.m2e.core.internal.Bundles - 	Entry: C:\Users\muham\.p2\pool\plugins\org.eclipse.m2e.maven.runtime_3.9.400.20230826-0755\jars\maven-resolver-util-1.9.14.jar
2024-03-04 07:44:44,219 [Worker-21: Launching Submit Lab 7 to AutoFeedback (Windows)] INFO  o.eclipse.m2e.core.internal.Bundles - 	Entry: C:\Users\muham\.p2\pool\plugins\org.eclipse.m2e.maven.runtime_3.9.400.20230826-0755\jars\maven-settings-3.9.4.jar
2024-03-04 07:44:44,219 [Worker-21: Launching Submit Lab 7 to AutoFeedback (Windows)] INFO  o.eclipse.m2e.core.internal.Bundles - 	Entry: C:\Users\muham\.p2\pool\plugins\org.eclipse.m2e.maven.runtime_3.9.400.20230826-0755\jars\maven-settings-builder-3.9.4.jar
2024-03-04 07:44:44,220 [Worker-21: Launching Submit Lab 7 to AutoFeedback (Windows)] INFO  o.eclipse.m2e.core.internal.Bundles - 	Entry: C:\Users\muham\.p2\pool\plugins\org.eclipse.m2e.maven.runtime_3.9.400.20230826-0755\jars\maven-shared-utils-3.3.4.jar
2024-03-04 07:44:44,220 [Worker-21: Launching Submit Lab 7 to AutoFeedback (Windows)] INFO  o.eclipse.m2e.core.internal.Bundles - 	Entry: C:\Users\muham\.p2\pool\plugins\org.eclipse.m2e.maven.runtime_3.9.400.20230826-0755\jars\okhttp-3.14.1.jar
2024-03-04 07:44:44,220 [Worker-21: Launching Submit Lab 7 to AutoFeedback (Windows)] INFO  o.eclipse.m2e.core.internal.Bundles - 	Entry: C:\Users\muham\.p2\pool\plugins\org.eclipse.m2e.maven.runtime_3.9.400.20230826-0755\jars\okio-1.17.3.jar
2024-03-04 07:44:44,220 [Worker-21: Launching Submit Lab 7 to AutoFeedback (Windows)] INFO  o.eclipse.m2e.core.internal.Bundles - 	Entry: C:\Users\muham\.p2\pool\plugins\org.eclipse.m2e.maven.runtime_3.9.400.20230826-0755\jars\org.eclipse.sisu.inject-0.3.5.jar
2024-03-04 07:44:44,220 [Worker-21: Launching Submit Lab 7 to AutoFeedback (Windows)] INFO  o.eclipse.m2e.core.internal.Bundles - 	Entry: C:\Users\muham\.p2\pool\plugins\org.eclipse.m2e.maven.runtime_3.9.400.20230826-0755\jars\org.eclipse.sisu.plexus-0.3.5.jar
2024-03-04 07:44:44,222 [Worker-21: Launching Submit Lab 7 to AutoFeedback (Windows)] INFO  o.eclipse.m2e.core.internal.Bundles - 	Entry: C:\Users\muham\.p2\pool\plugins\org.eclipse.m2e.maven.runtime_3.9.400.20230826-0755\jars\plexus-build-api-0.0.7.jar
2024-03-04 07:44:44,222 [Worker-21: Launching Submit Lab 7 to AutoFeedback (Windows)] INFO  o.eclipse.m2e.core.internal.Bundles - 	Entry: C:\Users\muham\.p2\pool\plugins\org.eclipse.m2e.maven.runtime_3.9.400.20230826-0755\jars\plexus-cipher-2.0.jar
2024-03-04 07:44:44,222 [Worker-21: Launching Submit Lab 7 to AutoFeedback (Windows)] INFO  o.eclipse.m2e.core.internal.Bundles - 	Entry: C:\Users\muham\.p2\pool\plugins\org.eclipse.m2e.maven.runtime_3.9.400.20230826-0755\jars\plexus-classworlds-2.7.0.jar
2024-03-04 07:44:44,222 [Worker-21: Launching Submit Lab 7 to AutoFeedback (Windows)] INFO  o.eclipse.m2e.core.internal.Bundles - 	Entry: C:\Users\muham\.p2\pool\plugins\org.eclipse.m2e.maven.runtime_3.9.400.20230826-0755\jars\plexus-component-annotations-2.1.0.jar
2024-03-04 07:44:44,222 [Worker-21: Launching Submit Lab 7 to AutoFeedback (Windows)] INFO  o.eclipse.m2e.core.internal.Bundles - 	Entry: C:\Users\muham\.p2\pool\plugins\org.eclipse.m2e.maven.runtime_3.9.400.20230826-0755\jars\plexus-interpolation-1.26.jar
2024-03-04 07:44:44,222 [Worker-21: Launching Submit Lab 7 to AutoFeedback (Windows)] INFO  o.eclipse.m2e.core.internal.Bundles - 	Entry: C:\Users\muham\.p2\pool\plugins\org.eclipse.m2e.maven.runtime_3.9.400.20230826-0755\jars\plexus-sec-dispatcher-2.0.jar
2024-03-04 07:44:44,222 [Worker-21: Launching Submit Lab 7 to AutoFeedback (Windows)] INFO  o.eclipse.m2e.core.internal.Bundles - 	Entry: C:\Users\muham\.p2\pool\plugins\org.eclipse.m2e.maven.runtime_3.9.400.20230826-0755\jars\plexus-utils-3.5.1.jar
2024-03-04 07:44:44,222 [Worker-21: Launching Submit Lab 7 to AutoFeedback (Windows)] INFO  o.eclipse.m2e.core.internal.Bundles - 	Entry: C:\Users\muham\.p2\pool\plugins\org.eclipse.m2e.maven.runtime_3.9.400.20230826-0755\jars\wagon-file-3.5.3.jar
2024-03-04 07:44:44,222 [Worker-21: Launching Submit Lab 7 to AutoFeedback (Windows)] INFO  o.eclipse.m2e.core.internal.Bundles - 	Entry: C:\Users\muham\.p2\pool\plugins\org.eclipse.m2e.maven.runtime_3.9.400.20230826-0755\jars\wagon-provider-api-3.5.3.jar
2024-03-04 07:44:44,223 [Worker-21: Launching Submit Lab 7 to AutoFeedback (Windows)] INFO  o.eclipse.m2e.core.internal.Bundles - getClasspathEntries(Bundle=com.google.guava_32.1.2.jre [10])
2024-03-04 07:44:44,223 [Worker-21: Launching Submit Lab 7 to AutoFeedback (Windows)] INFO  o.eclipse.m2e.core.internal.Bundles - 	Entry: C:\Users\muham\.p2\pool\plugins\com.google.guava_32.1.2.jre.jar
2024-03-04 07:44:44,223 [Worker-21: Launching Submit Lab 7 to AutoFeedback (Windows)] INFO  o.eclipse.m2e.core.internal.Bundles - getClasspathEntries(Bundle=slf4j.api_2.0.11 [592])
2024-03-04 07:44:44,224 [Worker-21: Launching Submit Lab 7 to AutoFeedback (Windows)] INFO  o.eclipse.m2e.core.internal.Bundles - 	Entry: C:\Users\muham\.p2\pool\plugins\slf4j.api_2.0.11.jar
2024-03-04 07:44:44,224 [Worker-21: Launching Submit Lab 7 to AutoFeedback (Windows)] INFO  o.eclipse.m2e.core.internal.Bundles - getClasspathEntries(Bundle=javax.inject_1.0.0.v20220405-0441 [26])
2024-03-04 07:44:44,224 [Worker-21: Launching Submit Lab 7 to AutoFeedback (Windows)] INFO  o.eclipse.m2e.core.internal.Bundles - 	Entry: C:\Users\muham\.p2\pool\plugins\javax.inject_1.0.0.v20220405-0441.jar
2024-03-04 07:44:44,224 [Worker-21: Launching Submit Lab 7 to AutoFeedback (Windows)] INFO  o.eclipse.m2e.core.internal.Bundles - getClasspathEntries(Bundle=javax.annotation_1.3.5.v20200909-1856 [24])
2024-03-04 07:44:44,225 [Worker-21: Launching Submit Lab 7 to AutoFeedback (Windows)] INFO  o.eclipse.m2e.core.internal.Bundles - 	Entry: C:\Users\muham\.p2\pool\plugins\javax.annotation_1.3.5.v20200909-1856.jar
2024-03-04 07:44:44,225 [Worker-21: Launching Submit Lab 7 to AutoFeedback (Windows)] INFO  o.eclipse.m2e.core.internal.Bundles - getClasspathEntries(Bundle=org.apache.commons.cli_1.5.0 [49])
2024-03-04 07:44:44,225 [Worker-21: Launching Submit Lab 7 to AutoFeedback (Windows)] INFO  o.eclipse.m2e.core.internal.Bundles - 	Entry: C:\Users\muham\.p2\pool\plugins\org.apache.commons.cli_1.5.0.jar
2024-03-04 07:44:44,225 [Worker-21: Launching Submit Lab 7 to AutoFeedback (Windows)] INFO  o.eclipse.m2e.core.internal.Bundles - getClasspathEntries(Bundle=com.google.guava.failureaccess_1.0.1 [12])
2024-03-04 07:44:44,226 [Worker-21: Launching Submit Lab 7 to AutoFeedback (Windows)] INFO  o.eclipse.m2e.core.internal.Bundles - 	Entry: C:\Users\muham\.p2\pool\plugins\com.google.guava.failureaccess_1.0.1.jar
2024-03-04 07:44:44,228 [Worker-21: Launching Submit Lab 7 to AutoFeedback (Windows)] INFO  o.e.m.i.launch.MavenLaunchDelegate - Run build in "C:\Users\muham\OneDrive - Aston University\Desktop\Comp Sci Degree Docs\Teaching term 2\CS1OOP\JavaWeek18\uk.ac.aston.oop.jcf":
2024-03-04 07:44:44,228 [Worker-21: Launching Submit Lab 7 to AutoFeedback (Windows)] INFO  o.e.m.i.launch.MavenLaunchDelegate -  mvn  -B -Dstyle.color=always autofeedback:uploadSubmission
2024-03-04 07:56:15,094 [Worker-49: Building] INFO  o.a.m.s.f.DefaultMavenResourcesFiltering - Copying 1 resource from resources to target\classes
2024-03-04 07:56:15,098 [Worker-49: Building] INFO  o.a.m.s.f.DefaultMavenResourcesFiltering - skip non existing resourceDirectory C:\Users\muham\OneDrive - Aston University\Desktop\Comp Sci Degree Docs\Teaching term 2\CS1OOP\JavaWeek18\uk.ac.aston.oop.jcf\src\test\resources
2024-03-04 07:56:24,548 [Worker-21: Building] INFO  o.a.m.s.f.DefaultMavenResourcesFiltering - Copying 1 resource from resources to target\classes
2024-03-04 07:56:24,550 [Worker-21: Building] INFO  o.a.m.s.f.DefaultMavenResourcesFiltering - skip non existing resourceDirectory C:\Users\muham\OneDrive - Aston University\Desktop\Comp Sci Degree Docs\Teaching term 2\CS1OOP\JavaWeek18\uk.ac.aston.oop.jcf\src\test\resources
2024-03-04 07:56:36,325 [Worker-21: Building] INFO  o.a.m.s.f.DefaultMavenResourcesFiltering - Copying 1 resource from resources to target\classes
2024-03-04 07:56:36,327 [Worker-21: Building] INFO  o.a.m.s.f.DefaultMavenResourcesFiltering - skip non existing resourceDirectory C:\Users\muham\OneDrive - Aston University\Desktop\Comp Sci Degree Docs\Teaching term 2\CS1OOP\JavaWeek18\uk.ac.aston.oop.jcf\src\test\resources
2024-03-04 07:57:50,360 [Worker-49: Building] INFO  o.a.m.s.f.DefaultMavenResourcesFiltering - Copying 1 resource from resources to target\classes
2024-03-04 07:57:50,362 [Worker-49: Building] INFO  o.a.m.s.f.DefaultMavenResourcesFiltering - skip non existing resourceDirectory C:\Users\muham\OneDrive - Aston University\Desktop\Comp Sci Degree Docs\Teaching term 2\CS1OOP\JavaWeek18\uk.ac.aston.oop.jcf\src\test\resources
2024-03-04 07:58:56,049 [Worker-21: Building] INFO  o.a.m.s.f.DefaultMavenResourcesFiltering - Copying 1 resource from resources to target\classes
2024-03-04 07:58:56,051 [Worker-21: Building] INFO  o.a.m.s.f.DefaultMavenResourcesFiltering - skip non existing resourceDirectory C:\Users\muham\OneDrive - Aston University\Desktop\Comp Sci Degree Docs\Teaching term 2\CS1OOP\JavaWeek18\uk.ac.aston.oop.jcf\src\test\resources
2024-03-04 08:00:31,973 [Worker-49: Building] INFO  o.a.m.s.f.DefaultMavenResourcesFiltering - Copying 1 resource from resources to target\classes
2024-03-04 08:00:31,975 [Worker-49: Building] INFO  o.a.m.s.f.DefaultMavenResourcesFiltering - skip non existing resourceDirectory C:\Users\muham\OneDrive - Aston University\Desktop\Comp Sci Degree Docs\Teaching term 2\CS1OOP\JavaWeek18\uk.ac.aston.oop.jcf\src\test\resources
2024-03-04 08:01:02,655 [Worker-50: Building] INFO  o.a.m.s.f.DefaultMavenResourcesFiltering - Copying 1 resource from resources to target\classes
2024-03-04 08:01:02,658 [Worker-50: Building] INFO  o.a.m.s.f.DefaultMavenResourcesFiltering - skip non existing resourceDirectory C:\Users\muham\OneDrive - Aston University\Desktop\Comp Sci Degree Docs\Teaching term 2\CS1OOP\JavaWeek18\uk.ac.aston.oop.jcf\src\test\resources
2024-03-04 08:01:23,659 [Worker-48: Building] INFO  o.a.m.s.f.DefaultMavenResourcesFiltering - Copying 1 resource from resources to target\classes
2024-03-04 08:01:23,661 [Worker-48: Building] INFO  o.a.m.s.f.DefaultMavenResourcesFiltering - skip non existing resourceDirectory C:\Users\muham\OneDrive - Aston University\Desktop\Comp Sci Degree Docs\Teaching term 2\CS1OOP\JavaWeek18\uk.ac.aston.oop.jcf\src\test\resources
2024-03-04 08:02:17,230 [Worker-21: Building] INFO  o.a.m.s.f.DefaultMavenResourcesFiltering - Copying 1 resource from resources to target\classes
2024-03-04 08:02:17,232 [Worker-21: Building] INFO  o.a.m.s.f.DefaultMavenResourcesFiltering - skip non existing resourceDirectory C:\Users\muham\OneDrive - Aston University\Desktop\Comp Sci Degree Docs\Teaching term 2\CS1OOP\JavaWeek18\uk.ac.aston.oop.jcf\src\test\resources
2024-03-04 08:04:29,112 [Worker-51: Building] INFO  o.a.m.s.f.DefaultMavenResourcesFiltering - Copying 1 resource from resources to target\classes
2024-03-04 08:04:29,114 [Worker-51: Building] INFO  o.a.m.s.f.DefaultMavenResourcesFiltering - skip non existing resourceDirectory C:\Users\muham\OneDrive - Aston University\Desktop\Comp Sci Degree Docs\Teaching term 2\CS1OOP\JavaWeek18\uk.ac.aston.oop.jcf\src\test\resources
2024-03-04 08:04:45,456 [Worker-21: Building] INFO  o.a.m.s.f.DefaultMavenResourcesFiltering - Copying 1 resource from resources to target\classes
2024-03-04 08:04:45,458 [Worker-21: Building] INFO  o.a.m.s.f.DefaultMavenResourcesFiltering - skip non existing resourceDirectory C:\Users\muham\OneDrive - Aston University\Desktop\Comp Sci Degree Docs\Teaching term 2\CS1OOP\JavaWeek18\uk.ac.aston.oop.jcf\src\test\resources
2024-03-04 08:04:56,356 [Worker-21: Building] INFO  o.a.m.s.f.DefaultMavenResourcesFiltering - Copying 1 resource from resources to target\classes
2024-03-04 08:04:56,358 [Worker-21: Building] INFO  o.a.m.s.f.DefaultMavenResourcesFiltering - skip non existing resourceDirectory C:\Users\muham\OneDrive - Aston University\Desktop\Comp Sci Degree Docs\Teaching term 2\CS1OOP\JavaWeek18\uk.ac.aston.oop.jcf\src\test\resources
2024-03-04 08:05:57,532 [Worker-51: Building] INFO  o.a.m.s.f.DefaultMavenResourcesFiltering - Copying 1 resource from resources to target\classes
2024-03-04 08:05:57,534 [Worker-51: Building] INFO  o.a.m.s.f.DefaultMavenResourcesFiltering - skip non existing resourceDirectory C:\Users\muham\OneDrive - Aston University\Desktop\Comp Sci Degree Docs\Teaching term 2\CS1OOP\JavaWeek18\uk.ac.aston.oop.jcf\src\test\resources
2024-03-04 08:07:05,982 [Worker-51: Building] INFO  o.a.m.s.f.DefaultMavenResourcesFiltering - Copying 1 resource from resources to target\classes
2024-03-04 08:07:05,984 [Worker-51: Building] INFO  o.a.m.s.f.DefaultMavenResourcesFiltering - skip non existing resourceDirectory C:\Users\muham\OneDrive - Aston University\Desktop\Comp Sci Degree Docs\Teaching term 2\CS1OOP\JavaWeek18\uk.ac.aston.oop.jcf\src\test\resources
2024-03-04 08:07:44,952 [Worker-50: Building] INFO  o.a.m.s.f.DefaultMavenResourcesFiltering - Copying 1 resource from resources to target\classes
2024-03-04 08:07:44,954 [Worker-50: Building] INFO  o.a.m.s.f.DefaultMavenResourcesFiltering - skip non existing resourceDirectory C:\Users\muham\OneDrive - Aston University\Desktop\Comp Sci Degree Docs\Teaching term 2\CS1OOP\JavaWeek18\uk.ac.aston.oop.jcf\src\test\resources
2024-03-04 08:08:57,767 [Worker-48: Building] INFO  o.a.m.s.f.DefaultMavenResourcesFiltering - Copying 1 resource from resources to target\classes
2024-03-04 08:08:57,770 [Worker-48: Building] INFO  o.a.m.s.f.DefaultMavenResourcesFiltering - skip non existing resourceDirectory C:\Users\muham\OneDrive - Aston University\Desktop\Comp Sci Degree Docs\Teaching term 2\CS1OOP\JavaWeek18\uk.ac.aston.oop.jcf\src\test\resources
2024-03-04 08:12:39,685 [Worker-21: Building] INFO  o.a.m.s.f.DefaultMavenResourcesFiltering - Copying 1 resource from resources to target\classes
2024-03-04 08:12:39,686 [Worker-21: Building] INFO  o.a.m.s.f.DefaultMavenResourcesFiltering - skip non existing resourceDirectory C:\Users\muham\OneDrive - Aston University\Desktop\Comp Sci Degree Docs\Teaching term 2\CS1OOP\JavaWeek18\uk.ac.aston.oop.jcf\src\test\resources
2024-03-04 08:13:05,150 [Worker-50: Building] INFO  o.a.m.s.f.DefaultMavenResourcesFiltering - Copying 1 resource from resources to target\classes
2024-03-04 08:13:05,152 [Worker-50: Building] INFO  o.a.m.s.f.DefaultMavenResourcesFiltering - skip non existing resourceDirectory C:\Users\muham\OneDrive - Aston University\Desktop\Comp Sci Degree Docs\Teaching term 2\CS1OOP\JavaWeek18\uk.ac.aston.oop.jcf\src\test\resources
2024-03-04 08:13:13,671 [Worker-52: Building] INFO  o.a.m.s.f.DefaultMavenResourcesFiltering - Copying 1 resource from resources to target\classes
2024-03-04 08:13:13,674 [Worker-52: Building] INFO  o.a.m.s.f.DefaultMavenResourcesFiltering - skip non existing resourceDirectory C:\Users\muham\OneDrive - Aston University\Desktop\Comp Sci Degree Docs\Teaching term 2\CS1OOP\JavaWeek18\uk.ac.aston.oop.jcf\src\test\resources
2024-03-04 08:13:37,632 [Worker-48: Building] INFO  o.a.m.s.f.DefaultMavenResourcesFiltering - Copying 1 resource from resources to target\classes
2024-03-04 08:13:37,635 [Worker-48: Building] INFO  o.a.m.s.f.DefaultMavenResourcesFiltering - skip non existing resourceDirectory C:\Users\muham\OneDrive - Aston University\Desktop\Comp Sci Degree Docs\Teaching term 2\CS1OOP\JavaWeek18\uk.ac.aston.oop.jcf\src\test\resources
2024-03-04 08:13:39,327 [Worker-51: Building] INFO  o.a.m.s.f.DefaultMavenResourcesFiltering - Copying 1 resource from resources to target\classes
2024-03-04 08:13:39,330 [Worker-51: Building] INFO  o.a.m.s.f.DefaultMavenResourcesFiltering - skip non existing resourceDirectory C:\Users\muham\OneDrive - Aston University\Desktop\Comp Sci Degree Docs\Teaching term 2\CS1OOP\JavaWeek18\uk.ac.aston.oop.jcf\src\test\resources
2024-03-04 08:13:55,416 [Worker-51: Building] INFO  o.a.m.s.f.DefaultMavenResourcesFiltering - Copying 1 resource from resources to target\classes
2024-03-04 08:13:55,418 [Worker-51: Building] INFO  o.a.m.s.f.DefaultMavenResourcesFiltering - skip non existing resourceDirectory C:\Users\muham\OneDrive - Aston University\Desktop\Comp Sci Degree Docs\Teaching term 2\CS1OOP\JavaWeek18\uk.ac.aston.oop.jcf\src\test\resources
2024-03-04 08:14:11,718 [Worker-51: Building] INFO  o.a.m.s.f.DefaultMavenResourcesFiltering - Copying 1 resource from resources to target\classes
2024-03-04 08:14:11,720 [Worker-51: Building] INFO  o.a.m.s.f.DefaultMavenResourcesFiltering - skip non existing resourceDirectory C:\Users\muham\OneDrive - Aston University\Desktop\Comp Sci Degree Docs\Teaching term 2\CS1OOP\JavaWeek18\uk.ac.aston.oop.jcf\src\test\resources
2024-03-04 08:14:16,235 [Worker-52: Building] INFO  o.a.m.s.f.DefaultMavenResourcesFiltering - Copying 1 resource from resources to target\classes
2024-03-04 08:14:16,238 [Worker-52: Building] INFO  o.a.m.s.f.DefaultMavenResourcesFiltering - skip non existing resourceDirectory C:\Users\muham\OneDrive - Aston University\Desktop\Comp Sci Degree Docs\Teaching term 2\CS1OOP\JavaWeek18\uk.ac.aston.oop.jcf\src\test\resources
2024-03-04 08:14:51,244 [Worker-51: Building] INFO  o.a.m.s.f.DefaultMavenResourcesFiltering - Copying 1 resource from resources to target\classes
2024-03-04 08:14:51,246 [Worker-51: Building] INFO  o.a.m.s.f.DefaultMavenResourcesFiltering - skip non existing resourceDirectory C:\Users\muham\OneDrive - Aston University\Desktop\Comp Sci Degree Docs\Teaching term 2\CS1OOP\JavaWeek18\uk.ac.aston.oop.jcf\src\test\resources
2024-03-04 08:15:05,691 [Worker-52: Building] INFO  o.a.m.s.f.DefaultMavenResourcesFiltering - Copying 1 resource from resources to target\classes
2024-03-04 08:15:05,694 [Worker-52: Building] INFO  o.a.m.s.f.DefaultMavenResourcesFiltering - skip non existing resourceDirectory C:\Users\muham\OneDrive - Aston University\Desktop\Comp Sci Degree Docs\Teaching term 2\CS1OOP\JavaWeek18\uk.ac.aston.oop.jcf\src\test\resources
2024-03-04 08:15:55,766 [Worker-21: Building] INFO  o.a.m.s.f.DefaultMavenResourcesFiltering - Copying 1 resource from resources to target\classes
2024-03-04 08:15:55,768 [Worker-21: Building] INFO  o.a.m.s.f.DefaultMavenResourcesFiltering - skip non existing resourceDirectory C:\Users\muham\OneDrive - Aston University\Desktop\Comp Sci Degree Docs\Teaching term 2\CS1OOP\JavaWeek18\uk.ac.aston.oop.jcf\src\test\resources
2024-03-04 08:18:09,046 [Worker-21: Building] INFO  o.a.m.s.f.DefaultMavenResourcesFiltering - Copying 1 resource from resources to target\classes
2024-03-04 08:18:09,048 [Worker-21: Building] INFO  o.a.m.s.f.DefaultMavenResourcesFiltering - skip non existing resourceDirectory C:\Users\muham\OneDrive - Aston University\Desktop\Comp Sci Degree Docs\Teaching term 2\CS1OOP\JavaWeek18\uk.ac.aston.oop.jcf\src\test\resources
2024-03-04 08:18:21,185 [Worker-50: Building] INFO  o.a.m.s.f.DefaultMavenResourcesFiltering - Copying 1 resource from resources to target\classes
2024-03-04 08:18:21,187 [Worker-50: Building] INFO  o.a.m.s.f.DefaultMavenResourcesFiltering - skip non existing resourceDirectory C:\Users\muham\OneDrive - Aston University\Desktop\Comp Sci Degree Docs\Teaching term 2\CS1OOP\JavaWeek18\uk.ac.aston.oop.jcf\src\test\resources
2024-03-04 08:19:11,580 [Worker-50: Building] INFO  o.a.m.s.f.DefaultMavenResourcesFiltering - Copying 1 resource from resources to target\classes
2024-03-04 08:19:11,583 [Worker-50: Building] INFO  o.a.m.s.f.DefaultMavenResourcesFiltering - skip non existing resourceDirectory C:\Users\muham\OneDrive - Aston University\Desktop\Comp Sci Degree Docs\Teaching term 2\CS1OOP\JavaWeek18\uk.ac.aston.oop.jcf\src\test\resources
2024-03-04 08:21:15,752 [Worker-48: Building] INFO  o.a.m.s.f.DefaultMavenResourcesFiltering - Copying 1 resource from resources to target\classes
2024-03-04 08:21:15,754 [Worker-48: Building] INFO  o.a.m.s.f.DefaultMavenResourcesFiltering - skip non existing resourceDirectory C:\Users\muham\OneDrive - Aston University\Desktop\Comp Sci Degree Docs\Teaching term 2\CS1OOP\JavaWeek18\uk.ac.aston.oop.jcf\src\test\resources
2024-03-04 08:21:57,538 [Worker-52: Building] INFO  o.a.m.s.f.DefaultMavenResourcesFiltering - Copying 1 resource from resources to target\classes
2024-03-04 08:21:57,540 [Worker-52: Building] INFO  o.a.m.s.f.DefaultMavenResourcesFiltering - skip non existing resourceDirectory C:\Users\muham\OneDrive - Aston University\Desktop\Comp Sci Degree Docs\Teaching term 2\CS1OOP\JavaWeek18\uk.ac.aston.oop.jcf\src\test\resources
2024-03-04 08:23:13,958 [Worker-48: Building] INFO  o.a.m.s.f.DefaultMavenResourcesFiltering - Copying 1 resource from resources to target\classes
2024-03-04 08:23:13,960 [Worker-48: Building] INFO  o.a.m.s.f.DefaultMavenResourcesFiltering - skip non existing resourceDirectory C:\Users\muham\OneDrive - Aston University\Desktop\Comp Sci Degree Docs\Teaching term 2\CS1OOP\JavaWeek18\uk.ac.aston.oop.jcf\src\test\resources
2024-03-04 08:23:34,127 [Worker-53: Building] INFO  o.a.m.s.f.DefaultMavenResourcesFiltering - Copying 1 resource from resources to target\classes
2024-03-04 08:23:34,129 [Worker-53: Building] INFO  o.a.m.s.f.DefaultMavenResourcesFiltering - skip non existing resourceDirectory C:\Users\muham\OneDrive - Aston University\Desktop\Comp Sci Degree Docs\Teaching term 2\CS1OOP\JavaWeek18\uk.ac.aston.oop.jcf\src\test\resources
2024-03-04 08:23:51,515 [Worker-52: Building] INFO  o.a.m.s.f.DefaultMavenResourcesFiltering - Copying 1 resource from resources to target\classes
2024-03-04 08:23:51,518 [Worker-52: Building] INFO  o.a.m.s.f.DefaultMavenResourcesFiltering - skip non existing resourceDirectory C:\Users\muham\OneDrive - Aston University\Desktop\Comp Sci Degree Docs\Teaching term 2\CS1OOP\JavaWeek18\uk.ac.aston.oop.jcf\src\test\resources
2024-03-04 08:24:29,436 [Worker-48: Building] INFO  o.a.m.s.f.DefaultMavenResourcesFiltering - Copying 1 resource from resources to target\classes
2024-03-04 08:24:29,438 [Worker-48: Building] INFO  o.a.m.s.f.DefaultMavenResourcesFiltering - skip non existing resourceDirectory C:\Users\muham\OneDrive - Aston University\Desktop\Comp Sci Degree Docs\Teaching term 2\CS1OOP\JavaWeek18\uk.ac.aston.oop.jcf\src\test\resources
2024-03-04 08:24:37,419 [Worker-53: Building] INFO  o.a.m.s.f.DefaultMavenResourcesFiltering - Copying 1 resource from resources to target\classes
2024-03-04 08:24:37,421 [Worker-53: Building] INFO  o.a.m.s.f.DefaultMavenResourcesFiltering - skip non existing resourceDirectory C:\Users\muham\OneDrive - Aston University\Desktop\Comp Sci Degree Docs\Teaching term 2\CS1OOP\JavaWeek18\uk.ac.aston.oop.jcf\src\test\resources
2024-03-04 08:25:37,303 [Worker-7: Loading available Gradle versions] INFO  o.e.b.c.i.u.g.PublishedGradleVersions - Gradle version information cache is up-to-date. Trying to read.
2024-03-04 08:27:32,515 [Worker-6: Building] INFO  o.a.m.s.f.DefaultMavenResourcesFiltering - Copying 1 resource from resources to target\classes
2024-03-04 08:27:32,653 [Worker-6: Building] INFO  o.a.m.s.f.DefaultMavenResourcesFiltering - skip non existing resourceDirectory C:\Users\muham\OneDrive - Aston University\Desktop\Comp Sci Degree Docs\Teaching term 2\CS1OOP\JavaWeek18\uk.ac.aston.oop.jcf\src\test\resources
2024-03-04 08:28:05,294 [Worker-26: Launching Submit Lab 7 to AutoFeedback (Windows)] INFO  o.eclipse.m2e.core.internal.Bundles - getClasspathEntries(Bundle=org.eclipse.m2e.maven.runtime_3.9.400.20230826-0755 [297])
2024-03-04 08:28:05,314 [Worker-26: Launching Submit Lab 7 to AutoFeedback (Windows)] INFO  o.eclipse.m2e.core.internal.Bundles - 	Entry: C:\Users\muham\.p2\pool\plugins\org.eclipse.m2e.maven.runtime_3.9.400.20230826-0755
2024-03-04 08:28:05,315 [Worker-26: Launching Submit Lab 7 to AutoFeedback (Windows)] INFO  o.eclipse.m2e.core.internal.Bundles - 	Entry: C:\Users\muham\.p2\pool\plugins\org.eclipse.m2e.maven.runtime_3.9.400.20230826-0755\jars\aether-connector-okhttp-0.17.8.jar
2024-03-04 08:28:05,316 [Worker-26: Launching Submit Lab 7 to AutoFeedback (Windows)] INFO  o.eclipse.m2e.core.internal.Bundles - 	Entry: C:\Users\muham\.p2\pool\plugins\org.eclipse.m2e.maven.runtime_3.9.400.20230826-0755\jars\aopalliance-1.0.jar
2024-03-04 08:28:05,316 [Worker-26: Launching Submit Lab 7 to AutoFeedback (Windows)] INFO  o.eclipse.m2e.core.internal.Bundles - 	Entry: C:\Users\muham\.p2\pool\plugins\org.eclipse.m2e.maven.runtime_3.9.400.20230826-0755\jars\commons-lang3-3.12.0.jar
2024-03-04 08:28:05,317 [Worker-26: Launching Submit Lab 7 to AutoFeedback (Windows)] INFO  o.eclipse.m2e.core.internal.Bundles - 	Entry: C:\Users\muham\.p2\pool\plugins\org.eclipse.m2e.maven.runtime_3.9.400.20230826-0755\jars\guice-5.1.0.jar
2024-03-04 08:28:05,317 [Worker-26: Launching Submit Lab 7 to AutoFeedback (Windows)] INFO  o.eclipse.m2e.core.internal.Bundles - 	Entry: C:\Users\muham\.p2\pool\plugins\org.eclipse.m2e.maven.runtime_3.9.400.20230826-0755\jars\jansi-2.4.0.jar
2024-03-04 08:28:05,318 [Worker-26: Launching Submit Lab 7 to AutoFeedback (Windows)] INFO  o.eclipse.m2e.core.internal.Bundles - 	Entry: C:\Users\muham\.p2\pool\plugins\org.eclipse.m2e.maven.runtime_3.9.400.20230826-0755\jars\maven-artifact-3.9.4.jar
2024-03-04 08:28:05,319 [Worker-26: Launching Submit Lab 7 to AutoFeedback (Windows)] INFO  o.eclipse.m2e.core.internal.Bundles - 	Entry: C:\Users\muham\.p2\pool\plugins\org.eclipse.m2e.maven.runtime_3.9.400.20230826-0755\jars\maven-builder-support-3.9.4.jar
2024-03-04 08:28:05,319 [Worker-26: Launching Submit Lab 7 to AutoFeedback (Windows)] INFO  o.eclipse.m2e.core.internal.Bundles - 	Entry: C:\Users\muham\.p2\pool\plugins\org.eclipse.m2e.maven.runtime_3.9.400.20230826-0755\jars\maven-compat-3.9.4.jar
2024-03-04 08:28:05,320 [Worker-26: Launching Submit Lab 7 to AutoFeedback (Windows)] INFO  o.eclipse.m2e.core.internal.Bundles - 	Entry: C:\Users\muham\.p2\pool\plugins\org.eclipse.m2e.maven.runtime_3.9.400.20230826-0755\jars\maven-core-3.9.4.jar
2024-03-04 08:28:05,320 [Worker-26: Launching Submit Lab 7 to AutoFeedback (Windows)] INFO  o.eclipse.m2e.core.internal.Bundles - 	Entry: C:\Users\muham\.p2\pool\plugins\org.eclipse.m2e.maven.runtime_3.9.400.20230826-0755\jars\maven-embedder-3.9.4.jar
2024-03-04 08:28:05,320 [Worker-26: Launching Submit Lab 7 to AutoFeedback (Windows)] INFO  o.eclipse.m2e.core.internal.Bundles - 	Entry: C:\Users\muham\.p2\pool\plugins\org.eclipse.m2e.maven.runtime_3.9.400.20230826-0755\jars\maven-model-3.9.4.jar
2024-03-04 08:28:05,321 [Worker-26: Launching Submit Lab 7 to AutoFeedback (Windows)] INFO  o.eclipse.m2e.core.internal.Bundles - 	Entry: C:\Users\muham\.p2\pool\plugins\org.eclipse.m2e.maven.runtime_3.9.400.20230826-0755\jars\maven-model-builder-3.9.4.jar
2024-03-04 08:28:05,321 [Worker-26: Launching Submit Lab 7 to AutoFeedback (Windows)] INFO  o.eclipse.m2e.core.internal.Bundles - 	Entry: C:\Users\muham\.p2\pool\plugins\org.eclipse.m2e.maven.runtime_3.9.400.20230826-0755\jars\maven-plugin-api-3.9.4.jar
2024-03-04 08:28:05,322 [Worker-26: Launching Submit Lab 7 to AutoFeedback (Windows)] INFO  o.eclipse.m2e.core.internal.Bundles - 	Entry: C:\Users\muham\.p2\pool\plugins\org.eclipse.m2e.maven.runtime_3.9.400.20230826-0755\jars\maven-repository-metadata-3.9.4.jar
2024-03-04 08:28:05,322 [Worker-26: Launching Submit Lab 7 to AutoFeedback (Windows)] INFO  o.eclipse.m2e.core.internal.Bundles - 	Entry: C:\Users\muham\.p2\pool\plugins\org.eclipse.m2e.maven.runtime_3.9.400.20230826-0755\jars\maven-resolver-api-1.9.14.jar
2024-03-04 08:28:05,322 [Worker-26: Launching Submit Lab 7 to AutoFeedback (Windows)] INFO  o.eclipse.m2e.core.internal.Bundles - 	Entry: C:\Users\muham\.p2\pool\plugins\org.eclipse.m2e.maven.runtime_3.9.400.20230826-0755\jars\maven-resolver-connector-basic-1.9.14.jar
2024-03-04 08:28:05,324 [Worker-26: Launching Submit Lab 7 to AutoFeedback (Windows)] INFO  o.eclipse.m2e.core.internal.Bundles - 	Entry: C:\Users\muham\.p2\pool\plugins\org.eclipse.m2e.maven.runtime_3.9.400.20230826-0755\jars\maven-resolver-impl-1.9.14.jar
2024-03-04 08:28:05,324 [Worker-26: Launching Submit Lab 7 to AutoFeedback (Windows)] INFO  o.eclipse.m2e.core.internal.Bundles - 	Entry: C:\Users\muham\.p2\pool\plugins\org.eclipse.m2e.maven.runtime_3.9.400.20230826-0755\jars\maven-resolver-named-locks-1.9.14.jar
2024-03-04 08:28:05,324 [Worker-26: Launching Submit Lab 7 to AutoFeedback (Windows)] INFO  o.eclipse.m2e.core.internal.Bundles - 	Entry: C:\Users\muham\.p2\pool\plugins\org.eclipse.m2e.maven.runtime_3.9.400.20230826-0755\jars\maven-resolver-provider-3.9.4.jar
2024-03-04 08:28:05,324 [Worker-26: Launching Submit Lab 7 to AutoFeedback (Windows)] INFO  o.eclipse.m2e.core.internal.Bundles - 	Entry: C:\Users\muham\.p2\pool\plugins\org.eclipse.m2e.maven.runtime_3.9.400.20230826-0755\jars\maven-resolver-spi-1.9.14.jar
2024-03-04 08:28:05,324 [Worker-26: Launching Submit Lab 7 to AutoFeedback (Windows)] INFO  o.eclipse.m2e.core.internal.Bundles - 	Entry: C:\Users\muham\.p2\pool\plugins\org.eclipse.m2e.maven.runtime_3.9.400.20230826-0755\jars\maven-resolver-transport-wagon-1.9.14.jar
2024-03-04 08:28:05,324 [Worker-26: Launching Submit Lab 7 to AutoFeedback (Windows)] INFO  o.eclipse.m2e.core.internal.Bundles - 	Entry: C:\Users\muham\.p2\pool\plugins\org.eclipse.m2e.maven.runtime_3.9.400.20230826-0755\jars\maven-resolver-util-1.9.14.jar
2024-03-04 08:28:05,325 [Worker-26: Launching Submit Lab 7 to AutoFeedback (Windows)] INFO  o.eclipse.m2e.core.internal.Bundles - 	Entry: C:\Users\muham\.p2\pool\plugins\org.eclipse.m2e.maven.runtime_3.9.400.20230826-0755\jars\maven-settings-3.9.4.jar
2024-03-04 08:28:05,325 [Worker-26: Launching Submit Lab 7 to AutoFeedback (Windows)] INFO  o.eclipse.m2e.core.internal.Bundles - 	Entry: C:\Users\muham\.p2\pool\plugins\org.eclipse.m2e.maven.runtime_3.9.400.20230826-0755\jars\maven-settings-builder-3.9.4.jar
2024-03-04 08:28:05,326 [Worker-26: Launching Submit Lab 7 to AutoFeedback (Windows)] INFO  o.eclipse.m2e.core.internal.Bundles - 	Entry: C:\Users\muham\.p2\pool\plugins\org.eclipse.m2e.maven.runtime_3.9.400.20230826-0755\jars\maven-shared-utils-3.3.4.jar
2024-03-04 08:28:05,326 [Worker-26: Launching Submit Lab 7 to AutoFeedback (Windows)] INFO  o.eclipse.m2e.core.internal.Bundles - 	Entry: C:\Users\muham\.p2\pool\plugins\org.eclipse.m2e.maven.runtime_3.9.400.20230826-0755\jars\okhttp-3.14.1.jar
2024-03-04 08:28:05,326 [Worker-26: Launching Submit Lab 7 to AutoFeedback (Windows)] INFO  o.eclipse.m2e.core.internal.Bundles - 	Entry: C:\Users\muham\.p2\pool\plugins\org.eclipse.m2e.maven.runtime_3.9.400.20230826-0755\jars\okio-1.17.3.jar
2024-03-04 08:28:05,327 [Worker-26: Launching Submit Lab 7 to AutoFeedback (Windows)] INFO  o.eclipse.m2e.core.internal.Bundles - 	Entry: C:\Users\muham\.p2\pool\plugins\org.eclipse.m2e.maven.runtime_3.9.400.20230826-0755\jars\org.eclipse.sisu.inject-0.3.5.jar
2024-03-04 08:28:05,327 [Worker-26: Launching Submit Lab 7 to AutoFeedback (Windows)] INFO  o.eclipse.m2e.core.internal.Bundles - 	Entry: C:\Users\muham\.p2\pool\plugins\org.eclipse.m2e.maven.runtime_3.9.400.20230826-0755\jars\org.eclipse.sisu.plexus-0.3.5.jar
2024-03-04 08:28:05,328 [Worker-26: Launching Submit Lab 7 to AutoFeedback (Windows)] INFO  o.eclipse.m2e.core.internal.Bundles - 	Entry: C:\Users\muham\.p2\pool\plugins\org.eclipse.m2e.maven.runtime_3.9.400.20230826-0755\jars\plexus-build-api-0.0.7.jar
2024-03-04 08:28:05,328 [Worker-26: Launching Submit Lab 7 to AutoFeedback (Windows)] INFO  o.eclipse.m2e.core.internal.Bundles - 	Entry: C:\Users\muham\.p2\pool\plugins\org.eclipse.m2e.maven.runtime_3.9.400.20230826-0755\jars\plexus-cipher-2.0.jar
2024-03-04 08:28:05,329 [Worker-26: Launching Submit Lab 7 to AutoFeedback (Windows)] INFO  o.eclipse.m2e.core.internal.Bundles - 	Entry: C:\Users\muham\.p2\pool\plugins\org.eclipse.m2e.maven.runtime_3.9.400.20230826-0755\jars\plexus-classworlds-2.7.0.jar
2024-03-04 08:28:05,329 [Worker-26: Launching Submit Lab 7 to AutoFeedback (Windows)] INFO  o.eclipse.m2e.core.internal.Bundles - 	Entry: C:\Users\muham\.p2\pool\plugins\org.eclipse.m2e.maven.runtime_3.9.400.20230826-0755\jars\plexus-component-annotations-2.1.0.jar
2024-03-04 08:28:05,330 [Worker-26: Launching Submit Lab 7 to AutoFeedback (Windows)] INFO  o.eclipse.m2e.core.internal.Bundles - 	Entry: C:\Users\muham\.p2\pool\plugins\org.eclipse.m2e.maven.runtime_3.9.400.20230826-0755\jars\plexus-interpolation-1.26.jar
2024-03-04 08:28:05,330 [Worker-26: Launching Submit Lab 7 to AutoFeedback (Windows)] INFO  o.eclipse.m2e.core.internal.Bundles - 	Entry: C:\Users\muham\.p2\pool\plugins\org.eclipse.m2e.maven.runtime_3.9.400.20230826-0755\jars\plexus-sec-dispatcher-2.0.jar
2024-03-04 08:28:05,332 [Worker-26: Launching Submit Lab 7 to AutoFeedback (Windows)] INFO  o.eclipse.m2e.core.internal.Bundles - 	Entry: C:\Users\muham\.p2\pool\plugins\org.eclipse.m2e.maven.runtime_3.9.400.20230826-0755\jars\plexus-utils-3.5.1.jar
2024-03-04 08:28:05,332 [Worker-26: Launching Submit Lab 7 to AutoFeedback (Windows)] INFO  o.eclipse.m2e.core.internal.Bundles - 	Entry: C:\Users\muham\.p2\pool\plugins\org.eclipse.m2e.maven.runtime_3.9.400.20230826-0755\jars\wagon-file-3.5.3.jar
2024-03-04 08:28:05,332 [Worker-26: Launching Submit Lab 7 to AutoFeedback (Windows)] INFO  o.eclipse.m2e.core.internal.Bundles - 	Entry: C:\Users\muham\.p2\pool\plugins\org.eclipse.m2e.maven.runtime_3.9.400.20230826-0755\jars\wagon-provider-api-3.5.3.jar
2024-03-04 08:28:05,336 [Worker-26: Launching Submit Lab 7 to AutoFeedback (Windows)] INFO  o.eclipse.m2e.core.internal.Bundles - getClasspathEntries(Bundle=com.google.guava_32.1.2.jre [10])
2024-03-04 08:28:05,338 [Worker-26: Launching Submit Lab 7 to AutoFeedback (Windows)] INFO  o.eclipse.m2e.core.internal.Bundles - 	Entry: C:\Users\muham\.p2\pool\plugins\com.google.guava_32.1.2.jre.jar
2024-03-04 08:28:05,338 [Worker-26: Launching Submit Lab 7 to AutoFeedback (Windows)] INFO  o.eclipse.m2e.core.internal.Bundles - getClasspathEntries(Bundle=slf4j.api_2.0.11 [592])
2024-03-04 08:28:05,338 [Worker-26: Launching Submit Lab 7 to AutoFeedback (Windows)] INFO  o.eclipse.m2e.core.internal.Bundles - 	Entry: C:\Users\muham\.p2\pool\plugins\slf4j.api_2.0.11.jar
2024-03-04 08:28:05,339 [Worker-26: Launching Submit Lab 7 to AutoFeedback (Windows)] INFO  o.eclipse.m2e.core.internal.Bundles - getClasspathEntries(Bundle=javax.inject_1.0.0.v20220405-0441 [26])
2024-03-04 08:28:05,339 [Worker-26: Launching Submit Lab 7 to AutoFeedback (Windows)] INFO  o.eclipse.m2e.core.internal.Bundles - 	Entry: C:\Users\muham\.p2\pool\plugins\javax.inject_1.0.0.v20220405-0441.jar
2024-03-04 08:28:05,341 [Worker-26: Launching Submit Lab 7 to AutoFeedback (Windows)] INFO  o.eclipse.m2e.core.internal.Bundles - getClasspathEntries(Bundle=javax.annotation_1.3.5.v20200909-1856 [24])
2024-03-04 08:28:05,341 [Worker-26: Launching Submit Lab 7 to AutoFeedback (Windows)] INFO  o.eclipse.m2e.core.internal.Bundles - 	Entry: C:\Users\muham\.p2\pool\plugins\javax.annotation_1.3.5.v20200909-1856.jar
2024-03-04 08:28:05,341 [Worker-26: Launching Submit Lab 7 to AutoFeedback (Windows)] INFO  o.eclipse.m2e.core.internal.Bundles - getClasspathEntries(Bundle=org.apache.commons.cli_1.5.0 [49])
2024-03-04 08:28:05,342 [Worker-26: Launching Submit Lab 7 to AutoFeedback (Windows)] INFO  o.eclipse.m2e.core.internal.Bundles - 	Entry: C:\Users\muham\.p2\pool\plugins\org.apache.commons.cli_1.5.0.jar
2024-03-04 08:28:05,342 [Worker-26: Launching Submit Lab 7 to AutoFeedback (Windows)] INFO  o.eclipse.m2e.core.internal.Bundles - getClasspathEntries(Bundle=com.google.guava.failureaccess_1.0.1 [12])
2024-03-04 08:28:05,343 [Worker-26: Launching Submit Lab 7 to AutoFeedback (Windows)] INFO  o.eclipse.m2e.core.internal.Bundles - 	Entry: C:\Users\muham\.p2\pool\plugins\com.google.guava.failureaccess_1.0.1.jar
2024-03-04 08:28:05,353 [Worker-26: Launching Submit Lab 7 to AutoFeedback (Windows)] INFO  o.e.m.i.launch.MavenLaunchDelegate - Run build in "C:\Users\muham\OneDrive - Aston University\Desktop\Comp Sci Degree Docs\Teaching term 2\CS1OOP\JavaWeek18\uk.ac.aston.oop.jcf":
2024-03-04 08:28:05,355 [Worker-26: Launching Submit Lab 7 to AutoFeedback (Windows)] INFO  o.e.m.i.launch.MavenLaunchDelegate -  mvn  -B -Dstyle.color=always autofeedback:uploadSubmission
