2024-03-18 19:13:13,397 [Worker-1: Loading available Gradle versions] INFO  o.e.b.c.i.u.g.PublishedGradleVersions - Gradle version information cache is out-of-date. Trying to update.
2024-03-18 19:14:04,630 [Worker-8: Building] INFO  o.e.m.c.i.l.LifecycleMappingFactory - Using org.eclipse.m2e.jdt.JarLifecycleMapping lifecycle mapping for MavenProject: uk.ac.aston.oop:uk.ac.aston.oop.javafx.assessed:0.0.1-SNAPSHOT @ C:\Users\muham\OneDrive - Aston University\Desktop\Comp Sci Degree Docs\Teaching term 2\CS1OOP\JavaWeek20\uk.ac.aston.oop.javafx.assessed\pom.xml.
2024-03-18 19:14:05,984 [Worker-8: Building] INFO  o.a.m.s.f.DefaultMavenResourcesFiltering - Copying 2 resources from resources to target\classes
2024-03-18 19:14:06,001 [Worker-8: Building] INFO  o.a.m.s.f.DefaultMavenResourcesFiltering - skip non existing resourceDirectory C:\Users\muham\OneDrive - Aston University\Desktop\Comp Sci Degree Docs\Teaching term 2\CS1OOP\JavaWeek20\uk.ac.aston.oop.javafx.assessed\src\test\resources
2024-03-18 19:19:10,463 [Worker-38: Building] INFO  o.a.m.s.f.DefaultMavenResourcesFiltering - Copying 2 resources from resources to target\classes
2024-03-18 19:19:10,470 [Worker-38: Building] INFO  o.a.m.s.f.DefaultMavenResourcesFiltering - skip non existing resourceDirectory C:\Users\muham\OneDrive - Aston University\Desktop\Comp Sci Degree Docs\Teaching term 2\CS1OOP\JavaWeek20\uk.ac.aston.oop.javafx.assessed\src\test\resources
2024-03-18 19:20:02,614 [Worker-7: Building] INFO  o.a.m.s.f.DefaultMavenResourcesFiltering - Copying 2 resources from resources to target\classes
2024-03-18 19:20:02,623 [Worker-7: Building] INFO  o.a.m.s.f.DefaultMavenResourcesFiltering - skip non existing resourceDirectory C:\Users\muham\OneDrive - Aston University\Desktop\Comp Sci Degree Docs\Teaching term 2\CS1OOP\JavaWeek20\uk.ac.aston.oop.javafx.assessed\src\test\resources
2024-03-18 19:20:45,358 [Worker-41: Building] INFO  o.a.m.s.f.DefaultMavenResourcesFiltering - Copying 2 resources from resources to target\classes
2024-03-18 19:20:45,366 [Worker-41: Building] INFO  o.a.m.s.f.DefaultMavenResourcesFiltering - skip non existing resourceDirectory C:\Users\muham\OneDrive - Aston University\Desktop\Comp Sci Degree Docs\Teaching term 2\CS1OOP\JavaWeek20\uk.ac.aston.oop.javafx.assessed\src\test\resources
2024-03-18 19:32:02,103 [Worker-39: Building] INFO  o.a.m.s.f.DefaultMavenResourcesFiltering - Copying 2 resources from resources to target\classes
2024-03-18 19:32:02,107 [Worker-39: Building] INFO  o.a.m.s.f.DefaultMavenResourcesFiltering - skip non existing resourceDirectory C:\Users\muham\OneDrive - Aston University\Desktop\Comp Sci Degree Docs\Teaching term 2\CS1OOP\JavaWeek20\uk.ac.aston.oop.javafx.assessed\src\test\resources
2024-03-18 19:33:19,412 [Worker-40: Building] INFO  o.a.m.s.f.DefaultMavenResourcesFiltering - Copying 2 resources from resources to target\classes
2024-03-18 19:33:19,418 [Worker-40: Building] INFO  o.a.m.s.f.DefaultMavenResourcesFiltering - skip non existing resourceDirectory C:\Users\muham\OneDrive - Aston University\Desktop\Comp Sci Degree Docs\Teaching term 2\CS1OOP\JavaWeek20\uk.ac.aston.oop.javafx.assessed\src\test\resources
2024-03-18 19:59:25,116 [Worker-5: Building] INFO  o.a.m.s.f.DefaultMavenResourcesFiltering - Copying 3 resources from resources to target\classes
2024-03-18 19:59:25,125 [Worker-5: Building] INFO  o.a.m.s.f.DefaultMavenResourcesFiltering - skip non existing resourceDirectory C:\Users\muham\OneDrive - Aston University\Desktop\Comp Sci Degree Docs\Teaching term 2\CS1OOP\JavaWeek20\uk.ac.aston.oop.javafx.assessed\src\test\resources
2024-03-18 20:01:28,158 [Worker-5: Building] INFO  o.a.m.s.f.DefaultMavenResourcesFiltering - Copying 3 resources from resources to target\classes
2024-03-18 20:01:28,164 [Worker-5: Building] INFO  o.a.m.s.f.DefaultMavenResourcesFiltering - skip non existing resourceDirectory C:\Users\muham\OneDrive - Aston University\Desktop\Comp Sci Degree Docs\Teaching term 2\CS1OOP\JavaWeek20\uk.ac.aston.oop.javafx.assessed\src\test\resources
2024-03-18 20:06:43,560 [Worker-45: Building] INFO  o.a.m.s.f.DefaultMavenResourcesFiltering - Copying 3 resources from resources to target\classes
2024-03-18 20:06:43,564 [Worker-45: Building] INFO  o.a.m.s.f.DefaultMavenResourcesFiltering - skip non existing resourceDirectory C:\Users\muham\OneDrive - Aston University\Desktop\Comp Sci Degree Docs\Teaching term 2\CS1OOP\JavaWeek20\uk.ac.aston.oop.javafx.assessed\src\test\resources
2024-03-18 20:07:37,872 [Worker-44: Building] INFO  o.a.m.s.f.DefaultMavenResourcesFiltering - Copying 3 resources from resources to target\classes
2024-03-18 20:07:37,875 [Worker-44: Building] INFO  o.a.m.s.f.DefaultMavenResourcesFiltering - skip non existing resourceDirectory C:\Users\muham\OneDrive - Aston University\Desktop\Comp Sci Degree Docs\Teaching term 2\CS1OOP\JavaWeek20\uk.ac.aston.oop.javafx.assessed\src\test\resources
2024-03-18 20:16:26,677 [Worker-45: Building] INFO  o.a.m.s.f.DefaultMavenResourcesFiltering - Copying 3 resources from resources to target\classes
2024-03-18 20:16:26,681 [Worker-45: Building] INFO  o.a.m.s.f.DefaultMavenResourcesFiltering - skip non existing resourceDirectory C:\Users\muham\OneDrive - Aston University\Desktop\Comp Sci Degree Docs\Teaching term 2\CS1OOP\JavaWeek20\uk.ac.aston.oop.javafx.assessed\src\test\resources
2024-03-18 20:18:15,828 [Worker-5: Launching Main] INFO  o.a.m.s.f.DefaultMavenResourcesFiltering - Copying 3 resources from resources to target\classes
2024-03-18 20:18:15,835 [Worker-5: Launching Main] INFO  o.a.m.s.f.DefaultMavenResourcesFiltering - skip non existing resourceDirectory C:\Users\muham\OneDrive - Aston University\Desktop\Comp Sci Degree Docs\Teaching term 2\CS1OOP\JavaWeek20\uk.ac.aston.oop.javafx.assessed\src\test\resources
2024-03-18 20:19:40,022 [Worker-5: Building] INFO  o.a.m.s.f.DefaultMavenResourcesFiltering - Copying 3 resources from resources to target\classes
2024-03-18 20:19:40,026 [Worker-5: Building] INFO  o.a.m.s.f.DefaultMavenResourcesFiltering - skip non existing resourceDirectory C:\Users\muham\OneDrive - Aston University\Desktop\Comp Sci Degree Docs\Teaching term 2\CS1OOP\JavaWeek20\uk.ac.aston.oop.javafx.assessed\src\test\resources
2024-03-18 20:25:00,076 [Worker-46: Building] INFO  o.a.m.s.f.DefaultMavenResourcesFiltering - Copying 3 resources from resources to target\classes
2024-03-18 20:25:00,080 [Worker-46: Building] INFO  o.a.m.s.f.DefaultMavenResourcesFiltering - skip non existing resourceDirectory C:\Users\muham\OneDrive - Aston University\Desktop\Comp Sci Degree Docs\Teaching term 2\CS1OOP\JavaWeek20\uk.ac.aston.oop.javafx.assessed\src\test\resources
2024-03-18 20:56:25,381 [Worker-5: Building] INFO  o.a.m.s.f.DefaultMavenResourcesFiltering - Copying 3 resources from resources to target\classes
2024-03-18 20:56:25,385 [Worker-5: Building] INFO  o.a.m.s.f.DefaultMavenResourcesFiltering - skip non existing resourceDirectory C:\Users\muham\OneDrive - Aston University\Desktop\Comp Sci Degree Docs\Teaching term 2\CS1OOP\JavaWeek20\uk.ac.aston.oop.javafx.assessed\src\test\resources
2024-03-18 20:59:02,050 [Worker-45: Building] INFO  o.a.m.s.f.DefaultMavenResourcesFiltering - Copying 3 resources from resources to target\classes
2024-03-18 20:59:02,055 [Worker-45: Building] INFO  o.a.m.s.f.DefaultMavenResourcesFiltering - skip non existing resourceDirectory C:\Users\muham\OneDrive - Aston University\Desktop\Comp Sci Degree Docs\Teaching term 2\CS1OOP\JavaWeek20\uk.ac.aston.oop.javafx.assessed\src\test\resources
2024-03-18 20:59:33,065 [Worker-47: Building] INFO  o.a.m.s.f.DefaultMavenResourcesFiltering - Copying 3 resources from resources to target\classes
2024-03-18 20:59:33,068 [Worker-47: Building] INFO  o.a.m.s.f.DefaultMavenResourcesFiltering - skip non existing resourceDirectory C:\Users\muham\OneDrive - Aston University\Desktop\Comp Sci Degree Docs\Teaching term 2\CS1OOP\JavaWeek20\uk.ac.aston.oop.javafx.assessed\src\test\resources
2024-03-18 21:00:01,062 [Worker-47: Building] INFO  o.a.m.s.f.DefaultMavenResourcesFiltering - Copying 3 resources from resources to target\classes
2024-03-18 21:00:01,065 [Worker-47: Building] INFO  o.a.m.s.f.DefaultMavenResourcesFiltering - skip non existing resourceDirectory C:\Users\muham\OneDrive - Aston University\Desktop\Comp Sci Degree Docs\Teaching term 2\CS1OOP\JavaWeek20\uk.ac.aston.oop.javafx.assessed\src\test\resources
2024-03-18 21:08:37,616 [Worker-51: Building] INFO  o.a.m.s.f.DefaultMavenResourcesFiltering - Copying 3 resources from resources to target\classes
2024-03-18 21:08:37,620 [Worker-51: Building] INFO  o.a.m.s.f.DefaultMavenResourcesFiltering - skip non existing resourceDirectory C:\Users\muham\OneDrive - Aston University\Desktop\Comp Sci Degree Docs\Teaching term 2\CS1OOP\JavaWeek20\uk.ac.aston.oop.javafx.assessed\src\test\resources
2024-03-18 21:09:03,464 [Worker-5: Building] INFO  o.a.m.s.f.DefaultMavenResourcesFiltering - Copying 3 resources from resources to target\classes
2024-03-18 21:09:03,467 [Worker-5: Building] INFO  o.a.m.s.f.DefaultMavenResourcesFiltering - skip non existing resourceDirectory C:\Users\muham\OneDrive - Aston University\Desktop\Comp Sci Degree Docs\Teaching term 2\CS1OOP\JavaWeek20\uk.ac.aston.oop.javafx.assessed\src\test\resources
2024-03-18 21:09:13,769 [Worker-52: Building] INFO  o.a.m.s.f.DefaultMavenResourcesFiltering - Copying 3 resources from resources to target\classes
2024-03-18 21:09:13,772 [Worker-52: Building] INFO  o.a.m.s.f.DefaultMavenResourcesFiltering - skip non existing resourceDirectory C:\Users\muham\OneDrive - Aston University\Desktop\Comp Sci Degree Docs\Teaching term 2\CS1OOP\JavaWeek20\uk.ac.aston.oop.javafx.assessed\src\test\resources
2024-03-18 21:12:42,725 [Worker-53: Building] INFO  o.a.m.s.f.DefaultMavenResourcesFiltering - Copying 3 resources from resources to target\classes
2024-03-18 21:12:42,729 [Worker-53: Building] INFO  o.a.m.s.f.DefaultMavenResourcesFiltering - skip non existing resourceDirectory C:\Users\muham\OneDrive - Aston University\Desktop\Comp Sci Degree Docs\Teaching term 2\CS1OOP\JavaWeek20\uk.ac.aston.oop.javafx.assessed\src\test\resources
2024-03-18 21:13:25,316 [Worker-52: Building] INFO  o.a.m.s.f.DefaultMavenResourcesFiltering - Copying 3 resources from resources to target\classes
2024-03-18 21:13:25,320 [Worker-52: Building] INFO  o.a.m.s.f.DefaultMavenResourcesFiltering - skip non existing resourceDirectory C:\Users\muham\OneDrive - Aston University\Desktop\Comp Sci Degree Docs\Teaching term 2\CS1OOP\JavaWeek20\uk.ac.aston.oop.javafx.assessed\src\test\resources
2024-03-18 21:19:47,656 [Worker-52: Building] INFO  o.a.m.s.f.DefaultMavenResourcesFiltering - Copying 3 resources from resources to target\classes
2024-03-18 21:19:47,660 [Worker-52: Building] INFO  o.a.m.s.f.DefaultMavenResourcesFiltering - skip non existing resourceDirectory C:\Users\muham\OneDrive - Aston University\Desktop\Comp Sci Degree Docs\Teaching term 2\CS1OOP\JavaWeek20\uk.ac.aston.oop.javafx.assessed\src\test\resources
2024-03-18 21:20:53,659 [Worker-54: Building] INFO  o.a.m.s.f.DefaultMavenResourcesFiltering - Copying 3 resources from resources to target\classes
2024-03-18 21:20:53,664 [Worker-54: Building] INFO  o.a.m.s.f.DefaultMavenResourcesFiltering - skip non existing resourceDirectory C:\Users\muham\OneDrive - Aston University\Desktop\Comp Sci Degree Docs\Teaching term 2\CS1OOP\JavaWeek20\uk.ac.aston.oop.javafx.assessed\src\test\resources
2024-03-18 21:21:34,736 [Worker-54: Building] INFO  o.a.m.s.f.DefaultMavenResourcesFiltering - Copying 3 resources from resources to target\classes
2024-03-18 21:21:34,740 [Worker-54: Building] INFO  o.a.m.s.f.DefaultMavenResourcesFiltering - skip non existing resourceDirectory C:\Users\muham\OneDrive - Aston University\Desktop\Comp Sci Degree Docs\Teaching term 2\CS1OOP\JavaWeek20\uk.ac.aston.oop.javafx.assessed\src\test\resources
2024-03-18 21:21:42,867 [Worker-54: Building] INFO  o.a.m.s.f.DefaultMavenResourcesFiltering - Copying 3 resources from resources to target\classes
2024-03-18 21:21:42,871 [Worker-54: Building] INFO  o.a.m.s.f.DefaultMavenResourcesFiltering - skip non existing resourceDirectory C:\Users\muham\OneDrive - Aston University\Desktop\Comp Sci Degree Docs\Teaching term 2\CS1OOP\JavaWeek20\uk.ac.aston.oop.javafx.assessed\src\test\resources
2024-03-18 21:21:53,273 [Worker-5: Building] INFO  o.a.m.s.f.DefaultMavenResourcesFiltering - Copying 3 resources from resources to target\classes
2024-03-18 21:21:53,276 [Worker-5: Building] INFO  o.a.m.s.f.DefaultMavenResourcesFiltering - skip non existing resourceDirectory C:\Users\muham\OneDrive - Aston University\Desktop\Comp Sci Degree Docs\Teaching term 2\CS1OOP\JavaWeek20\uk.ac.aston.oop.javafx.assessed\src\test\resources
2024-03-18 21:23:48,215 [Worker-55: Building] INFO  o.a.m.s.f.DefaultMavenResourcesFiltering - Copying 3 resources from resources to target\classes
2024-03-18 21:23:48,218 [Worker-55: Building] INFO  o.a.m.s.f.DefaultMavenResourcesFiltering - skip non existing resourceDirectory C:\Users\muham\OneDrive - Aston University\Desktop\Comp Sci Degree Docs\Teaching term 2\CS1OOP\JavaWeek20\uk.ac.aston.oop.javafx.assessed\src\test\resources
2024-03-18 21:24:15,849 [Worker-53: Building] INFO  o.a.m.s.f.DefaultMavenResourcesFiltering - Copying 3 resources from resources to target\classes
2024-03-18 21:24:15,852 [Worker-53: Building] INFO  o.a.m.s.f.DefaultMavenResourcesFiltering - skip non existing resourceDirectory C:\Users\muham\OneDrive - Aston University\Desktop\Comp Sci Degree Docs\Teaching term 2\CS1OOP\JavaWeek20\uk.ac.aston.oop.javafx.assessed\src\test\resources
2024-03-18 21:25:26,975 [Worker-52: Building] INFO  o.a.m.s.f.DefaultMavenResourcesFiltering - Copying 3 resources from resources to target\classes
2024-03-18 21:25:26,978 [Worker-52: Building] INFO  o.a.m.s.f.DefaultMavenResourcesFiltering - skip non existing resourceDirectory C:\Users\muham\OneDrive - Aston University\Desktop\Comp Sci Degree Docs\Teaching term 2\CS1OOP\JavaWeek20\uk.ac.aston.oop.javafx.assessed\src\test\resources
2024-03-18 21:26:08,567 [Worker-54: Building] INFO  o.a.m.s.f.DefaultMavenResourcesFiltering - Copying 3 resources from resources to target\classes
2024-03-18 21:26:08,569 [Worker-54: Building] INFO  o.a.m.s.f.DefaultMavenResourcesFiltering - skip non existing resourceDirectory C:\Users\muham\OneDrive - Aston University\Desktop\Comp Sci Degree Docs\Teaching term 2\CS1OOP\JavaWeek20\uk.ac.aston.oop.javafx.assessed\src\test\resources
2024-03-18 21:28:08,941 [Worker-54: Building] INFO  o.a.m.s.f.DefaultMavenResourcesFiltering - Copying 3 resources from resources to target\classes
2024-03-18 21:28:08,945 [Worker-54: Building] INFO  o.a.m.s.f.DefaultMavenResourcesFiltering - skip non existing resourceDirectory C:\Users\muham\OneDrive - Aston University\Desktop\Comp Sci Degree Docs\Teaching term 2\CS1OOP\JavaWeek20\uk.ac.aston.oop.javafx.assessed\src\test\resources
2024-03-18 21:30:52,410 [Worker-52: Building] INFO  o.a.m.s.f.DefaultMavenResourcesFiltering - Copying 3 resources from resources to target\classes
2024-03-18 21:30:52,414 [Worker-52: Building] INFO  o.a.m.s.f.DefaultMavenResourcesFiltering - skip non existing resourceDirectory C:\Users\muham\OneDrive - Aston University\Desktop\Comp Sci Degree Docs\Teaching term 2\CS1OOP\JavaWeek20\uk.ac.aston.oop.javafx.assessed\src\test\resources
2024-03-18 21:31:24,598 [Worker-54: Building] INFO  o.a.m.s.f.DefaultMavenResourcesFiltering - Copying 3 resources from resources to target\classes
2024-03-18 21:31:24,602 [Worker-54: Building] INFO  o.a.m.s.f.DefaultMavenResourcesFiltering - skip non existing resourceDirectory C:\Users\muham\OneDrive - Aston University\Desktop\Comp Sci Degree Docs\Teaching term 2\CS1OOP\JavaWeek20\uk.ac.aston.oop.javafx.assessed\src\test\resources
2024-03-18 21:33:34,103 [Worker-52: Building] INFO  o.a.m.s.f.DefaultMavenResourcesFiltering - Copying 3 resources from resources to target\classes
2024-03-18 21:33:34,106 [Worker-52: Building] INFO  o.a.m.s.f.DefaultMavenResourcesFiltering - skip non existing resourceDirectory C:\Users\muham\OneDrive - Aston University\Desktop\Comp Sci Degree Docs\Teaching term 2\CS1OOP\JavaWeek20\uk.ac.aston.oop.javafx.assessed\src\test\resources
2024-03-18 21:34:18,023 [Worker-53: Building] INFO  o.a.m.s.f.DefaultMavenResourcesFiltering - Copying 3 resources from resources to target\classes
2024-03-18 21:34:18,028 [Worker-53: Building] INFO  o.a.m.s.f.DefaultMavenResourcesFiltering - skip non existing resourceDirectory C:\Users\muham\OneDrive - Aston University\Desktop\Comp Sci Degree Docs\Teaching term 2\CS1OOP\JavaWeek20\uk.ac.aston.oop.javafx.assessed\src\test\resources
2024-03-18 21:35:46,351 [Worker-53: Building] INFO  o.a.m.s.f.DefaultMavenResourcesFiltering - Copying 3 resources from resources to target\classes
2024-03-18 21:35:46,354 [Worker-53: Building] INFO  o.a.m.s.f.DefaultMavenResourcesFiltering - skip non existing resourceDirectory C:\Users\muham\OneDrive - Aston University\Desktop\Comp Sci Degree Docs\Teaching term 2\CS1OOP\JavaWeek20\uk.ac.aston.oop.javafx.assessed\src\test\resources
2024-03-18 21:46:18,720 [Worker-53: Building] INFO  o.a.m.s.f.DefaultMavenResourcesFiltering - Copying 3 resources from resources to target\classes
2024-03-18 21:46:18,726 [Worker-53: Building] INFO  o.a.m.s.f.DefaultMavenResourcesFiltering - skip non existing resourceDirectory C:\Users\muham\OneDrive - Aston University\Desktop\Comp Sci Degree Docs\Teaching term 2\CS1OOP\JavaWeek20\uk.ac.aston.oop.javafx.assessed\src\test\resources
2024-03-18 21:50:44,106 [Worker-56: Building] INFO  o.a.m.s.f.DefaultMavenResourcesFiltering - Copying 3 resources from resources to target\classes
2024-03-18 21:50:44,114 [Worker-56: Building] INFO  o.a.m.s.f.DefaultMavenResourcesFiltering - skip non existing resourceDirectory C:\Users\muham\OneDrive - Aston University\Desktop\Comp Sci Degree Docs\Teaching term 2\CS1OOP\JavaWeek20\uk.ac.aston.oop.javafx.assessed\src\test\resources
2024-03-18 21:54:52,590 [Worker-56: Building] INFO  o.a.m.s.f.DefaultMavenResourcesFiltering - Copying 3 resources from resources to target\classes
2024-03-18 21:54:52,596 [Worker-56: Building] INFO  o.a.m.s.f.DefaultMavenResourcesFiltering - skip non existing resourceDirectory C:\Users\muham\OneDrive - Aston University\Desktop\Comp Sci Degree Docs\Teaching term 2\CS1OOP\JavaWeek20\uk.ac.aston.oop.javafx.assessed\src\test\resources
2024-03-18 21:57:29,985 [Worker-54: Building] INFO  o.a.m.s.f.DefaultMavenResourcesFiltering - Copying 3 resources from resources to target\classes
2024-03-18 21:57:29,990 [Worker-54: Building] INFO  o.a.m.s.f.DefaultMavenResourcesFiltering - skip non existing resourceDirectory C:\Users\muham\OneDrive - Aston University\Desktop\Comp Sci Degree Docs\Teaching term 2\CS1OOP\JavaWeek20\uk.ac.aston.oop.javafx.assessed\src\test\resources
2024-03-18 21:57:49,050 [Worker-56: Building] INFO  o.a.m.s.f.DefaultMavenResourcesFiltering - Copying 3 resources from resources to target\classes
2024-03-18 21:57:49,055 [Worker-56: Building] INFO  o.a.m.s.f.DefaultMavenResourcesFiltering - skip non existing resourceDirectory C:\Users\muham\OneDrive - Aston University\Desktop\Comp Sci Degree Docs\Teaching term 2\CS1OOP\JavaWeek20\uk.ac.aston.oop.javafx.assessed\src\test\resources
2024-03-18 21:59:55,878 [Worker-54: Building] INFO  o.a.m.s.f.DefaultMavenResourcesFiltering - Copying 3 resources from resources to target\classes
2024-03-18 21:59:55,884 [Worker-54: Building] INFO  o.a.m.s.f.DefaultMavenResourcesFiltering - skip non existing resourceDirectory C:\Users\muham\OneDrive - Aston University\Desktop\Comp Sci Degree Docs\Teaching term 2\CS1OOP\JavaWeek20\uk.ac.aston.oop.javafx.assessed\src\test\resources
2024-03-18 22:04:21,999 [Worker-56: Launching Main] INFO  o.a.m.s.f.DefaultMavenResourcesFiltering - Copying 3 resources from resources to target\classes
2024-03-18 22:04:22,009 [Worker-56: Launching Main] INFO  o.a.m.s.f.DefaultMavenResourcesFiltering - skip non existing resourceDirectory C:\Users\muham\OneDrive - Aston University\Desktop\Comp Sci Degree Docs\Teaching term 2\CS1OOP\JavaWeek20\uk.ac.aston.oop.javafx.assessed\src\test\resources
2024-03-18 22:20:30,440 [Worker-59: Launching Submit Assessed JavaFX Lab to AutoFeedback (Windows)] INFO  o.eclipse.m2e.core.internal.Bundles - getClasspathEntries(Bundle=org.eclipse.m2e.maven.runtime_3.9.400.20230826-0755 [297])
2024-03-18 22:20:30,443 [Worker-59: Launching Submit Assessed JavaFX Lab to AutoFeedback (Windows)] INFO  o.eclipse.m2e.core.internal.Bundles - 	Entry: C:\Users\muham\.p2\pool\plugins\org.eclipse.m2e.maven.runtime_3.9.400.20230826-0755
2024-03-18 22:20:30,444 [Worker-59: Launching Submit Assessed JavaFX Lab to AutoFeedback (Windows)] INFO  o.eclipse.m2e.core.internal.Bundles - 	Entry: C:\Users\muham\.p2\pool\plugins\org.eclipse.m2e.maven.runtime_3.9.400.20230826-0755\jars\aether-connector-okhttp-0.17.8.jar
2024-03-18 22:20:30,444 [Worker-59: Launching Submit Assessed JavaFX Lab to AutoFeedback (Windows)] INFO  o.eclipse.m2e.core.internal.Bundles - 	Entry: C:\Users\muham\.p2\pool\plugins\org.eclipse.m2e.maven.runtime_3.9.400.20230826-0755\jars\aopalliance-1.0.jar
2024-03-18 22:20:30,444 [Worker-59: Launching Submit Assessed JavaFX Lab to AutoFeedback (Windows)] INFO  o.eclipse.m2e.core.internal.Bundles - 	Entry: C:\Users\muham\.p2\pool\plugins\org.eclipse.m2e.maven.runtime_3.9.400.20230826-0755\jars\commons-lang3-3.12.0.jar
2024-03-18 22:20:30,445 [Worker-59: Launching Submit Assessed JavaFX Lab to AutoFeedback (Windows)] INFO  o.eclipse.m2e.core.internal.Bundles - 	Entry: C:\Users\muham\.p2\pool\plugins\org.eclipse.m2e.maven.runtime_3.9.400.20230826-0755\jars\guice-5.1.0.jar
2024-03-18 22:20:30,445 [Worker-59: Launching Submit Assessed JavaFX Lab to AutoFeedback (Windows)] INFO  o.eclipse.m2e.core.internal.Bundles - 	Entry: C:\Users\muham\.p2\pool\plugins\org.eclipse.m2e.maven.runtime_3.9.400.20230826-0755\jars\jansi-2.4.0.jar
2024-03-18 22:20:30,446 [Worker-59: Launching Submit Assessed JavaFX Lab to AutoFeedback (Windows)] INFO  o.eclipse.m2e.core.internal.Bundles - 	Entry: C:\Users\muham\.p2\pool\plugins\org.eclipse.m2e.maven.runtime_3.9.400.20230826-0755\jars\maven-artifact-3.9.4.jar
2024-03-18 22:20:30,446 [Worker-59: Launching Submit Assessed JavaFX Lab to AutoFeedback (Windows)] INFO  o.eclipse.m2e.core.internal.Bundles - 	Entry: C:\Users\muham\.p2\pool\plugins\org.eclipse.m2e.maven.runtime_3.9.400.20230826-0755\jars\maven-builder-support-3.9.4.jar
2024-03-18 22:20:30,446 [Worker-59: Launching Submit Assessed JavaFX Lab to AutoFeedback (Windows)] INFO  o.eclipse.m2e.core.internal.Bundles - 	Entry: C:\Users\muham\.p2\pool\plugins\org.eclipse.m2e.maven.runtime_3.9.400.20230826-0755\jars\maven-compat-3.9.4.jar
2024-03-18 22:20:30,447 [Worker-59: Launching Submit Assessed JavaFX Lab to AutoFeedback (Windows)] INFO  o.eclipse.m2e.core.internal.Bundles - 	Entry: C:\Users\muham\.p2\pool\plugins\org.eclipse.m2e.maven.runtime_3.9.400.20230826-0755\jars\maven-core-3.9.4.jar
2024-03-18 22:20:30,447 [Worker-59: Launching Submit Assessed JavaFX Lab to AutoFeedback (Windows)] INFO  o.eclipse.m2e.core.internal.Bundles - 	Entry: C:\Users\muham\.p2\pool\plugins\org.eclipse.m2e.maven.runtime_3.9.400.20230826-0755\jars\maven-embedder-3.9.4.jar
2024-03-18 22:20:30,447 [Worker-59: Launching Submit Assessed JavaFX Lab to AutoFeedback (Windows)] INFO  o.eclipse.m2e.core.internal.Bundles - 	Entry: C:\Users\muham\.p2\pool\plugins\org.eclipse.m2e.maven.runtime_3.9.400.20230826-0755\jars\maven-model-3.9.4.jar
2024-03-18 22:20:30,448 [Worker-59: Launching Submit Assessed JavaFX Lab to AutoFeedback (Windows)] INFO  o.eclipse.m2e.core.internal.Bundles - 	Entry: C:\Users\muham\.p2\pool\plugins\org.eclipse.m2e.maven.runtime_3.9.400.20230826-0755\jars\maven-model-builder-3.9.4.jar
2024-03-18 22:20:30,448 [Worker-59: Launching Submit Assessed JavaFX Lab to AutoFeedback (Windows)] INFO  o.eclipse.m2e.core.internal.Bundles - 	Entry: C:\Users\muham\.p2\pool\plugins\org.eclipse.m2e.maven.runtime_3.9.400.20230826-0755\jars\maven-plugin-api-3.9.4.jar
2024-03-18 22:20:30,448 [Worker-59: Launching Submit Assessed JavaFX Lab to AutoFeedback (Windows)] INFO  o.eclipse.m2e.core.internal.Bundles - 	Entry: C:\Users\muham\.p2\pool\plugins\org.eclipse.m2e.maven.runtime_3.9.400.20230826-0755\jars\maven-repository-metadata-3.9.4.jar
2024-03-18 22:20:30,449 [Worker-59: Launching Submit Assessed JavaFX Lab to AutoFeedback (Windows)] INFO  o.eclipse.m2e.core.internal.Bundles - 	Entry: C:\Users\muham\.p2\pool\plugins\org.eclipse.m2e.maven.runtime_3.9.400.20230826-0755\jars\maven-resolver-api-1.9.14.jar
2024-03-18 22:20:30,449 [Worker-59: Launching Submit Assessed JavaFX Lab to AutoFeedback (Windows)] INFO  o.eclipse.m2e.core.internal.Bundles - 	Entry: C:\Users\muham\.p2\pool\plugins\org.eclipse.m2e.maven.runtime_3.9.400.20230826-0755\jars\maven-resolver-connector-basic-1.9.14.jar
2024-03-18 22:20:30,450 [Worker-59: Launching Submit Assessed JavaFX Lab to AutoFeedback (Windows)] INFO  o.eclipse.m2e.core.internal.Bundles - 	Entry: C:\Users\muham\.p2\pool\plugins\org.eclipse.m2e.maven.runtime_3.9.400.20230826-0755\jars\maven-resolver-impl-1.9.14.jar
2024-03-18 22:20:30,450 [Worker-59: Launching Submit Assessed JavaFX Lab to AutoFeedback (Windows)] INFO  o.eclipse.m2e.core.internal.Bundles - 	Entry: C:\Users\muham\.p2\pool\plugins\org.eclipse.m2e.maven.runtime_3.9.400.20230826-0755\jars\maven-resolver-named-locks-1.9.14.jar
2024-03-18 22:20:30,450 [Worker-59: Launching Submit Assessed JavaFX Lab to AutoFeedback (Windows)] INFO  o.eclipse.m2e.core.internal.Bundles - 	Entry: C:\Users\muham\.p2\pool\plugins\org.eclipse.m2e.maven.runtime_3.9.400.20230826-0755\jars\maven-resolver-provider-3.9.4.jar
2024-03-18 22:20:30,451 [Worker-59: Launching Submit Assessed JavaFX Lab to AutoFeedback (Windows)] INFO  o.eclipse.m2e.core.internal.Bundles - 	Entry: C:\Users\muham\.p2\pool\plugins\org.eclipse.m2e.maven.runtime_3.9.400.20230826-0755\jars\maven-resolver-spi-1.9.14.jar
2024-03-18 22:20:30,451 [Worker-59: Launching Submit Assessed JavaFX Lab to AutoFeedback (Windows)] INFO  o.eclipse.m2e.core.internal.Bundles - 	Entry: C:\Users\muham\.p2\pool\plugins\org.eclipse.m2e.maven.runtime_3.9.400.20230826-0755\jars\maven-resolver-transport-wagon-1.9.14.jar
2024-03-18 22:20:30,452 [Worker-59: Launching Submit Assessed JavaFX Lab to AutoFeedback (Windows)] INFO  o.eclipse.m2e.core.internal.Bundles - 	Entry: C:\Users\muham\.p2\pool\plugins\org.eclipse.m2e.maven.runtime_3.9.400.20230826-0755\jars\maven-resolver-util-1.9.14.jar
2024-03-18 22:20:30,452 [Worker-59: Launching Submit Assessed JavaFX Lab to AutoFeedback (Windows)] INFO  o.eclipse.m2e.core.internal.Bundles - 	Entry: C:\Users\muham\.p2\pool\plugins\org.eclipse.m2e.maven.runtime_3.9.400.20230826-0755\jars\maven-settings-3.9.4.jar
2024-03-18 22:20:30,452 [Worker-59: Launching Submit Assessed JavaFX Lab to AutoFeedback (Windows)] INFO  o.eclipse.m2e.core.internal.Bundles - 	Entry: C:\Users\muham\.p2\pool\plugins\org.eclipse.m2e.maven.runtime_3.9.400.20230826-0755\jars\maven-settings-builder-3.9.4.jar
2024-03-18 22:20:30,453 [Worker-59: Launching Submit Assessed JavaFX Lab to AutoFeedback (Windows)] INFO  o.eclipse.m2e.core.internal.Bundles - 	Entry: C:\Users\muham\.p2\pool\plugins\org.eclipse.m2e.maven.runtime_3.9.400.20230826-0755\jars\maven-shared-utils-3.3.4.jar
2024-03-18 22:20:30,453 [Worker-59: Launching Submit Assessed JavaFX Lab to AutoFeedback (Windows)] INFO  o.eclipse.m2e.core.internal.Bundles - 	Entry: C:\Users\muham\.p2\pool\plugins\org.eclipse.m2e.maven.runtime_3.9.400.20230826-0755\jars\okhttp-3.14.1.jar
2024-03-18 22:20:30,453 [Worker-59: Launching Submit Assessed JavaFX Lab to AutoFeedback (Windows)] INFO  o.eclipse.m2e.core.internal.Bundles - 	Entry: C:\Users\muham\.p2\pool\plugins\org.eclipse.m2e.maven.runtime_3.9.400.20230826-0755\jars\okio-1.17.3.jar
2024-03-18 22:20:30,454 [Worker-59: Launching Submit Assessed JavaFX Lab to AutoFeedback (Windows)] INFO  o.eclipse.m2e.core.internal.Bundles - 	Entry: C:\Users\muham\.p2\pool\plugins\org.eclipse.m2e.maven.runtime_3.9.400.20230826-0755\jars\org.eclipse.sisu.inject-0.3.5.jar
2024-03-18 22:20:30,454 [Worker-59: Launching Submit Assessed JavaFX Lab to AutoFeedback (Windows)] INFO  o.eclipse.m2e.core.internal.Bundles - 	Entry: C:\Users\muham\.p2\pool\plugins\org.eclipse.m2e.maven.runtime_3.9.400.20230826-0755\jars\org.eclipse.sisu.plexus-0.3.5.jar
2024-03-18 22:20:30,455 [Worker-59: Launching Submit Assessed JavaFX Lab to AutoFeedback (Windows)] INFO  o.eclipse.m2e.core.internal.Bundles - 	Entry: C:\Users\muham\.p2\pool\plugins\org.eclipse.m2e.maven.runtime_3.9.400.20230826-0755\jars\plexus-build-api-0.0.7.jar
2024-03-18 22:20:30,455 [Worker-59: Launching Submit Assessed JavaFX Lab to AutoFeedback (Windows)] INFO  o.eclipse.m2e.core.internal.Bundles - 	Entry: C:\Users\muham\.p2\pool\plugins\org.eclipse.m2e.maven.runtime_3.9.400.20230826-0755\jars\plexus-cipher-2.0.jar
2024-03-18 22:20:30,456 [Worker-59: Launching Submit Assessed JavaFX Lab to AutoFeedback (Windows)] INFO  o.eclipse.m2e.core.internal.Bundles - 	Entry: C:\Users\muham\.p2\pool\plugins\org.eclipse.m2e.maven.runtime_3.9.400.20230826-0755\jars\plexus-classworlds-2.7.0.jar
2024-03-18 22:20:30,456 [Worker-59: Launching Submit Assessed JavaFX Lab to AutoFeedback (Windows)] INFO  o.eclipse.m2e.core.internal.Bundles - 	Entry: C:\Users\muham\.p2\pool\plugins\org.eclipse.m2e.maven.runtime_3.9.400.20230826-0755\jars\plexus-component-annotations-2.1.0.jar
2024-03-18 22:20:30,456 [Worker-59: Launching Submit Assessed JavaFX Lab to AutoFeedback (Windows)] INFO  o.eclipse.m2e.core.internal.Bundles - 	Entry: C:\Users\muham\.p2\pool\plugins\org.eclipse.m2e.maven.runtime_3.9.400.20230826-0755\jars\plexus-interpolation-1.26.jar
2024-03-18 22:20:30,458 [Worker-59: Launching Submit Assessed JavaFX Lab to AutoFeedback (Windows)] INFO  o.eclipse.m2e.core.internal.Bundles - 	Entry: C:\Users\muham\.p2\pool\plugins\org.eclipse.m2e.maven.runtime_3.9.400.20230826-0755\jars\plexus-sec-dispatcher-2.0.jar
2024-03-18 22:20:30,459 [Worker-59: Launching Submit Assessed JavaFX Lab to AutoFeedback (Windows)] INFO  o.eclipse.m2e.core.internal.Bundles - 	Entry: C:\Users\muham\.p2\pool\plugins\org.eclipse.m2e.maven.runtime_3.9.400.20230826-0755\jars\plexus-utils-3.5.1.jar
2024-03-18 22:20:30,459 [Worker-59: Launching Submit Assessed JavaFX Lab to AutoFeedback (Windows)] INFO  o.eclipse.m2e.core.internal.Bundles - 	Entry: C:\Users\muham\.p2\pool\plugins\org.eclipse.m2e.maven.runtime_3.9.400.20230826-0755\jars\wagon-file-3.5.3.jar
2024-03-18 22:20:30,459 [Worker-59: Launching Submit Assessed JavaFX Lab to AutoFeedback (Windows)] INFO  o.eclipse.m2e.core.internal.Bundles - 	Entry: C:\Users\muham\.p2\pool\plugins\org.eclipse.m2e.maven.runtime_3.9.400.20230826-0755\jars\wagon-provider-api-3.5.3.jar
2024-03-18 22:20:30,461 [Worker-59: Launching Submit Assessed JavaFX Lab to AutoFeedback (Windows)] INFO  o.eclipse.m2e.core.internal.Bundles - getClasspathEntries(Bundle=com.google.guava_33.0.0.jre [597])
2024-03-18 22:20:30,462 [Worker-59: Launching Submit Assessed JavaFX Lab to AutoFeedback (Windows)] INFO  o.eclipse.m2e.core.internal.Bundles - 	Entry: C:\Users\muham\.p2\pool\plugins\com.google.guava_33.0.0.jre.jar
2024-03-18 22:20:30,462 [Worker-59: Launching Submit Assessed JavaFX Lab to AutoFeedback (Windows)] INFO  o.eclipse.m2e.core.internal.Bundles - getClasspathEntries(Bundle=slf4j.api_2.0.12 [777])
2024-03-18 22:20:30,463 [Worker-59: Launching Submit Assessed JavaFX Lab to AutoFeedback (Windows)] INFO  o.eclipse.m2e.core.internal.Bundles - 	Entry: C:\Users\muham\.p2\pool\plugins\slf4j.api_2.0.12.jar
2024-03-18 22:20:30,463 [Worker-59: Launching Submit Assessed JavaFX Lab to AutoFeedback (Windows)] INFO  o.eclipse.m2e.core.internal.Bundles - getClasspathEntries(Bundle=javax.inject_1.0.0.v20220405-0441 [26])
2024-03-18 22:20:30,464 [Worker-59: Launching Submit Assessed JavaFX Lab to AutoFeedback (Windows)] INFO  o.eclipse.m2e.core.internal.Bundles - 	Entry: C:\Users\muham\.p2\pool\plugins\javax.inject_1.0.0.v20220405-0441.jar
2024-03-18 22:20:30,464 [Worker-59: Launching Submit Assessed JavaFX Lab to AutoFeedback (Windows)] INFO  o.eclipse.m2e.core.internal.Bundles - getClasspathEntries(Bundle=javax.annotation_1.3.5.v20200909-1856 [24])
2024-03-18 22:20:30,464 [Worker-59: Launching Submit Assessed JavaFX Lab to AutoFeedback (Windows)] INFO  o.eclipse.m2e.core.internal.Bundles - 	Entry: C:\Users\muham\.p2\pool\plugins\javax.annotation_1.3.5.v20200909-1856.jar
2024-03-18 22:20:30,464 [Worker-59: Launching Submit Assessed JavaFX Lab to AutoFeedback (Windows)] INFO  o.eclipse.m2e.core.internal.Bundles - getClasspathEntries(Bundle=org.apache.commons.cli_1.6.0 [609])
2024-03-18 22:20:30,465 [Worker-59: Launching Submit Assessed JavaFX Lab to AutoFeedback (Windows)] INFO  o.eclipse.m2e.core.internal.Bundles - 	Entry: C:\Users\muham\.p2\pool\plugins\org.apache.commons.cli_1.6.0.jar
2024-03-18 22:20:30,465 [Worker-59: Launching Submit Assessed JavaFX Lab to AutoFeedback (Windows)] INFO  o.eclipse.m2e.core.internal.Bundles - getClasspathEntries(Bundle=com.google.guava.failureaccess_1.0.2 [598])
2024-03-18 22:20:30,466 [Worker-59: Launching Submit Assessed JavaFX Lab to AutoFeedback (Windows)] INFO  o.eclipse.m2e.core.internal.Bundles - 	Entry: C:\Users\muham\.p2\pool\plugins\com.google.guava.failureaccess_1.0.2.jar
2024-03-18 22:20:30,472 [Worker-59: Launching Submit Assessed JavaFX Lab to AutoFeedback (Windows)] INFO  o.e.m.i.launch.MavenLaunchDelegate - Run build in "C:\Users\muham\OneDrive - Aston University\Desktop\Comp Sci Degree Docs\Teaching term 2\CS1OOP\JavaWeek20\uk.ac.aston.oop.javafx.assessed":
2024-03-18 22:20:30,472 [Worker-59: Launching Submit Assessed JavaFX Lab to AutoFeedback (Windows)] INFO  o.e.m.i.launch.MavenLaunchDelegate -  mvn  -B -Dstyle.color=always autofeedback:uploadSubmission
2024-03-18 22:25:10,968 [Worker-56: Building] INFO  o.a.m.s.f.DefaultMavenResourcesFiltering - Copying 1 resource from resources to target\classes
2024-03-18 22:25:10,992 [Worker-56: Building] INFO  o.a.m.s.f.DefaultMavenResourcesFiltering - skip non existing resourceDirectory C:\Users\muham\OneDrive - Aston University\Desktop\Comp Sci Degree Docs\Teaching term 2\CS1OOP\JavaWeek20\uk.ac.aston.oop.javafx.assessed\src\test\resources
2024-03-18 22:28:50,661 [Worker-59: Building] INFO  o.a.m.s.f.DefaultMavenResourcesFiltering - Copying 3 resources from resources to target\classes
2024-03-18 22:28:50,666 [Worker-59: Building] INFO  o.a.m.s.f.DefaultMavenResourcesFiltering - skip non existing resourceDirectory C:\Users\muham\OneDrive - Aston University\Desktop\Comp Sci Degree Docs\Teaching term 2\CS1OOP\JavaWeek20\uk.ac.aston.oop.javafx.assessed\src\test\resources
2024-03-18 22:29:56,140 [Worker-56: Building] INFO  o.a.m.s.f.DefaultMavenResourcesFiltering - Copying 1 resource from resources to target\classes
2024-03-18 22:29:56,151 [Worker-56: Building] INFO  o.a.m.s.f.DefaultMavenResourcesFiltering - skip non existing resourceDirectory C:\Users\muham\OneDrive - Aston University\Desktop\Comp Sci Degree Docs\Teaching term 2\CS1OOP\JavaWeek20\uk.ac.aston.oop.javafx.assessed\src\test\resources
2024-03-18 22:34:26,312 [Worker-63: Building] INFO  o.a.m.s.f.DefaultMavenResourcesFiltering - Copying 3 resources from resources to target\classes
2024-03-18 22:34:26,318 [Worker-63: Building] INFO  o.a.m.s.f.DefaultMavenResourcesFiltering - skip non existing resourceDirectory C:\Users\muham\OneDrive - Aston University\Desktop\Comp Sci Degree Docs\Teaching term 2\CS1OOP\JavaWeek20\uk.ac.aston.oop.javafx.assessed\src\test\resources
2024-03-18 22:35:22,323 [Worker-56: Launching Submit Assessed JavaFX Lab to AutoFeedback (Windows)] INFO  o.eclipse.m2e.core.internal.Bundles - getClasspathEntries(Bundle=org.eclipse.m2e.maven.runtime_3.9.400.20230826-0755 [297])
2024-03-18 22:35:22,324 [Worker-56: Launching Submit Assessed JavaFX Lab to AutoFeedback (Windows)] INFO  o.eclipse.m2e.core.internal.Bundles - 	Entry: C:\Users\muham\.p2\pool\plugins\org.eclipse.m2e.maven.runtime_3.9.400.20230826-0755
2024-03-18 22:35:22,325 [Worker-56: Launching Submit Assessed JavaFX Lab to AutoFeedback (Windows)] INFO  o.eclipse.m2e.core.internal.Bundles - 	Entry: C:\Users\muham\.p2\pool\plugins\org.eclipse.m2e.maven.runtime_3.9.400.20230826-0755\jars\aether-connector-okhttp-0.17.8.jar
2024-03-18 22:35:22,326 [Worker-56: Launching Submit Assessed JavaFX Lab to AutoFeedback (Windows)] INFO  o.eclipse.m2e.core.internal.Bundles - 	Entry: C:\Users\muham\.p2\pool\plugins\org.eclipse.m2e.maven.runtime_3.9.400.20230826-0755\jars\aopalliance-1.0.jar
2024-03-18 22:35:22,326 [Worker-56: Launching Submit Assessed JavaFX Lab to AutoFeedback (Windows)] INFO  o.eclipse.m2e.core.internal.Bundles - 	Entry: C:\Users\muham\.p2\pool\plugins\org.eclipse.m2e.maven.runtime_3.9.400.20230826-0755\jars\commons-lang3-3.12.0.jar
2024-03-18 22:35:22,326 [Worker-56: Launching Submit Assessed JavaFX Lab to AutoFeedback (Windows)] INFO  o.eclipse.m2e.core.internal.Bundles - 	Entry: C:\Users\muham\.p2\pool\plugins\org.eclipse.m2e.maven.runtime_3.9.400.20230826-0755\jars\guice-5.1.0.jar
2024-03-18 22:35:22,327 [Worker-56: Launching Submit Assessed JavaFX Lab to AutoFeedback (Windows)] INFO  o.eclipse.m2e.core.internal.Bundles - 	Entry: C:\Users\muham\.p2\pool\plugins\org.eclipse.m2e.maven.runtime_3.9.400.20230826-0755\jars\jansi-2.4.0.jar
2024-03-18 22:35:22,327 [Worker-56: Launching Submit Assessed JavaFX Lab to AutoFeedback (Windows)] INFO  o.eclipse.m2e.core.internal.Bundles - 	Entry: C:\Users\muham\.p2\pool\plugins\org.eclipse.m2e.maven.runtime_3.9.400.20230826-0755\jars\maven-artifact-3.9.4.jar
2024-03-18 22:35:22,328 [Worker-56: Launching Submit Assessed JavaFX Lab to AutoFeedback (Windows)] INFO  o.eclipse.m2e.core.internal.Bundles - 	Entry: C:\Users\muham\.p2\pool\plugins\org.eclipse.m2e.maven.runtime_3.9.400.20230826-0755\jars\maven-builder-support-3.9.4.jar
2024-03-18 22:35:22,328 [Worker-56: Launching Submit Assessed JavaFX Lab to AutoFeedback (Windows)] INFO  o.eclipse.m2e.core.internal.Bundles - 	Entry: C:\Users\muham\.p2\pool\plugins\org.eclipse.m2e.maven.runtime_3.9.400.20230826-0755\jars\maven-compat-3.9.4.jar
2024-03-18 22:35:22,328 [Worker-56: Launching Submit Assessed JavaFX Lab to AutoFeedback (Windows)] INFO  o.eclipse.m2e.core.internal.Bundles - 	Entry: C:\Users\muham\.p2\pool\plugins\org.eclipse.m2e.maven.runtime_3.9.400.20230826-0755\jars\maven-core-3.9.4.jar
2024-03-18 22:35:22,329 [Worker-56: Launching Submit Assessed JavaFX Lab to AutoFeedback (Windows)] INFO  o.eclipse.m2e.core.internal.Bundles - 	Entry: C:\Users\muham\.p2\pool\plugins\org.eclipse.m2e.maven.runtime_3.9.400.20230826-0755\jars\maven-embedder-3.9.4.jar
2024-03-18 22:35:22,329 [Worker-56: Launching Submit Assessed JavaFX Lab to AutoFeedback (Windows)] INFO  o.eclipse.m2e.core.internal.Bundles - 	Entry: C:\Users\muham\.p2\pool\plugins\org.eclipse.m2e.maven.runtime_3.9.400.20230826-0755\jars\maven-model-3.9.4.jar
2024-03-18 22:35:22,330 [Worker-56: Launching Submit Assessed JavaFX Lab to AutoFeedback (Windows)] INFO  o.eclipse.m2e.core.internal.Bundles - 	Entry: C:\Users\muham\.p2\pool\plugins\org.eclipse.m2e.maven.runtime_3.9.400.20230826-0755\jars\maven-model-builder-3.9.4.jar
2024-03-18 22:35:22,330 [Worker-56: Launching Submit Assessed JavaFX Lab to AutoFeedback (Windows)] INFO  o.eclipse.m2e.core.internal.Bundles - 	Entry: C:\Users\muham\.p2\pool\plugins\org.eclipse.m2e.maven.runtime_3.9.400.20230826-0755\jars\maven-plugin-api-3.9.4.jar
2024-03-18 22:35:22,331 [Worker-56: Launching Submit Assessed JavaFX Lab to AutoFeedback (Windows)] INFO  o.eclipse.m2e.core.internal.Bundles - 	Entry: C:\Users\muham\.p2\pool\plugins\org.eclipse.m2e.maven.runtime_3.9.400.20230826-0755\jars\maven-repository-metadata-3.9.4.jar
2024-03-18 22:35:22,331 [Worker-56: Launching Submit Assessed JavaFX Lab to AutoFeedback (Windows)] INFO  o.eclipse.m2e.core.internal.Bundles - 	Entry: C:\Users\muham\.p2\pool\plugins\org.eclipse.m2e.maven.runtime_3.9.400.20230826-0755\jars\maven-resolver-api-1.9.14.jar
2024-03-18 22:35:22,331 [Worker-56: Launching Submit Assessed JavaFX Lab to AutoFeedback (Windows)] INFO  o.eclipse.m2e.core.internal.Bundles - 	Entry: C:\Users\muham\.p2\pool\plugins\org.eclipse.m2e.maven.runtime_3.9.400.20230826-0755\jars\maven-resolver-connector-basic-1.9.14.jar
2024-03-18 22:35:22,331 [Worker-56: Launching Submit Assessed JavaFX Lab to AutoFeedback (Windows)] INFO  o.eclipse.m2e.core.internal.Bundles - 	Entry: C:\Users\muham\.p2\pool\plugins\org.eclipse.m2e.maven.runtime_3.9.400.20230826-0755\jars\maven-resolver-impl-1.9.14.jar
2024-03-18 22:35:22,332 [Worker-56: Launching Submit Assessed JavaFX Lab to AutoFeedback (Windows)] INFO  o.eclipse.m2e.core.internal.Bundles - 	Entry: C:\Users\muham\.p2\pool\plugins\org.eclipse.m2e.maven.runtime_3.9.400.20230826-0755\jars\maven-resolver-named-locks-1.9.14.jar
2024-03-18 22:35:22,333 [Worker-56: Launching Submit Assessed JavaFX Lab to AutoFeedback (Windows)] INFO  o.eclipse.m2e.core.internal.Bundles - 	Entry: C:\Users\muham\.p2\pool\plugins\org.eclipse.m2e.maven.runtime_3.9.400.20230826-0755\jars\maven-resolver-provider-3.9.4.jar
2024-03-18 22:35:22,333 [Worker-56: Launching Submit Assessed JavaFX Lab to AutoFeedback (Windows)] INFO  o.eclipse.m2e.core.internal.Bundles - 	Entry: C:\Users\muham\.p2\pool\plugins\org.eclipse.m2e.maven.runtime_3.9.400.20230826-0755\jars\maven-resolver-spi-1.9.14.jar
2024-03-18 22:35:22,333 [Worker-56: Launching Submit Assessed JavaFX Lab to AutoFeedback (Windows)] INFO  o.eclipse.m2e.core.internal.Bundles - 	Entry: C:\Users\muham\.p2\pool\plugins\org.eclipse.m2e.maven.runtime_3.9.400.20230826-0755\jars\maven-resolver-transport-wagon-1.9.14.jar
2024-03-18 22:35:22,334 [Worker-56: Launching Submit Assessed JavaFX Lab to AutoFeedback (Windows)] INFO  o.eclipse.m2e.core.internal.Bundles - 	Entry: C:\Users\muham\.p2\pool\plugins\org.eclipse.m2e.maven.runtime_3.9.400.20230826-0755\jars\maven-resolver-util-1.9.14.jar
2024-03-18 22:35:22,335 [Worker-56: Launching Submit Assessed JavaFX Lab to AutoFeedback (Windows)] INFO  o.eclipse.m2e.core.internal.Bundles - 	Entry: C:\Users\muham\.p2\pool\plugins\org.eclipse.m2e.maven.runtime_3.9.400.20230826-0755\jars\maven-settings-3.9.4.jar
2024-03-18 22:35:22,335 [Worker-56: Launching Submit Assessed JavaFX Lab to AutoFeedback (Windows)] INFO  o.eclipse.m2e.core.internal.Bundles - 	Entry: C:\Users\muham\.p2\pool\plugins\org.eclipse.m2e.maven.runtime_3.9.400.20230826-0755\jars\maven-settings-builder-3.9.4.jar
2024-03-18 22:35:22,336 [Worker-56: Launching Submit Assessed JavaFX Lab to AutoFeedback (Windows)] INFO  o.eclipse.m2e.core.internal.Bundles - 	Entry: C:\Users\muham\.p2\pool\plugins\org.eclipse.m2e.maven.runtime_3.9.400.20230826-0755\jars\maven-shared-utils-3.3.4.jar
2024-03-18 22:35:22,336 [Worker-56: Launching Submit Assessed JavaFX Lab to AutoFeedback (Windows)] INFO  o.eclipse.m2e.core.internal.Bundles - 	Entry: C:\Users\muham\.p2\pool\plugins\org.eclipse.m2e.maven.runtime_3.9.400.20230826-0755\jars\okhttp-3.14.1.jar
2024-03-18 22:35:22,337 [Worker-56: Launching Submit Assessed JavaFX Lab to AutoFeedback (Windows)] INFO  o.eclipse.m2e.core.internal.Bundles - 	Entry: C:\Users\muham\.p2\pool\plugins\org.eclipse.m2e.maven.runtime_3.9.400.20230826-0755\jars\okio-1.17.3.jar
2024-03-18 22:35:22,337 [Worker-56: Launching Submit Assessed JavaFX Lab to AutoFeedback (Windows)] INFO  o.eclipse.m2e.core.internal.Bundles - 	Entry: C:\Users\muham\.p2\pool\plugins\org.eclipse.m2e.maven.runtime_3.9.400.20230826-0755\jars\org.eclipse.sisu.inject-0.3.5.jar
2024-03-18 22:35:22,337 [Worker-56: Launching Submit Assessed JavaFX Lab to AutoFeedback (Windows)] INFO  o.eclipse.m2e.core.internal.Bundles - 	Entry: C:\Users\muham\.p2\pool\plugins\org.eclipse.m2e.maven.runtime_3.9.400.20230826-0755\jars\org.eclipse.sisu.plexus-0.3.5.jar
2024-03-18 22:35:22,338 [Worker-56: Launching Submit Assessed JavaFX Lab to AutoFeedback (Windows)] INFO  o.eclipse.m2e.core.internal.Bundles - 	Entry: C:\Users\muham\.p2\pool\plugins\org.eclipse.m2e.maven.runtime_3.9.400.20230826-0755\jars\plexus-build-api-0.0.7.jar
2024-03-18 22:35:22,338 [Worker-56: Launching Submit Assessed JavaFX Lab to AutoFeedback (Windows)] INFO  o.eclipse.m2e.core.internal.Bundles - 	Entry: C:\Users\muham\.p2\pool\plugins\org.eclipse.m2e.maven.runtime_3.9.400.20230826-0755\jars\plexus-cipher-2.0.jar
2024-03-18 22:35:22,339 [Worker-56: Launching Submit Assessed JavaFX Lab to AutoFeedback (Windows)] INFO  o.eclipse.m2e.core.internal.Bundles - 	Entry: C:\Users\muham\.p2\pool\plugins\org.eclipse.m2e.maven.runtime_3.9.400.20230826-0755\jars\plexus-classworlds-2.7.0.jar
2024-03-18 22:35:22,339 [Worker-56: Launching Submit Assessed JavaFX Lab to AutoFeedback (Windows)] INFO  o.eclipse.m2e.core.internal.Bundles - 	Entry: C:\Users\muham\.p2\pool\plugins\org.eclipse.m2e.maven.runtime_3.9.400.20230826-0755\jars\plexus-component-annotations-2.1.0.jar
2024-03-18 22:35:22,340 [Worker-56: Launching Submit Assessed JavaFX Lab to AutoFeedback (Windows)] INFO  o.eclipse.m2e.core.internal.Bundles - 	Entry: C:\Users\muham\.p2\pool\plugins\org.eclipse.m2e.maven.runtime_3.9.400.20230826-0755\jars\plexus-interpolation-1.26.jar
2024-03-18 22:35:22,340 [Worker-56: Launching Submit Assessed JavaFX Lab to AutoFeedback (Windows)] INFO  o.eclipse.m2e.core.internal.Bundles - 	Entry: C:\Users\muham\.p2\pool\plugins\org.eclipse.m2e.maven.runtime_3.9.400.20230826-0755\jars\plexus-sec-dispatcher-2.0.jar
2024-03-18 22:35:22,340 [Worker-56: Launching Submit Assessed JavaFX Lab to AutoFeedback (Windows)] INFO  o.eclipse.m2e.core.internal.Bundles - 	Entry: C:\Users\muham\.p2\pool\plugins\org.eclipse.m2e.maven.runtime_3.9.400.20230826-0755\jars\plexus-utils-3.5.1.jar
2024-03-18 22:35:22,341 [Worker-56: Launching Submit Assessed JavaFX Lab to AutoFeedback (Windows)] INFO  o.eclipse.m2e.core.internal.Bundles - 	Entry: C:\Users\muham\.p2\pool\plugins\org.eclipse.m2e.maven.runtime_3.9.400.20230826-0755\jars\wagon-file-3.5.3.jar
2024-03-18 22:35:22,341 [Worker-56: Launching Submit Assessed JavaFX Lab to AutoFeedback (Windows)] INFO  o.eclipse.m2e.core.internal.Bundles - 	Entry: C:\Users\muham\.p2\pool\plugins\org.eclipse.m2e.maven.runtime_3.9.400.20230826-0755\jars\wagon-provider-api-3.5.3.jar
2024-03-18 22:35:22,341 [Worker-56: Launching Submit Assessed JavaFX Lab to AutoFeedback (Windows)] INFO  o.eclipse.m2e.core.internal.Bundles - getClasspathEntries(Bundle=com.google.guava_33.0.0.jre [597])
2024-03-18 22:35:22,343 [Worker-56: Launching Submit Assessed JavaFX Lab to AutoFeedback (Windows)] INFO  o.eclipse.m2e.core.internal.Bundles - 	Entry: C:\Users\muham\.p2\pool\plugins\com.google.guava_33.0.0.jre.jar
2024-03-18 22:35:22,343 [Worker-56: Launching Submit Assessed JavaFX Lab to AutoFeedback (Windows)] INFO  o.eclipse.m2e.core.internal.Bundles - getClasspathEntries(Bundle=slf4j.api_2.0.12 [777])
2024-03-18 22:35:22,343 [Worker-56: Launching Submit Assessed JavaFX Lab to AutoFeedback (Windows)] INFO  o.eclipse.m2e.core.internal.Bundles - 	Entry: C:\Users\muham\.p2\pool\plugins\slf4j.api_2.0.12.jar
2024-03-18 22:35:22,343 [Worker-56: Launching Submit Assessed JavaFX Lab to AutoFeedback (Windows)] INFO  o.eclipse.m2e.core.internal.Bundles - getClasspathEntries(Bundle=javax.inject_1.0.0.v20220405-0441 [26])
2024-03-18 22:35:22,344 [Worker-56: Launching Submit Assessed JavaFX Lab to AutoFeedback (Windows)] INFO  o.eclipse.m2e.core.internal.Bundles - 	Entry: C:\Users\muham\.p2\pool\plugins\javax.inject_1.0.0.v20220405-0441.jar
2024-03-18 22:35:22,344 [Worker-56: Launching Submit Assessed JavaFX Lab to AutoFeedback (Windows)] INFO  o.eclipse.m2e.core.internal.Bundles - getClasspathEntries(Bundle=javax.annotation_1.3.5.v20200909-1856 [24])
2024-03-18 22:35:22,344 [Worker-56: Launching Submit Assessed JavaFX Lab to AutoFeedback (Windows)] INFO  o.eclipse.m2e.core.internal.Bundles - 	Entry: C:\Users\muham\.p2\pool\plugins\javax.annotation_1.3.5.v20200909-1856.jar
2024-03-18 22:35:22,344 [Worker-56: Launching Submit Assessed JavaFX Lab to AutoFeedback (Windows)] INFO  o.eclipse.m2e.core.internal.Bundles - getClasspathEntries(Bundle=org.apache.commons.cli_1.6.0 [609])
2024-03-18 22:35:22,346 [Worker-56: Launching Submit Assessed JavaFX Lab to AutoFeedback (Windows)] INFO  o.eclipse.m2e.core.internal.Bundles - 	Entry: C:\Users\muham\.p2\pool\plugins\org.apache.commons.cli_1.6.0.jar
2024-03-18 22:35:22,346 [Worker-56: Launching Submit Assessed JavaFX Lab to AutoFeedback (Windows)] INFO  o.eclipse.m2e.core.internal.Bundles - getClasspathEntries(Bundle=com.google.guava.failureaccess_1.0.2 [598])
2024-03-18 22:35:22,346 [Worker-56: Launching Submit Assessed JavaFX Lab to AutoFeedback (Windows)] INFO  o.eclipse.m2e.core.internal.Bundles - 	Entry: C:\Users\muham\.p2\pool\plugins\com.google.guava.failureaccess_1.0.2.jar
2024-03-18 22:35:22,351 [Worker-56: Launching Submit Assessed JavaFX Lab to AutoFeedback (Windows)] INFO  o.e.m.i.launch.MavenLaunchDelegate - Run build in "C:\Users\muham\OneDrive - Aston University\Desktop\Comp Sci Degree Docs\Teaching term 2\CS1OOP\JavaWeek20\uk.ac.aston.oop.javafx.assessed":
2024-03-18 22:35:22,351 [Worker-56: Launching Submit Assessed JavaFX Lab to AutoFeedback (Windows)] INFO  o.e.m.i.launch.MavenLaunchDelegate -  mvn  -B -Dstyle.color=always autofeedback:uploadSubmission
2024-03-18 22:41:38,598 [Worker-56: Building] INFO  o.a.m.s.f.DefaultMavenResourcesFiltering - Copying 3 resources from resources to target\classes
2024-03-18 22:41:38,606 [Worker-56: Building] INFO  o.a.m.s.f.DefaultMavenResourcesFiltering - skip non existing resourceDirectory C:\Users\muham\OneDrive - Aston University\Desktop\Comp Sci Degree Docs\Teaching term 2\CS1OOP\JavaWeek20\uk.ac.aston.oop.javafx.assessed\src\test\resources
2024-03-18 22:41:47,962 [Worker-59: Launching Submit Assessed JavaFX Lab to AutoFeedback (Windows)] INFO  o.eclipse.m2e.core.internal.Bundles - getClasspathEntries(Bundle=org.eclipse.m2e.maven.runtime_3.9.400.20230826-0755 [297])
2024-03-18 22:41:47,963 [Worker-59: Launching Submit Assessed JavaFX Lab to AutoFeedback (Windows)] INFO  o.eclipse.m2e.core.internal.Bundles - 	Entry: C:\Users\muham\.p2\pool\plugins\org.eclipse.m2e.maven.runtime_3.9.400.20230826-0755
2024-03-18 22:41:47,963 [Worker-59: Launching Submit Assessed JavaFX Lab to AutoFeedback (Windows)] INFO  o.eclipse.m2e.core.internal.Bundles - 	Entry: C:\Users\muham\.p2\pool\plugins\org.eclipse.m2e.maven.runtime_3.9.400.20230826-0755\jars\aether-connector-okhttp-0.17.8.jar
2024-03-18 22:41:47,965 [Worker-59: Launching Submit Assessed JavaFX Lab to AutoFeedback (Windows)] INFO  o.eclipse.m2e.core.internal.Bundles - 	Entry: C:\Users\muham\.p2\pool\plugins\org.eclipse.m2e.maven.runtime_3.9.400.20230826-0755\jars\aopalliance-1.0.jar
2024-03-18 22:41:47,965 [Worker-59: Launching Submit Assessed JavaFX Lab to AutoFeedback (Windows)] INFO  o.eclipse.m2e.core.internal.Bundles - 	Entry: C:\Users\muham\.p2\pool\plugins\org.eclipse.m2e.maven.runtime_3.9.400.20230826-0755\jars\commons-lang3-3.12.0.jar
2024-03-18 22:41:47,965 [Worker-59: Launching Submit Assessed JavaFX Lab to AutoFeedback (Windows)] INFO  o.eclipse.m2e.core.internal.Bundles - 	Entry: C:\Users\muham\.p2\pool\plugins\org.eclipse.m2e.maven.runtime_3.9.400.20230826-0755\jars\guice-5.1.0.jar
2024-03-18 22:41:47,965 [Worker-59: Launching Submit Assessed JavaFX Lab to AutoFeedback (Windows)] INFO  o.eclipse.m2e.core.internal.Bundles - 	Entry: C:\Users\muham\.p2\pool\plugins\org.eclipse.m2e.maven.runtime_3.9.400.20230826-0755\jars\jansi-2.4.0.jar
2024-03-18 22:41:47,965 [Worker-59: Launching Submit Assessed JavaFX Lab to AutoFeedback (Windows)] INFO  o.eclipse.m2e.core.internal.Bundles - 	Entry: C:\Users\muham\.p2\pool\plugins\org.eclipse.m2e.maven.runtime_3.9.400.20230826-0755\jars\maven-artifact-3.9.4.jar
2024-03-18 22:41:47,965 [Worker-59: Launching Submit Assessed JavaFX Lab to AutoFeedback (Windows)] INFO  o.eclipse.m2e.core.internal.Bundles - 	Entry: C:\Users\muham\.p2\pool\plugins\org.eclipse.m2e.maven.runtime_3.9.400.20230826-0755\jars\maven-builder-support-3.9.4.jar
2024-03-18 22:41:47,966 [Worker-59: Launching Submit Assessed JavaFX Lab to AutoFeedback (Windows)] INFO  o.eclipse.m2e.core.internal.Bundles - 	Entry: C:\Users\muham\.p2\pool\plugins\org.eclipse.m2e.maven.runtime_3.9.400.20230826-0755\jars\maven-compat-3.9.4.jar
2024-03-18 22:41:47,966 [Worker-59: Launching Submit Assessed JavaFX Lab to AutoFeedback (Windows)] INFO  o.eclipse.m2e.core.internal.Bundles - 	Entry: C:\Users\muham\.p2\pool\plugins\org.eclipse.m2e.maven.runtime_3.9.400.20230826-0755\jars\maven-core-3.9.4.jar
2024-03-18 22:41:47,966 [Worker-59: Launching Submit Assessed JavaFX Lab to AutoFeedback (Windows)] INFO  o.eclipse.m2e.core.internal.Bundles - 	Entry: C:\Users\muham\.p2\pool\plugins\org.eclipse.m2e.maven.runtime_3.9.400.20230826-0755\jars\maven-embedder-3.9.4.jar
2024-03-18 22:41:47,966 [Worker-59: Launching Submit Assessed JavaFX Lab to AutoFeedback (Windows)] INFO  o.eclipse.m2e.core.internal.Bundles - 	Entry: C:\Users\muham\.p2\pool\plugins\org.eclipse.m2e.maven.runtime_3.9.400.20230826-0755\jars\maven-model-3.9.4.jar
2024-03-18 22:41:47,966 [Worker-59: Launching Submit Assessed JavaFX Lab to AutoFeedback (Windows)] INFO  o.eclipse.m2e.core.internal.Bundles - 	Entry: C:\Users\muham\.p2\pool\plugins\org.eclipse.m2e.maven.runtime_3.9.400.20230826-0755\jars\maven-model-builder-3.9.4.jar
2024-03-18 22:41:47,966 [Worker-59: Launching Submit Assessed JavaFX Lab to AutoFeedback (Windows)] INFO  o.eclipse.m2e.core.internal.Bundles - 	Entry: C:\Users\muham\.p2\pool\plugins\org.eclipse.m2e.maven.runtime_3.9.400.20230826-0755\jars\maven-plugin-api-3.9.4.jar
2024-03-18 22:41:47,967 [Worker-59: Launching Submit Assessed JavaFX Lab to AutoFeedback (Windows)] INFO  o.eclipse.m2e.core.internal.Bundles - 	Entry: C:\Users\muham\.p2\pool\plugins\org.eclipse.m2e.maven.runtime_3.9.400.20230826-0755\jars\maven-repository-metadata-3.9.4.jar
2024-03-18 22:41:47,968 [Worker-59: Launching Submit Assessed JavaFX Lab to AutoFeedback (Windows)] INFO  o.eclipse.m2e.core.internal.Bundles - 	Entry: C:\Users\muham\.p2\pool\plugins\org.eclipse.m2e.maven.runtime_3.9.400.20230826-0755\jars\maven-resolver-api-1.9.14.jar
2024-03-18 22:41:47,968 [Worker-59: Launching Submit Assessed JavaFX Lab to AutoFeedback (Windows)] INFO  o.eclipse.m2e.core.internal.Bundles - 	Entry: C:\Users\muham\.p2\pool\plugins\org.eclipse.m2e.maven.runtime_3.9.400.20230826-0755\jars\maven-resolver-connector-basic-1.9.14.jar
2024-03-18 22:41:47,968 [Worker-59: Launching Submit Assessed JavaFX Lab to AutoFeedback (Windows)] INFO  o.eclipse.m2e.core.internal.Bundles - 	Entry: C:\Users\muham\.p2\pool\plugins\org.eclipse.m2e.maven.runtime_3.9.400.20230826-0755\jars\maven-resolver-impl-1.9.14.jar
2024-03-18 22:41:47,968 [Worker-59: Launching Submit Assessed JavaFX Lab to AutoFeedback (Windows)] INFO  o.eclipse.m2e.core.internal.Bundles - 	Entry: C:\Users\muham\.p2\pool\plugins\org.eclipse.m2e.maven.runtime_3.9.400.20230826-0755\jars\maven-resolver-named-locks-1.9.14.jar
2024-03-18 22:41:47,968 [Worker-59: Launching Submit Assessed JavaFX Lab to AutoFeedback (Windows)] INFO  o.eclipse.m2e.core.internal.Bundles - 	Entry: C:\Users\muham\.p2\pool\plugins\org.eclipse.m2e.maven.runtime_3.9.400.20230826-0755\jars\maven-resolver-provider-3.9.4.jar
2024-03-18 22:41:47,969 [Worker-59: Launching Submit Assessed JavaFX Lab to AutoFeedback (Windows)] INFO  o.eclipse.m2e.core.internal.Bundles - 	Entry: C:\Users\muham\.p2\pool\plugins\org.eclipse.m2e.maven.runtime_3.9.400.20230826-0755\jars\maven-resolver-spi-1.9.14.jar
2024-03-18 22:41:47,969 [Worker-59: Launching Submit Assessed JavaFX Lab to AutoFeedback (Windows)] INFO  o.eclipse.m2e.core.internal.Bundles - 	Entry: C:\Users\muham\.p2\pool\plugins\org.eclipse.m2e.maven.runtime_3.9.400.20230826-0755\jars\maven-resolver-transport-wagon-1.9.14.jar
2024-03-18 22:41:47,969 [Worker-59: Launching Submit Assessed JavaFX Lab to AutoFeedback (Windows)] INFO  o.eclipse.m2e.core.internal.Bundles - 	Entry: C:\Users\muham\.p2\pool\plugins\org.eclipse.m2e.maven.runtime_3.9.400.20230826-0755\jars\maven-resolver-util-1.9.14.jar
2024-03-18 22:41:47,969 [Worker-59: Launching Submit Assessed JavaFX Lab to AutoFeedback (Windows)] INFO  o.eclipse.m2e.core.internal.Bundles - 	Entry: C:\Users\muham\.p2\pool\plugins\org.eclipse.m2e.maven.runtime_3.9.400.20230826-0755\jars\maven-settings-3.9.4.jar
2024-03-18 22:41:47,969 [Worker-59: Launching Submit Assessed JavaFX Lab to AutoFeedback (Windows)] INFO  o.eclipse.m2e.core.internal.Bundles - 	Entry: C:\Users\muham\.p2\pool\plugins\org.eclipse.m2e.maven.runtime_3.9.400.20230826-0755\jars\maven-settings-builder-3.9.4.jar
2024-03-18 22:41:47,970 [Worker-59: Launching Submit Assessed JavaFX Lab to AutoFeedback (Windows)] INFO  o.eclipse.m2e.core.internal.Bundles - 	Entry: C:\Users\muham\.p2\pool\plugins\org.eclipse.m2e.maven.runtime_3.9.400.20230826-0755\jars\maven-shared-utils-3.3.4.jar
2024-03-18 22:41:47,970 [Worker-59: Launching Submit Assessed JavaFX Lab to AutoFeedback (Windows)] INFO  o.eclipse.m2e.core.internal.Bundles - 	Entry: C:\Users\muham\.p2\pool\plugins\org.eclipse.m2e.maven.runtime_3.9.400.20230826-0755\jars\okhttp-3.14.1.jar
2024-03-18 22:41:47,970 [Worker-59: Launching Submit Assessed JavaFX Lab to AutoFeedback (Windows)] INFO  o.eclipse.m2e.core.internal.Bundles - 	Entry: C:\Users\muham\.p2\pool\plugins\org.eclipse.m2e.maven.runtime_3.9.400.20230826-0755\jars\okio-1.17.3.jar
2024-03-18 22:41:47,971 [Worker-59: Launching Submit Assessed JavaFX Lab to AutoFeedback (Windows)] INFO  o.eclipse.m2e.core.internal.Bundles - 	Entry: C:\Users\muham\.p2\pool\plugins\org.eclipse.m2e.maven.runtime_3.9.400.20230826-0755\jars\org.eclipse.sisu.inject-0.3.5.jar
2024-03-18 22:41:47,971 [Worker-59: Launching Submit Assessed JavaFX Lab to AutoFeedback (Windows)] INFO  o.eclipse.m2e.core.internal.Bundles - 	Entry: C:\Users\muham\.p2\pool\plugins\org.eclipse.m2e.maven.runtime_3.9.400.20230826-0755\jars\org.eclipse.sisu.plexus-0.3.5.jar
2024-03-18 22:41:47,971 [Worker-59: Launching Submit Assessed JavaFX Lab to AutoFeedback (Windows)] INFO  o.eclipse.m2e.core.internal.Bundles - 	Entry: C:\Users\muham\.p2\pool\plugins\org.eclipse.m2e.maven.runtime_3.9.400.20230826-0755\jars\plexus-build-api-0.0.7.jar
2024-03-18 22:41:47,971 [Worker-59: Launching Submit Assessed JavaFX Lab to AutoFeedback (Windows)] INFO  o.eclipse.m2e.core.internal.Bundles - 	Entry: C:\Users\muham\.p2\pool\plugins\org.eclipse.m2e.maven.runtime_3.9.400.20230826-0755\jars\plexus-cipher-2.0.jar
2024-03-18 22:41:47,971 [Worker-59: Launching Submit Assessed JavaFX Lab to AutoFeedback (Windows)] INFO  o.eclipse.m2e.core.internal.Bundles - 	Entry: C:\Users\muham\.p2\pool\plugins\org.eclipse.m2e.maven.runtime_3.9.400.20230826-0755\jars\plexus-classworlds-2.7.0.jar
2024-03-18 22:41:47,973 [Worker-59: Launching Submit Assessed JavaFX Lab to AutoFeedback (Windows)] INFO  o.eclipse.m2e.core.internal.Bundles - 	Entry: C:\Users\muham\.p2\pool\plugins\org.eclipse.m2e.maven.runtime_3.9.400.20230826-0755\jars\plexus-component-annotations-2.1.0.jar
2024-03-18 22:41:47,973 [Worker-59: Launching Submit Assessed JavaFX Lab to AutoFeedback (Windows)] INFO  o.eclipse.m2e.core.internal.Bundles - 	Entry: C:\Users\muham\.p2\pool\plugins\org.eclipse.m2e.maven.runtime_3.9.400.20230826-0755\jars\plexus-interpolation-1.26.jar
2024-03-18 22:41:47,973 [Worker-59: Launching Submit Assessed JavaFX Lab to AutoFeedback (Windows)] INFO  o.eclipse.m2e.core.internal.Bundles - 	Entry: C:\Users\muham\.p2\pool\plugins\org.eclipse.m2e.maven.runtime_3.9.400.20230826-0755\jars\plexus-sec-dispatcher-2.0.jar
2024-03-18 22:41:47,974 [Worker-59: Launching Submit Assessed JavaFX Lab to AutoFeedback (Windows)] INFO  o.eclipse.m2e.core.internal.Bundles - 	Entry: C:\Users\muham\.p2\pool\plugins\org.eclipse.m2e.maven.runtime_3.9.400.20230826-0755\jars\plexus-utils-3.5.1.jar
2024-03-18 22:41:47,975 [Worker-59: Launching Submit Assessed JavaFX Lab to AutoFeedback (Windows)] INFO  o.eclipse.m2e.core.internal.Bundles - 	Entry: C:\Users\muham\.p2\pool\plugins\org.eclipse.m2e.maven.runtime_3.9.400.20230826-0755\jars\wagon-file-3.5.3.jar
2024-03-18 22:41:47,975 [Worker-59: Launching Submit Assessed JavaFX Lab to AutoFeedback (Windows)] INFO  o.eclipse.m2e.core.internal.Bundles - 	Entry: C:\Users\muham\.p2\pool\plugins\org.eclipse.m2e.maven.runtime_3.9.400.20230826-0755\jars\wagon-provider-api-3.5.3.jar
2024-03-18 22:41:47,976 [Worker-59: Launching Submit Assessed JavaFX Lab to AutoFeedback (Windows)] INFO  o.eclipse.m2e.core.internal.Bundles - getClasspathEntries(Bundle=com.google.guava_33.0.0.jre [597])
2024-03-18 22:41:47,977 [Worker-59: Launching Submit Assessed JavaFX Lab to AutoFeedback (Windows)] INFO  o.eclipse.m2e.core.internal.Bundles - 	Entry: C:\Users\muham\.p2\pool\plugins\com.google.guava_33.0.0.jre.jar
2024-03-18 22:41:47,977 [Worker-59: Launching Submit Assessed JavaFX Lab to AutoFeedback (Windows)] INFO  o.eclipse.m2e.core.internal.Bundles - getClasspathEntries(Bundle=slf4j.api_2.0.12 [777])
2024-03-18 22:41:47,978 [Worker-59: Launching Submit Assessed JavaFX Lab to AutoFeedback (Windows)] INFO  o.eclipse.m2e.core.internal.Bundles - 	Entry: C:\Users\muham\.p2\pool\plugins\slf4j.api_2.0.12.jar
2024-03-18 22:41:47,978 [Worker-59: Launching Submit Assessed JavaFX Lab to AutoFeedback (Windows)] INFO  o.eclipse.m2e.core.internal.Bundles - getClasspathEntries(Bundle=javax.inject_1.0.0.v20220405-0441 [26])
2024-03-18 22:41:47,978 [Worker-59: Launching Submit Assessed JavaFX Lab to AutoFeedback (Windows)] INFO  o.eclipse.m2e.core.internal.Bundles - 	Entry: C:\Users\muham\.p2\pool\plugins\javax.inject_1.0.0.v20220405-0441.jar
2024-03-18 22:41:47,979 [Worker-59: Launching Submit Assessed JavaFX Lab to AutoFeedback (Windows)] INFO  o.eclipse.m2e.core.internal.Bundles - getClasspathEntries(Bundle=javax.annotation_1.3.5.v20200909-1856 [24])
2024-03-18 22:41:47,979 [Worker-59: Launching Submit Assessed JavaFX Lab to AutoFeedback (Windows)] INFO  o.eclipse.m2e.core.internal.Bundles - 	Entry: C:\Users\muham\.p2\pool\plugins\javax.annotation_1.3.5.v20200909-1856.jar
2024-03-18 22:41:47,979 [Worker-59: Launching Submit Assessed JavaFX Lab to AutoFeedback (Windows)] INFO  o.eclipse.m2e.core.internal.Bundles - getClasspathEntries(Bundle=org.apache.commons.cli_1.6.0 [609])
2024-03-18 22:41:47,980 [Worker-59: Launching Submit Assessed JavaFX Lab to AutoFeedback (Windows)] INFO  o.eclipse.m2e.core.internal.Bundles - 	Entry: C:\Users\muham\.p2\pool\plugins\org.apache.commons.cli_1.6.0.jar
2024-03-18 22:41:47,980 [Worker-59: Launching Submit Assessed JavaFX Lab to AutoFeedback (Windows)] INFO  o.eclipse.m2e.core.internal.Bundles - getClasspathEntries(Bundle=com.google.guava.failureaccess_1.0.2 [598])
2024-03-18 22:41:47,981 [Worker-59: Launching Submit Assessed JavaFX Lab to AutoFeedback (Windows)] INFO  o.eclipse.m2e.core.internal.Bundles - 	Entry: C:\Users\muham\.p2\pool\plugins\com.google.guava.failureaccess_1.0.2.jar
2024-03-18 22:41:47,983 [Worker-59: Launching Submit Assessed JavaFX Lab to AutoFeedback (Windows)] INFO  o.e.m.i.launch.MavenLaunchDelegate - Run build in "C:\Users\muham\OneDrive - Aston University\Desktop\Comp Sci Degree Docs\Teaching term 2\CS1OOP\JavaWeek20\uk.ac.aston.oop.javafx.assessed":
2024-03-18 22:41:47,985 [Worker-59: Launching Submit Assessed JavaFX Lab to AutoFeedback (Windows)] INFO  o.e.m.i.launch.MavenLaunchDelegate -  mvn  -B -Dstyle.color=always autofeedback:uploadSubmission
2024-03-18 22:45:18,473 [Worker-68: Launching Submit Assessed JavaFX Lab to AutoFeedback (Windows)] INFO  o.eclipse.m2e.core.internal.Bundles - getClasspathEntries(Bundle=org.eclipse.m2e.maven.runtime_3.9.400.20230826-0755 [297])
2024-03-18 22:45:18,475 [Worker-68: Launching Submit Assessed JavaFX Lab to AutoFeedback (Windows)] INFO  o.eclipse.m2e.core.internal.Bundles - 	Entry: C:\Users\muham\.p2\pool\plugins\org.eclipse.m2e.maven.runtime_3.9.400.20230826-0755
2024-03-18 22:45:18,475 [Worker-68: Launching Submit Assessed JavaFX Lab to AutoFeedback (Windows)] INFO  o.eclipse.m2e.core.internal.Bundles - 	Entry: C:\Users\muham\.p2\pool\plugins\org.eclipse.m2e.maven.runtime_3.9.400.20230826-0755\jars\aether-connector-okhttp-0.17.8.jar
2024-03-18 22:45:18,475 [Worker-68: Launching Submit Assessed JavaFX Lab to AutoFeedback (Windows)] INFO  o.eclipse.m2e.core.internal.Bundles - 	Entry: C:\Users\muham\.p2\pool\plugins\org.eclipse.m2e.maven.runtime_3.9.400.20230826-0755\jars\aopalliance-1.0.jar
2024-03-18 22:45:18,476 [Worker-68: Launching Submit Assessed JavaFX Lab to AutoFeedback (Windows)] INFO  o.eclipse.m2e.core.internal.Bundles - 	Entry: C:\Users\muham\.p2\pool\plugins\org.eclipse.m2e.maven.runtime_3.9.400.20230826-0755\jars\commons-lang3-3.12.0.jar
2024-03-18 22:45:18,476 [Worker-68: Launching Submit Assessed JavaFX Lab to AutoFeedback (Windows)] INFO  o.eclipse.m2e.core.internal.Bundles - 	Entry: C:\Users\muham\.p2\pool\plugins\org.eclipse.m2e.maven.runtime_3.9.400.20230826-0755\jars\guice-5.1.0.jar
2024-03-18 22:45:18,477 [Worker-68: Launching Submit Assessed JavaFX Lab to AutoFeedback (Windows)] INFO  o.eclipse.m2e.core.internal.Bundles - 	Entry: C:\Users\muham\.p2\pool\plugins\org.eclipse.m2e.maven.runtime_3.9.400.20230826-0755\jars\jansi-2.4.0.jar
2024-03-18 22:45:18,477 [Worker-68: Launching Submit Assessed JavaFX Lab to AutoFeedback (Windows)] INFO  o.eclipse.m2e.core.internal.Bundles - 	Entry: C:\Users\muham\.p2\pool\plugins\org.eclipse.m2e.maven.runtime_3.9.400.20230826-0755\jars\maven-artifact-3.9.4.jar
2024-03-18 22:45:18,477 [Worker-68: Launching Submit Assessed JavaFX Lab to AutoFeedback (Windows)] INFO  o.eclipse.m2e.core.internal.Bundles - 	Entry: C:\Users\muham\.p2\pool\plugins\org.eclipse.m2e.maven.runtime_3.9.400.20230826-0755\jars\maven-builder-support-3.9.4.jar
2024-03-18 22:45:18,478 [Worker-68: Launching Submit Assessed JavaFX Lab to AutoFeedback (Windows)] INFO  o.eclipse.m2e.core.internal.Bundles - 	Entry: C:\Users\muham\.p2\pool\plugins\org.eclipse.m2e.maven.runtime_3.9.400.20230826-0755\jars\maven-compat-3.9.4.jar
2024-03-18 22:45:18,478 [Worker-68: Launching Submit Assessed JavaFX Lab to AutoFeedback (Windows)] INFO  o.eclipse.m2e.core.internal.Bundles - 	Entry: C:\Users\muham\.p2\pool\plugins\org.eclipse.m2e.maven.runtime_3.9.400.20230826-0755\jars\maven-core-3.9.4.jar
2024-03-18 22:45:18,479 [Worker-68: Launching Submit Assessed JavaFX Lab to AutoFeedback (Windows)] INFO  o.eclipse.m2e.core.internal.Bundles - 	Entry: C:\Users\muham\.p2\pool\plugins\org.eclipse.m2e.maven.runtime_3.9.400.20230826-0755\jars\maven-embedder-3.9.4.jar
2024-03-18 22:45:18,479 [Worker-68: Launching Submit Assessed JavaFX Lab to AutoFeedback (Windows)] INFO  o.eclipse.m2e.core.internal.Bundles - 	Entry: C:\Users\muham\.p2\pool\plugins\org.eclipse.m2e.maven.runtime_3.9.400.20230826-0755\jars\maven-model-3.9.4.jar
2024-03-18 22:45:18,479 [Worker-68: Launching Submit Assessed JavaFX Lab to AutoFeedback (Windows)] INFO  o.eclipse.m2e.core.internal.Bundles - 	Entry: C:\Users\muham\.p2\pool\plugins\org.eclipse.m2e.maven.runtime_3.9.400.20230826-0755\jars\maven-model-builder-3.9.4.jar
2024-03-18 22:45:18,479 [Worker-68: Launching Submit Assessed JavaFX Lab to AutoFeedback (Windows)] INFO  o.eclipse.m2e.core.internal.Bundles - 	Entry: C:\Users\muham\.p2\pool\plugins\org.eclipse.m2e.maven.runtime_3.9.400.20230826-0755\jars\maven-plugin-api-3.9.4.jar
2024-03-18 22:45:18,480 [Worker-68: Launching Submit Assessed JavaFX Lab to AutoFeedback (Windows)] INFO  o.eclipse.m2e.core.internal.Bundles - 	Entry: C:\Users\muham\.p2\pool\plugins\org.eclipse.m2e.maven.runtime_3.9.400.20230826-0755\jars\maven-repository-metadata-3.9.4.jar
2024-03-18 22:45:18,480 [Worker-68: Launching Submit Assessed JavaFX Lab to AutoFeedback (Windows)] INFO  o.eclipse.m2e.core.internal.Bundles - 	Entry: C:\Users\muham\.p2\pool\plugins\org.eclipse.m2e.maven.runtime_3.9.400.20230826-0755\jars\maven-resolver-api-1.9.14.jar
2024-03-18 22:45:18,480 [Worker-68: Launching Submit Assessed JavaFX Lab to AutoFeedback (Windows)] INFO  o.eclipse.m2e.core.internal.Bundles - 	Entry: C:\Users\muham\.p2\pool\plugins\org.eclipse.m2e.maven.runtime_3.9.400.20230826-0755\jars\maven-resolver-connector-basic-1.9.14.jar
2024-03-18 22:45:18,481 [Worker-68: Launching Submit Assessed JavaFX Lab to AutoFeedback (Windows)] INFO  o.eclipse.m2e.core.internal.Bundles - 	Entry: C:\Users\muham\.p2\pool\plugins\org.eclipse.m2e.maven.runtime_3.9.400.20230826-0755\jars\maven-resolver-impl-1.9.14.jar
2024-03-18 22:45:18,481 [Worker-68: Launching Submit Assessed JavaFX Lab to AutoFeedback (Windows)] INFO  o.eclipse.m2e.core.internal.Bundles - 	Entry: C:\Users\muham\.p2\pool\plugins\org.eclipse.m2e.maven.runtime_3.9.400.20230826-0755\jars\maven-resolver-named-locks-1.9.14.jar
2024-03-18 22:45:18,482 [Worker-68: Launching Submit Assessed JavaFX Lab to AutoFeedback (Windows)] INFO  o.eclipse.m2e.core.internal.Bundles - 	Entry: C:\Users\muham\.p2\pool\plugins\org.eclipse.m2e.maven.runtime_3.9.400.20230826-0755\jars\maven-resolver-provider-3.9.4.jar
2024-03-18 22:45:18,482 [Worker-68: Launching Submit Assessed JavaFX Lab to AutoFeedback (Windows)] INFO  o.eclipse.m2e.core.internal.Bundles - 	Entry: C:\Users\muham\.p2\pool\plugins\org.eclipse.m2e.maven.runtime_3.9.400.20230826-0755\jars\maven-resolver-spi-1.9.14.jar
2024-03-18 22:45:18,482 [Worker-68: Launching Submit Assessed JavaFX Lab to AutoFeedback (Windows)] INFO  o.eclipse.m2e.core.internal.Bundles - 	Entry: C:\Users\muham\.p2\pool\plugins\org.eclipse.m2e.maven.runtime_3.9.400.20230826-0755\jars\maven-resolver-transport-wagon-1.9.14.jar
2024-03-18 22:45:18,483 [Worker-68: Launching Submit Assessed JavaFX Lab to AutoFeedback (Windows)] INFO  o.eclipse.m2e.core.internal.Bundles - 	Entry: C:\Users\muham\.p2\pool\plugins\org.eclipse.m2e.maven.runtime_3.9.400.20230826-0755\jars\maven-resolver-util-1.9.14.jar
2024-03-18 22:45:18,483 [Worker-68: Launching Submit Assessed JavaFX Lab to AutoFeedback (Windows)] INFO  o.eclipse.m2e.core.internal.Bundles - 	Entry: C:\Users\muham\.p2\pool\plugins\org.eclipse.m2e.maven.runtime_3.9.400.20230826-0755\jars\maven-settings-3.9.4.jar
2024-03-18 22:45:18,484 [Worker-68: Launching Submit Assessed JavaFX Lab to AutoFeedback (Windows)] INFO  o.eclipse.m2e.core.internal.Bundles - 	Entry: C:\Users\muham\.p2\pool\plugins\org.eclipse.m2e.maven.runtime_3.9.400.20230826-0755\jars\maven-settings-builder-3.9.4.jar
2024-03-18 22:45:18,484 [Worker-68: Launching Submit Assessed JavaFX Lab to AutoFeedback (Windows)] INFO  o.eclipse.m2e.core.internal.Bundles - 	Entry: C:\Users\muham\.p2\pool\plugins\org.eclipse.m2e.maven.runtime_3.9.400.20230826-0755\jars\maven-shared-utils-3.3.4.jar
2024-03-18 22:45:18,487 [Worker-68: Launching Submit Assessed JavaFX Lab to AutoFeedback (Windows)] INFO  o.eclipse.m2e.core.internal.Bundles - 	Entry: C:\Users\muham\.p2\pool\plugins\org.eclipse.m2e.maven.runtime_3.9.400.20230826-0755\jars\okhttp-3.14.1.jar
2024-03-18 22:45:18,487 [Worker-68: Launching Submit Assessed JavaFX Lab to AutoFeedback (Windows)] INFO  o.eclipse.m2e.core.internal.Bundles - 	Entry: C:\Users\muham\.p2\pool\plugins\org.eclipse.m2e.maven.runtime_3.9.400.20230826-0755\jars\okio-1.17.3.jar
2024-03-18 22:45:18,489 [Worker-68: Launching Submit Assessed JavaFX Lab to AutoFeedback (Windows)] INFO  o.eclipse.m2e.core.internal.Bundles - 	Entry: C:\Users\muham\.p2\pool\plugins\org.eclipse.m2e.maven.runtime_3.9.400.20230826-0755\jars\org.eclipse.sisu.inject-0.3.5.jar
2024-03-18 22:45:18,490 [Worker-68: Launching Submit Assessed JavaFX Lab to AutoFeedback (Windows)] INFO  o.eclipse.m2e.core.internal.Bundles - 	Entry: C:\Users\muham\.p2\pool\plugins\org.eclipse.m2e.maven.runtime_3.9.400.20230826-0755\jars\org.eclipse.sisu.plexus-0.3.5.jar
2024-03-18 22:45:18,490 [Worker-68: Launching Submit Assessed JavaFX Lab to AutoFeedback (Windows)] INFO  o.eclipse.m2e.core.internal.Bundles - 	Entry: C:\Users\muham\.p2\pool\plugins\org.eclipse.m2e.maven.runtime_3.9.400.20230826-0755\jars\plexus-build-api-0.0.7.jar
2024-03-18 22:45:18,490 [Worker-68: Launching Submit Assessed JavaFX Lab to AutoFeedback (Windows)] INFO  o.eclipse.m2e.core.internal.Bundles - 	Entry: C:\Users\muham\.p2\pool\plugins\org.eclipse.m2e.maven.runtime_3.9.400.20230826-0755\jars\plexus-cipher-2.0.jar
2024-03-18 22:45:18,491 [Worker-68: Launching Submit Assessed JavaFX Lab to AutoFeedback (Windows)] INFO  o.eclipse.m2e.core.internal.Bundles - 	Entry: C:\Users\muham\.p2\pool\plugins\org.eclipse.m2e.maven.runtime_3.9.400.20230826-0755\jars\plexus-classworlds-2.7.0.jar
2024-03-18 22:45:18,491 [Worker-68: Launching Submit Assessed JavaFX Lab to AutoFeedback (Windows)] INFO  o.eclipse.m2e.core.internal.Bundles - 	Entry: C:\Users\muham\.p2\pool\plugins\org.eclipse.m2e.maven.runtime_3.9.400.20230826-0755\jars\plexus-component-annotations-2.1.0.jar
2024-03-18 22:45:18,492 [Worker-68: Launching Submit Assessed JavaFX Lab to AutoFeedback (Windows)] INFO  o.eclipse.m2e.core.internal.Bundles - 	Entry: C:\Users\muham\.p2\pool\plugins\org.eclipse.m2e.maven.runtime_3.9.400.20230826-0755\jars\plexus-interpolation-1.26.jar
2024-03-18 22:45:18,493 [Worker-68: Launching Submit Assessed JavaFX Lab to AutoFeedback (Windows)] INFO  o.eclipse.m2e.core.internal.Bundles - 	Entry: C:\Users\muham\.p2\pool\plugins\org.eclipse.m2e.maven.runtime_3.9.400.20230826-0755\jars\plexus-sec-dispatcher-2.0.jar
2024-03-18 22:45:18,493 [Worker-68: Launching Submit Assessed JavaFX Lab to AutoFeedback (Windows)] INFO  o.eclipse.m2e.core.internal.Bundles - 	Entry: C:\Users\muham\.p2\pool\plugins\org.eclipse.m2e.maven.runtime_3.9.400.20230826-0755\jars\plexus-utils-3.5.1.jar
2024-03-18 22:45:18,493 [Worker-68: Launching Submit Assessed JavaFX Lab to AutoFeedback (Windows)] INFO  o.eclipse.m2e.core.internal.Bundles - 	Entry: C:\Users\muham\.p2\pool\plugins\org.eclipse.m2e.maven.runtime_3.9.400.20230826-0755\jars\wagon-file-3.5.3.jar
2024-03-18 22:45:18,494 [Worker-68: Launching Submit Assessed JavaFX Lab to AutoFeedback (Windows)] INFO  o.eclipse.m2e.core.internal.Bundles - 	Entry: C:\Users\muham\.p2\pool\plugins\org.eclipse.m2e.maven.runtime_3.9.400.20230826-0755\jars\wagon-provider-api-3.5.3.jar
2024-03-18 22:45:18,494 [Worker-68: Launching Submit Assessed JavaFX Lab to AutoFeedback (Windows)] INFO  o.eclipse.m2e.core.internal.Bundles - getClasspathEntries(Bundle=com.google.guava_33.0.0.jre [597])
2024-03-18 22:45:18,495 [Worker-68: Launching Submit Assessed JavaFX Lab to AutoFeedback (Windows)] INFO  o.eclipse.m2e.core.internal.Bundles - 	Entry: C:\Users\muham\.p2\pool\plugins\com.google.guava_33.0.0.jre.jar
2024-03-18 22:45:18,495 [Worker-68: Launching Submit Assessed JavaFX Lab to AutoFeedback (Windows)] INFO  o.eclipse.m2e.core.internal.Bundles - getClasspathEntries(Bundle=slf4j.api_2.0.12 [777])
2024-03-18 22:45:18,496 [Worker-68: Launching Submit Assessed JavaFX Lab to AutoFeedback (Windows)] INFO  o.eclipse.m2e.core.internal.Bundles - 	Entry: C:\Users\muham\.p2\pool\plugins\slf4j.api_2.0.12.jar
2024-03-18 22:45:18,496 [Worker-68: Launching Submit Assessed JavaFX Lab to AutoFeedback (Windows)] INFO  o.eclipse.m2e.core.internal.Bundles - getClasspathEntries(Bundle=javax.inject_1.0.0.v20220405-0441 [26])
2024-03-18 22:45:18,497 [Worker-68: Launching Submit Assessed JavaFX Lab to AutoFeedback (Windows)] INFO  o.eclipse.m2e.core.internal.Bundles - 	Entry: C:\Users\muham\.p2\pool\plugins\javax.inject_1.0.0.v20220405-0441.jar
2024-03-18 22:45:18,497 [Worker-68: Launching Submit Assessed JavaFX Lab to AutoFeedback (Windows)] INFO  o.eclipse.m2e.core.internal.Bundles - getClasspathEntries(Bundle=javax.annotation_1.3.5.v20200909-1856 [24])
2024-03-18 22:45:18,498 [Worker-68: Launching Submit Assessed JavaFX Lab to AutoFeedback (Windows)] INFO  o.eclipse.m2e.core.internal.Bundles - 	Entry: C:\Users\muham\.p2\pool\plugins\javax.annotation_1.3.5.v20200909-1856.jar
2024-03-18 22:45:18,498 [Worker-68: Launching Submit Assessed JavaFX Lab to AutoFeedback (Windows)] INFO  o.eclipse.m2e.core.internal.Bundles - getClasspathEntries(Bundle=org.apache.commons.cli_1.6.0 [609])
2024-03-18 22:45:18,499 [Worker-68: Launching Submit Assessed JavaFX Lab to AutoFeedback (Windows)] INFO  o.eclipse.m2e.core.internal.Bundles - 	Entry: C:\Users\muham\.p2\pool\plugins\org.apache.commons.cli_1.6.0.jar
2024-03-18 22:45:18,499 [Worker-68: Launching Submit Assessed JavaFX Lab to AutoFeedback (Windows)] INFO  o.eclipse.m2e.core.internal.Bundles - getClasspathEntries(Bundle=com.google.guava.failureaccess_1.0.2 [598])
2024-03-18 22:45:18,499 [Worker-68: Launching Submit Assessed JavaFX Lab to AutoFeedback (Windows)] INFO  o.eclipse.m2e.core.internal.Bundles - 	Entry: C:\Users\muham\.p2\pool\plugins\com.google.guava.failureaccess_1.0.2.jar
2024-03-18 22:45:18,502 [Worker-68: Launching Submit Assessed JavaFX Lab to AutoFeedback (Windows)] INFO  o.e.m.i.launch.MavenLaunchDelegate - Run build in "C:\Users\muham\OneDrive - Aston University\Desktop\Comp Sci Degree Docs\Teaching term 2\CS1OOP\JavaWeek20\uk.ac.aston.oop.javafx.assessed":
2024-03-18 22:45:18,502 [Worker-68: Launching Submit Assessed JavaFX Lab to AutoFeedback (Windows)] INFO  o.e.m.i.launch.MavenLaunchDelegate -  mvn  -B -Dstyle.color=always autofeedback:uploadSubmission
2024-03-18 22:48:15,912 [Worker-69: Building] INFO  o.a.m.s.f.DefaultMavenResourcesFiltering - Copying 1 resource from resources to target\classes
2024-03-18 22:48:15,924 [Worker-69: Building] INFO  o.a.m.s.f.DefaultMavenResourcesFiltering - skip non existing resourceDirectory C:\Users\muham\OneDrive - Aston University\Desktop\Comp Sci Degree Docs\Teaching term 2\CS1OOP\JavaWeek20\uk.ac.aston.oop.javafx.assessed\src\test\resources
